#
# There is insufficient memory for the Java Runtime Environment to continue.
# Native memory allocation (malloc) failed to allocate 1925616 bytes for Chunk::new
# Possible reasons:
#   The system is out of physical RAM or swap space
#   The process is running with CompressedOops enabled, and the Java Heap may be blocking the growth of the native heap
# Possible solutions:
#   Reduce memory load on the system
#   Increase physical memory or swap space
#   Check if swap backing store is full
#   Decrease Java heap size (-Xmx/-Xms)
#   Decrease number of Java threads
#   Decrease Java thread stack sizes (-Xss)
#   Set larger code cache with -XX:ReservedCodeCacheSize=
#   JVM is running with Unscaled Compressed Oops mode in which the Java heap is
#     placed in the first 4GB address space. The Java Heap base address is the
#     maximum limit for the native heap growth. Please use -XX:HeapBaseMinAddress
#     to set the Java Heap base and to place the Java Heap above 4GB virtual address.
# This output file may be truncated or incomplete.
#
#  Out of Memory Error (arena.cpp:189), pid=21980, tid=8408
#
# JRE version: OpenJDK Runtime Environment JBR-17.0.8+7-1000.22-nomod (17.0.8+7) (build 17.0.8+7-b1000.22)
# Java VM: OpenJDK 64-Bit Server VM JBR-17.0.8+7-1000.22-nomod (17.0.8+7-b1000.22, mixed mode, tiered, compressed oops, compressed class ptrs, g1 gc, windows-amd64)
# No core dump will be written. Minidumps are not enabled by default on client versions of Windows
#

---------------  S U M M A R Y ------------

Command Line: -Didea.new.sampling.coverage=true -Djava.awt.headless=true -Dorg.gradle.internal.worker.tmpdir=C:\Users\admin\Desktop\Year 1 Semester 2\Software Design Methodologies\Group Project\ga-23s2\src\BookPlaza\app\build\tmp\testDebugUnitTest\work -Dorg.gradle.native=false -javaagent:C:\Users\admin\AppData\Local\JetBrains\IdeaIC2023.2\testAgent\intellij-coverage-agent-1.0.723.jar=C:\Users\admin\AppData\Local\Temp\coverage12576args -Xmx512m -Dfile.encoding=UTF-8 -Duser.country=CA -Duser.language=fr -Duser.variant -ea worker.org.gradle.process.internal.worker.GradleWorkerMain 'Gradle Test Executor 34'

Host: AMD Ryzen 7 5800H with Radeon Graphics         , 16 cores, 15G,  Windows 11 , 64 bit Build 22621 (10.0.22621.2428)
Time: Mon Oct 16 04:06:00 2023 AUS (Est) (heure dit Build 22621 (10.0.22621.2428) elapsed time: 1.003195 seconds (0d 0h 0m 1s)

---------------  T H R E A D  ---------------

Current thread (0x000001edacc707e0):  JavaThread "C2 CompilerThread3" daemon [_thread_in_native, id=8408, stack(0x000000921cb00000,0x000000921cc00000)]


Current CompileTask:
C2:   1003 1100       4       org.jetbrains.coverage.org.objectweb.asm.ClassReader::readCode (5117 bytes)

Stack: [0x000000921cb00000,0x000000921cc00000]
Native frames: (J=compiled Java code, j=interpreted, Vv=VM code, C=native code)
V  [jvm.dll+0x6852da]
V  [jvm.dll+0x844c84]
V  [jvm.dll+0x84659e]
V  [jvm.dll+0x846c03]
V  [jvm.dll+0x24b7cf]
V  [jvm.dll+0xac3bc]
V  [jvm.dll+0xac98c]
V  [jvm.dll+0x36af42]
V  [jvm.dll+0x1be352]
V  [jvm.dll+0x21d949]
V  [jvm.dll+0x21cc11]
V  [jvm.dll+0x1a660d]
V  [jvm.dll+0x22c9c8]
V  [jvm.dll+0x22a990]
V  [jvm.dll+0x7f9d3c]
V  [jvm.dll+0x7f415a]
V  [jvm.dll+0x684115]
C  [ucrtbase.dll+0x29363]
C  [KERNEL32.DLL+0x1257d]
C  [ntdll.dll+0x5aa78]


---------------  P R O C E S S  ---------------

Threads class SMR info:
_java_thread_list=0x000001edaddda7b0, length=24, elements={
0x000001ed90af6100, 0x000001edac030430, 0x000001edac0311c0, 0x000001edac07b030,
0x000001edac07bbf0, 0x000001edac07c7b0, 0x000001edac07f180, 0x000001edac088340,
0x000001edac08c2f0, 0x000001edac08fc20, 0x000001eda7db5d10, 0x000001edac224f60,
0x000001edac2255f0, 0x000001edac225bc0, 0x000001edac2265a0, 0x000001edac395190,
0x000001edac6feac0, 0x000001edacc707e0, 0x000001edae319410, 0x000001edac7584b0,
0x000001edaddf44d0, 0x000001edae23fc60, 0x000001edac755f80, 0x000001edac7574c0
}

Java Threads: ( => current thread )
  0x000001ed90af6100 JavaThread "Test worker" [_thread_in_Java, id=23184, stack(0x000000921b300000,0x000000921b400000)]
  0x000001edac030430 JavaThread "Reference Handler" daemon [_thread_blocked, id=17532, stack(0x000000921ba00000,0x000000921bb00000)]
  0x000001edac0311c0 JavaThread "Finalizer" daemon [_thread_blocked, id=9212, stack(0x000000921bb00000,0x000000921bc00000)]
  0x000001edac07b030 JavaThread "Signal Dispatcher" daemon [_thread_blocked, id=3872, stack(0x000000921bc00000,0x000000921bd00000)]
  0x000001edac07bbf0 JavaThread "Attach Listener" daemon [_thread_blocked, id=21392, stack(0x000000921bd00000,0x000000921be00000)]
  0x000001edac07c7b0 JavaThread "Service Thread" daemon [_thread_blocked, id=22116, stack(0x000000921be00000,0x000000921bf00000)]
  0x000001edac07f180 JavaThread "Monitor Deflation Thread" daemon [_thread_blocked, id=31908, stack(0x000000921bf00000,0x000000921c000000)]
  0x000001edac088340 JavaThread "C2 CompilerThread0" daemon [_thread_in_native, id=8808, stack(0x000000921c000000,0x000000921c100000)]
  0x000001edac08c2f0 JavaThread "C1 CompilerThread0" daemon [_thread_blocked, id=3788, stack(0x000000921c100000,0x000000921c200000)]
  0x000001edac08fc20 JavaThread "Sweeper thread" daemon [_thread_blocked, id=13644, stack(0x000000921c200000,0x000000921c300000)]
  0x000001eda7db5d10 JavaThread "Common-Cleaner" daemon [_thread_blocked, id=9648, stack(0x000000921c300000,0x000000921c400000)]
  0x000001edac224f60 JavaThread "C1 CompilerThread1" daemon [_thread_blocked, id=22024, stack(0x000000921c400000,0x000000921c500000)]
  0x000001edac2255f0 JavaThread "C1 CompilerThread2" daemon [_thread_blocked, id=12948, stack(0x000000921c500000,0x000000921c600000)]
  0x000001edac225bc0 JavaThread "C1 CompilerThread3" daemon [_thread_blocked, id=12072, stack(0x000000921c600000,0x000000921c700000)]
  0x000001edac2265a0 JavaThread "C2 CompilerThread1" daemon [_thread_in_native, id=9980, stack(0x000000921c700000,0x000000921c800000)]
  0x000001edac395190 JavaThread "Notification Thread" daemon [_thread_blocked, id=21576, stack(0x000000921c800000,0x000000921c900000)]
  0x000001edac6feac0 JavaThread "C2 CompilerThread2" daemon [_thread_in_native, id=30068, stack(0x000000921ca00000,0x000000921cb00000)]
=>0x000001edacc707e0 JavaThread "C2 CompilerThread3" daemon [_thread_in_native, id=8408, stack(0x000000921cb00000,0x000000921cc00000)]
  0x000001edae319410 JavaThread "/127.0.0.1:12459 to /127.0.0.1:12458 workers" [_thread_blocked, id=4160, stack(0x000000921d300000,0x000000921d400000)]
  0x000001edac7584b0 JavaThread "C2 CompilerThread4" daemon [_thread_in_native, id=27996, stack(0x000000921d400000,0x000000921d500000)]
  0x000001edaddf44d0 JavaThread "/127.0.0.1:12459 to /127.0.0.1:12458 workers Thread 2" [_thread_blocked, id=29620, stack(0x000000921d500000,0x000000921d600000)]
  0x000001edae23fc60 JavaThread "/127.0.0.1:12459 to /127.0.0.1:12458 workers Thread 3" [_thread_in_native, id=30828, stack(0x000000921d600000,0x000000921d700000)]
  0x000001edac755f80 JavaThread "C2 CompilerThread5" daemon [_thread_in_native, id=9344, stack(0x000000921d900000,0x000000921da00000)]
  0x000001edac7574c0 JavaThread "C2 CompilerThread6" daemon [_thread_in_native, id=17164, stack(0x000000921da00000,0x000000921db00000)]

Other Threads:
  0x000001eda7dd1d80 VMThread "VM Thread" [stack: 0x000000921b900000,0x000000921ba00000] [id=2856]
  0x000001ed90b65e00 WatcherThread [stack: 0x000000921c900000,0x000000921ca00000] [id=32080]
  0x000001ed90b35700 GCTaskThread "GC Thread#0" [stack: 0x000000921b400000,0x000000921b500000] [id=30772]
  0x000001edadb62e30 GCTaskThread "GC Thread#1" [stack: 0x000000921cc00000,0x000000921cd00000] [id=16624]
  0x000001edad202ce0 GCTaskThread "GC Thread#2" [stack: 0x000000921cd00000,0x000000921ce00000] [id=22556]
  0x000001edadb350b0 GCTaskThread "GC Thread#3" [stack: 0x000000921ce00000,0x000000921cf00000] [id=26092]
  0x000001edadb35370 GCTaskThread "GC Thread#4" [stack: 0x000000921cf00000,0x000000921d000000] [id=26004]
  0x000001edacb3b5d0 GCTaskThread "GC Thread#5" [stack: 0x000000921d000000,0x000000921d100000] [id=29660]
  0x000001edad223a30 GCTaskThread "GC Thread#6" [stack: 0x000000921d100000,0x000000921d200000] [id=7384]
  0x000001edad755860 GCTaskThread "GC Thread#7" [stack: 0x000000921d700000,0x000000921d800000] [id=23820]
  0x000001edad7552e0 GCTaskThread "GC Thread#8" [stack: 0x000000921d800000,0x000000921d900000] [id=31072]
  0x000001ed90b1c940 ConcurrentGCThread "G1 Main Marker" [stack: 0x000000921b500000,0x000000921b600000] [id=21692]
  0x000001ed90b1d350 ConcurrentGCThread "G1 Conc#0" [stack: 0x000000921b600000,0x000000921b700000] [id=2216]
  0x000001ed90b8e4b0 ConcurrentGCThread "G1 Refine#0" [stack: 0x000000921b700000,0x000000921b800000] [id=19792]
  0x000001eda7c8e1d0 ConcurrentGCThread "G1 Service" [stack: 0x000000921b800000,0x000000921b900000] [id=1448]

Threads with active compile tasks:
C2 CompilerThread0     1048 2296 %     4       org.apache.commons.lang3.StringUtils::repeat @ 70 (122 bytes)
C2 CompilerThread1     1048 2135       4       org.jetbrains.coverage.org.objectweb.asm.MethodWriter::visitJumpInsn (495 bytes)
C2 CompilerThread2     1048 2305       4       jdk.internal.math.FloatingDecimal::getBinaryToASCIIConverter (163 bytes)
C2 CompilerThread3     1048 1100       4       org.jetbrains.coverage.org.objectweb.asm.ClassReader::readCode (5117 bytes)
C2 CompilerThread4     1048 2303       4       jdk.internal.math.FloatingDecimal$BinaryToASCIIBuffer::dtoa (1509 bytes)
C2 CompilerThread5     1048 2179       4       org.apache.commons.csv.Lexer::isEndOfFile (37 bytes)
C2 CompilerThread6     1048 2302       4       java.lang.Integer::toString (55 bytes)

VM state: not at safepoint (normal execution)

VM Mutex/Monitor currently owned by a thread: None

Heap address: 0x00000000e0000000, size: 512 MB, Compressed Oops mode: 32-bit

CDS archive(s) not mapped
Compressed class space mapped at: 0x0000000100000000-0x0000000140000000, reserved size: 1073741824
Narrow klass base: 0x0000000000000000, Narrow klass shift: 3, Narrow klass range: 0x140000000

GC Precious Log:
 CPUs: 16 total, 16 available
 Memory: 16236M
 Large Page Support: Disabled
 NUMA Support: Disabled
 Compressed Oops: Enabled (32-bit)
 Heap Region Size: 1M
 Heap Min Capacity: 8M
 Heap Initial Capacity: 254M
 Heap Max Capacity: 512M
 Pre-touch: Disabled
 Parallel Workers: 13
 Concurrent Workers: 3
 Concurrent Refinement Workers: 13
 Periodic GC: Disabled

Heap:
 garbage-first heap   total 260096K, used 42167K [0x00000000e0000000, 0x0000000100000000)
  region size 1024K, 37 young (37888K), 3 survivors (3072K)
 Metaspace       used 17610K, committed 17792K, reserved 1114112K
  class space    used 1781K, committed 1856K, reserved 1048576K

Heap Regions: E=young(eden), S=young(survivor), O=old, HS=humongous(starts), HC=humongous(continues), CS=collection set, F=free, OA=open archive, CA=closed archive, TAMS=top-at-mark-start (previous, next)
|   0|0x00000000e0000000, 0x00000000e0100000, 0x00000000e0100000|100%| O|  |TAMS 0x00000000e0000000, 0x00000000e0000000| Untracked 
|   1|0x00000000e0100000, 0x00000000e0200000, 0x00000000e0200000|100%| O|  |TAMS 0x00000000e0100000, 0x00000000e0100000| Untracked 
|   2|0x00000000e0200000, 0x00000000e0300000, 0x00000000e0300000|100%| O|  |TAMS 0x00000000e0200000, 0x00000000e0200000| Untracked 
|   3|0x00000000e0300000, 0x00000000e0400000, 0x00000000e0400000|100%| O|  |TAMS 0x00000000e0300000, 0x00000000e0300000| Untracked 
|   4|0x00000000e0400000, 0x00000000e0500000, 0x00000000e0500000|100%| O|  |TAMS 0x00000000e0400000, 0x00000000e0400000| Untracked 
|   5|0x00000000e0500000, 0x00000000e05f6c00, 0x00000000e0600000| 96%| O|  |TAMS 0x00000000e0500000, 0x00000000e0500000| Untracked 
|   6|0x00000000e0600000, 0x00000000e0600000, 0x00000000e0700000|  0%| F|  |TAMS 0x00000000e0600000, 0x00000000e0600000| Untracked 
|   7|0x00000000e0700000, 0x00000000e0700000, 0x00000000e0800000|  0%| F|  |TAMS 0x00000000e0700000, 0x00000000e0700000| Untracked 
|   8|0x00000000e0800000, 0x00000000e0800000, 0x00000000e0900000|  0%| F|  |TAMS 0x00000000e0800000, 0x00000000e0800000| Untracked 
|   9|0x00000000e0900000, 0x00000000e0900000, 0x00000000e0a00000|  0%| F|  |TAMS 0x00000000e0900000, 0x00000000e0900000| Untracked 
|  10|0x00000000e0a00000, 0x00000000e0a00000, 0x00000000e0b00000|  0%| F|  |TAMS 0x00000000e0a00000, 0x00000000e0a00000| Untracked 
|  11|0x00000000e0b00000, 0x00000000e0b00000, 0x00000000e0c00000|  0%| F|  |TAMS 0x00000000e0b00000, 0x00000000e0b00000| Untracked 
|  12|0x00000000e0c00000, 0x00000000e0c00000, 0x00000000e0d00000|  0%| F|  |TAMS 0x00000000e0c00000, 0x00000000e0c00000| Untracked 
|  13|0x00000000e0d00000, 0x00000000e0d00000, 0x00000000e0e00000|  0%| F|  |TAMS 0x00000000e0d00000, 0x00000000e0d00000| Untracked 
|  14|0x00000000e0e00000, 0x00000000e0e00000, 0x00000000e0f00000|  0%| F|  |TAMS 0x00000000e0e00000, 0x00000000e0e00000| Untracked 
|  15|0x00000000e0f00000, 0x00000000e0f00000, 0x00000000e1000000|  0%| F|  |TAMS 0x00000000e0f00000, 0x00000000e0f00000| Untracked 
|  16|0x00000000e1000000, 0x00000000e1000000, 0x00000000e1100000|  0%| F|  |TAMS 0x00000000e1000000, 0x00000000e1000000| Untracked 
|  17|0x00000000e1100000, 0x00000000e1100000, 0x00000000e1200000|  0%| F|  |TAMS 0x00000000e1100000, 0x00000000e1100000| Untracked 
|  18|0x00000000e1200000, 0x00000000e1200000, 0x00000000e1300000|  0%| F|  |TAMS 0x00000000e1200000, 0x00000000e1200000| Untracked 
|  19|0x00000000e1300000, 0x00000000e1300000, 0x00000000e1400000|  0%| F|  |TAMS 0x00000000e1300000, 0x00000000e1300000| Untracked 
|  20|0x00000000e1400000, 0x00000000e1400000, 0x00000000e1500000|  0%| F|  |TAMS 0x00000000e1400000, 0x00000000e1400000| Untracked 
|  21|0x00000000e1500000, 0x00000000e1500000, 0x00000000e1600000|  0%| F|  |TAMS 0x00000000e1500000, 0x00000000e1500000| Untracked 
|  22|0x00000000e1600000, 0x00000000e1600000, 0x00000000e1700000|  0%| F|  |TAMS 0x00000000e1600000, 0x00000000e1600000| Untracked 
|  23|0x00000000e1700000, 0x00000000e1700000, 0x00000000e1800000|  0%| F|  |TAMS 0x00000000e1700000, 0x00000000e1700000| Untracked 
|  24|0x00000000e1800000, 0x00000000e1800000, 0x00000000e1900000|  0%| F|  |TAMS 0x00000000e1800000, 0x00000000e1800000| Untracked 
|  25|0x00000000e1900000, 0x00000000e1900000, 0x00000000e1a00000|  0%| F|  |TAMS 0x00000000e1900000, 0x00000000e1900000| Untracked 
|  26|0x00000000e1a00000, 0x00000000e1a00000, 0x00000000e1b00000|  0%| F|  |TAMS 0x00000000e1a00000, 0x00000000e1a00000| Untracked 
|  27|0x00000000e1b00000, 0x00000000e1b00000, 0x00000000e1c00000|  0%| F|  |TAMS 0x00000000e1b00000, 0x00000000e1b00000| Untracked 
|  28|0x00000000e1c00000, 0x00000000e1c00000, 0x00000000e1d00000|  0%| F|  |TAMS 0x00000000e1c00000, 0x00000000e1c00000| Untracked 
|  29|0x00000000e1d00000, 0x00000000e1d00000, 0x00000000e1e00000|  0%| F|  |TAMS 0x00000000e1d00000, 0x00000000e1d00000| Untracked 
|  30|0x00000000e1e00000, 0x00000000e1e00000, 0x00000000e1f00000|  0%| F|  |TAMS 0x00000000e1e00000, 0x00000000e1e00000| Untracked 
|  31|0x00000000e1f00000, 0x00000000e1f00000, 0x00000000e2000000|  0%| F|  |TAMS 0x00000000e1f00000, 0x00000000e1f00000| Untracked 
|  32|0x00000000e2000000, 0x00000000e2000000, 0x00000000e2100000|  0%| F|  |TAMS 0x00000000e2000000, 0x00000000e2000000| Untracked 
|  33|0x00000000e2100000, 0x00000000e2100000, 0x00000000e2200000|  0%| F|  |TAMS 0x00000000e2100000, 0x00000000e2100000| Untracked 
|  34|0x00000000e2200000, 0x00000000e2200000, 0x00000000e2300000|  0%| F|  |TAMS 0x00000000e2200000, 0x00000000e2200000| Untracked 
|  35|0x00000000e2300000, 0x00000000e2300000, 0x00000000e2400000|  0%| F|  |TAMS 0x00000000e2300000, 0x00000000e2300000| Untracked 
|  36|0x00000000e2400000, 0x00000000e2400000, 0x00000000e2500000|  0%| F|  |TAMS 0x00000000e2400000, 0x00000000e2400000| Untracked 
|  37|0x00000000e2500000, 0x00000000e2500000, 0x00000000e2600000|  0%| F|  |TAMS 0x00000000e2500000, 0x00000000e2500000| Untracked 
|  38|0x00000000e2600000, 0x00000000e2600000, 0x00000000e2700000|  0%| F|  |TAMS 0x00000000e2600000, 0x00000000e2600000| Untracked 
|  39|0x00000000e2700000, 0x00000000e2700000, 0x00000000e2800000|  0%| F|  |TAMS 0x00000000e2700000, 0x00000000e2700000| Untracked 
|  40|0x00000000e2800000, 0x00000000e2800000, 0x00000000e2900000|  0%| F|  |TAMS 0x00000000e2800000, 0x00000000e2800000| Untracked 
|  41|0x00000000e2900000, 0x00000000e2900000, 0x00000000e2a00000|  0%| F|  |TAMS 0x00000000e2900000, 0x00000000e2900000| Untracked 
|  42|0x00000000e2a00000, 0x00000000e2a00000, 0x00000000e2b00000|  0%| F|  |TAMS 0x00000000e2a00000, 0x00000000e2a00000| Untracked 
|  43|0x00000000e2b00000, 0x00000000e2b00000, 0x00000000e2c00000|  0%| F|  |TAMS 0x00000000e2b00000, 0x00000000e2b00000| Untracked 
|  44|0x00000000e2c00000, 0x00000000e2c00000, 0x00000000e2d00000|  0%| F|  |TAMS 0x00000000e2c00000, 0x00000000e2c00000| Untracked 
|  45|0x00000000e2d00000, 0x00000000e2d00000, 0x00000000e2e00000|  0%| F|  |TAMS 0x00000000e2d00000, 0x00000000e2d00000| Untracked 
|  46|0x00000000e2e00000, 0x00000000e2e00000, 0x00000000e2f00000|  0%| F|  |TAMS 0x00000000e2e00000, 0x00000000e2e00000| Untracked 
|  47|0x00000000e2f00000, 0x00000000e2f00000, 0x00000000e3000000|  0%| F|  |TAMS 0x00000000e2f00000, 0x00000000e2f00000| Untracked 
|  48|0x00000000e3000000, 0x00000000e3000000, 0x00000000e3100000|  0%| F|  |TAMS 0x00000000e3000000, 0x00000000e3000000| Untracked 
|  49|0x00000000e3100000, 0x00000000e3100000, 0x00000000e3200000|  0%| F|  |TAMS 0x00000000e3100000, 0x00000000e3100000| Untracked 
|  50|0x00000000e3200000, 0x00000000e3200000, 0x00000000e3300000|  0%| F|  |TAMS 0x00000000e3200000, 0x00000000e3200000| Untracked 
|  51|0x00000000e3300000, 0x00000000e3300000, 0x00000000e3400000|  0%| F|  |TAMS 0x00000000e3300000, 0x00000000e3300000| Untracked 
|  52|0x00000000e3400000, 0x00000000e3400000, 0x00000000e3500000|  0%| F|  |TAMS 0x00000000e3400000, 0x00000000e3400000| Untracked 
|  53|0x00000000e3500000, 0x00000000e3500000, 0x00000000e3600000|  0%| F|  |TAMS 0x00000000e3500000, 0x00000000e3500000| Untracked 
|  54|0x00000000e3600000, 0x00000000e3600000, 0x00000000e3700000|  0%| F|  |TAMS 0x00000000e3600000, 0x00000000e3600000| Untracked 
|  55|0x00000000e3700000, 0x00000000e3700000, 0x00000000e3800000|  0%| F|  |TAMS 0x00000000e3700000, 0x00000000e3700000| Untracked 
|  56|0x00000000e3800000, 0x00000000e3800000, 0x00000000e3900000|  0%| F|  |TAMS 0x00000000e3800000, 0x00000000e3800000| Untracked 
|  57|0x00000000e3900000, 0x00000000e3900000, 0x00000000e3a00000|  0%| F|  |TAMS 0x00000000e3900000, 0x00000000e3900000| Untracked 
|  58|0x00000000e3a00000, 0x00000000e3a00000, 0x00000000e3b00000|  0%| F|  |TAMS 0x00000000e3a00000, 0x00000000e3a00000| Untracked 
|  59|0x00000000e3b00000, 0x00000000e3b00000, 0x00000000e3c00000|  0%| F|  |TAMS 0x00000000e3b00000, 0x00000000e3b00000| Untracked 
|  60|0x00000000e3c00000, 0x00000000e3c00000, 0x00000000e3d00000|  0%| F|  |TAMS 0x00000000e3c00000, 0x00000000e3c00000| Untracked 
|  61|0x00000000e3d00000, 0x00000000e3d00000, 0x00000000e3e00000|  0%| F|  |TAMS 0x00000000e3d00000, 0x00000000e3d00000| Untracked 
|  62|0x00000000e3e00000, 0x00000000e3e00000, 0x00000000e3f00000|  0%| F|  |TAMS 0x00000000e3e00000, 0x00000000e3e00000| Untracked 
|  63|0x00000000e3f00000, 0x00000000e3f00000, 0x00000000e4000000|  0%| F|  |TAMS 0x00000000e3f00000, 0x00000000e3f00000| Untracked 
|  64|0x00000000e4000000, 0x00000000e4000000, 0x00000000e4100000|  0%| F|  |TAMS 0x00000000e4000000, 0x00000000e4000000| Untracked 
|  65|0x00000000e4100000, 0x00000000e4100000, 0x00000000e4200000|  0%| F|  |TAMS 0x00000000e4100000, 0x00000000e4100000| Untracked 
|  66|0x00000000e4200000, 0x00000000e4200000, 0x00000000e4300000|  0%| F|  |TAMS 0x00000000e4200000, 0x00000000e4200000| Untracked 
|  67|0x00000000e4300000, 0x00000000e4300000, 0x00000000e4400000|  0%| F|  |TAMS 0x00000000e4300000, 0x00000000e4300000| Untracked 
|  68|0x00000000e4400000, 0x00000000e4400000, 0x00000000e4500000|  0%| F|  |TAMS 0x00000000e4400000, 0x00000000e4400000| Untracked 
|  69|0x00000000e4500000, 0x00000000e4500000, 0x00000000e4600000|  0%| F|  |TAMS 0x00000000e4500000, 0x00000000e4500000| Untracked 
|  70|0x00000000e4600000, 0x00000000e4600000, 0x00000000e4700000|  0%| F|  |TAMS 0x00000000e4600000, 0x00000000e4600000| Untracked 
|  71|0x00000000e4700000, 0x00000000e4700000, 0x00000000e4800000|  0%| F|  |TAMS 0x00000000e4700000, 0x00000000e4700000| Untracked 
|  72|0x00000000e4800000, 0x00000000e4800000, 0x00000000e4900000|  0%| F|  |TAMS 0x00000000e4800000, 0x00000000e4800000| Untracked 
|  73|0x00000000e4900000, 0x00000000e4900000, 0x00000000e4a00000|  0%| F|  |TAMS 0x00000000e4900000, 0x00000000e4900000| Untracked 
|  74|0x00000000e4a00000, 0x00000000e4a00000, 0x00000000e4b00000|  0%| F|  |TAMS 0x00000000e4a00000, 0x00000000e4a00000| Untracked 
|  75|0x00000000e4b00000, 0x00000000e4b00000, 0x00000000e4c00000|  0%| F|  |TAMS 0x00000000e4b00000, 0x00000000e4b00000| Untracked 
|  76|0x00000000e4c00000, 0x00000000e4c00000, 0x00000000e4d00000|  0%| F|  |TAMS 0x00000000e4c00000, 0x00000000e4c00000| Untracked 
|  77|0x00000000e4d00000, 0x00000000e4d00000, 0x00000000e4e00000|  0%| F|  |TAMS 0x00000000e4d00000, 0x00000000e4d00000| Untracked 
|  78|0x00000000e4e00000, 0x00000000e4e00000, 0x00000000e4f00000|  0%| F|  |TAMS 0x00000000e4e00000, 0x00000000e4e00000| Untracked 
|  79|0x00000000e4f00000, 0x00000000e4f00000, 0x00000000e5000000|  0%| F|  |TAMS 0x00000000e4f00000, 0x00000000e4f00000| Untracked 
|  80|0x00000000e5000000, 0x00000000e5000000, 0x00000000e5100000|  0%| F|  |TAMS 0x00000000e5000000, 0x00000000e5000000| Untracked 
|  81|0x00000000e5100000, 0x00000000e5100000, 0x00000000e5200000|  0%| F|  |TAMS 0x00000000e5100000, 0x00000000e5100000| Untracked 
|  82|0x00000000e5200000, 0x00000000e5200000, 0x00000000e5300000|  0%| F|  |TAMS 0x00000000e5200000, 0x00000000e5200000| Untracked 
|  83|0x00000000e5300000, 0x00000000e5300000, 0x00000000e5400000|  0%| F|  |TAMS 0x00000000e5300000, 0x00000000e5300000| Untracked 
|  84|0x00000000e5400000, 0x00000000e5400000, 0x00000000e5500000|  0%| F|  |TAMS 0x00000000e5400000, 0x00000000e5400000| Untracked 
|  85|0x00000000e5500000, 0x00000000e5500000, 0x00000000e5600000|  0%| F|  |TAMS 0x00000000e5500000, 0x00000000e5500000| Untracked 
|  86|0x00000000e5600000, 0x00000000e5600000, 0x00000000e5700000|  0%| F|  |TAMS 0x00000000e5600000, 0x00000000e5600000| Untracked 
|  87|0x00000000e5700000, 0x00000000e5700000, 0x00000000e5800000|  0%| F|  |TAMS 0x00000000e5700000, 0x00000000e5700000| Untracked 
|  88|0x00000000e5800000, 0x00000000e5800000, 0x00000000e5900000|  0%| F|  |TAMS 0x00000000e5800000, 0x00000000e5800000| Untracked 
|  89|0x00000000e5900000, 0x00000000e5900000, 0x00000000e5a00000|  0%| F|  |TAMS 0x00000000e5900000, 0x00000000e5900000| Untracked 
|  90|0x00000000e5a00000, 0x00000000e5a00000, 0x00000000e5b00000|  0%| F|  |TAMS 0x00000000e5a00000, 0x00000000e5a00000| Untracked 
|  91|0x00000000e5b00000, 0x00000000e5b00000, 0x00000000e5c00000|  0%| F|  |TAMS 0x00000000e5b00000, 0x00000000e5b00000| Untracked 
|  92|0x00000000e5c00000, 0x00000000e5c00000, 0x00000000e5d00000|  0%| F|  |TAMS 0x00000000e5c00000, 0x00000000e5c00000| Untracked 
|  93|0x00000000e5d00000, 0x00000000e5d00000, 0x00000000e5e00000|  0%| F|  |TAMS 0x00000000e5d00000, 0x00000000e5d00000| Untracked 
|  94|0x00000000e5e00000, 0x00000000e5e00000, 0x00000000e5f00000|  0%| F|  |TAMS 0x00000000e5e00000, 0x00000000e5e00000| Untracked 
|  95|0x00000000e5f00000, 0x00000000e5f00000, 0x00000000e6000000|  0%| F|  |TAMS 0x00000000e5f00000, 0x00000000e5f00000| Untracked 
|  96|0x00000000e6000000, 0x00000000e6000000, 0x00000000e6100000|  0%| F|  |TAMS 0x00000000e6000000, 0x00000000e6000000| Untracked 
|  97|0x00000000e6100000, 0x00000000e6100000, 0x00000000e6200000|  0%| F|  |TAMS 0x00000000e6100000, 0x00000000e6100000| Untracked 
|  98|0x00000000e6200000, 0x00000000e6200000, 0x00000000e6300000|  0%| F|  |TAMS 0x00000000e6200000, 0x00000000e6200000| Untracked 
|  99|0x00000000e6300000, 0x00000000e6300000, 0x00000000e6400000|  0%| F|  |TAMS 0x00000000e6300000, 0x00000000e6300000| Untracked 
| 100|0x00000000e6400000, 0x00000000e6400000, 0x00000000e6500000|  0%| F|  |TAMS 0x00000000e6400000, 0x00000000e6400000| Untracked 
| 101|0x00000000e6500000, 0x00000000e6500000, 0x00000000e6600000|  0%| F|  |TAMS 0x00000000e6500000, 0x00000000e6500000| Untracked 
| 102|0x00000000e6600000, 0x00000000e6600000, 0x00000000e6700000|  0%| F|  |TAMS 0x00000000e6600000, 0x00000000e6600000| Untracked 
| 103|0x00000000e6700000, 0x00000000e6700000, 0x00000000e6800000|  0%| F|  |TAMS 0x00000000e6700000, 0x00000000e6700000| Untracked 
| 104|0x00000000e6800000, 0x00000000e6800000, 0x00000000e6900000|  0%| F|  |TAMS 0x00000000e6800000, 0x00000000e6800000| Untracked 
| 105|0x00000000e6900000, 0x00000000e6900000, 0x00000000e6a00000|  0%| F|  |TAMS 0x00000000e6900000, 0x00000000e6900000| Untracked 
| 106|0x00000000e6a00000, 0x00000000e6a00000, 0x00000000e6b00000|  0%| F|  |TAMS 0x00000000e6a00000, 0x00000000e6a00000| Untracked 
| 107|0x00000000e6b00000, 0x00000000e6b00000, 0x00000000e6c00000|  0%| F|  |TAMS 0x00000000e6b00000, 0x00000000e6b00000| Untracked 
| 108|0x00000000e6c00000, 0x00000000e6c00000, 0x00000000e6d00000|  0%| F|  |TAMS 0x00000000e6c00000, 0x00000000e6c00000| Untracked 
| 109|0x00000000e6d00000, 0x00000000e6d00000, 0x00000000e6e00000|  0%| F|  |TAMS 0x00000000e6d00000, 0x00000000e6d00000| Untracked 
| 110|0x00000000e6e00000, 0x00000000e6e00000, 0x00000000e6f00000|  0%| F|  |TAMS 0x00000000e6e00000, 0x00000000e6e00000| Untracked 
| 111|0x00000000e6f00000, 0x00000000e6f00000, 0x00000000e7000000|  0%| F|  |TAMS 0x00000000e6f00000, 0x00000000e6f00000| Untracked 
| 112|0x00000000e7000000, 0x00000000e7000000, 0x00000000e7100000|  0%| F|  |TAMS 0x00000000e7000000, 0x00000000e7000000| Untracked 
| 113|0x00000000e7100000, 0x00000000e7100000, 0x00000000e7200000|  0%| F|  |TAMS 0x00000000e7100000, 0x00000000e7100000| Untracked 
| 114|0x00000000e7200000, 0x00000000e7200000, 0x00000000e7300000|  0%| F|  |TAMS 0x00000000e7200000, 0x00000000e7200000| Untracked 
| 115|0x00000000e7300000, 0x00000000e7300000, 0x00000000e7400000|  0%| F|  |TAMS 0x00000000e7300000, 0x00000000e7300000| Untracked 
| 116|0x00000000e7400000, 0x00000000e7400000, 0x00000000e7500000|  0%| F|  |TAMS 0x00000000e7400000, 0x00000000e7400000| Untracked 
| 117|0x00000000e7500000, 0x00000000e7500000, 0x00000000e7600000|  0%| F|  |TAMS 0x00000000e7500000, 0x00000000e7500000| Untracked 
| 118|0x00000000e7600000, 0x00000000e7600000, 0x00000000e7700000|  0%| F|  |TAMS 0x00000000e7600000, 0x00000000e7600000| Untracked 
| 119|0x00000000e7700000, 0x00000000e7700000, 0x00000000e7800000|  0%| F|  |TAMS 0x00000000e7700000, 0x00000000e7700000| Untracked 
| 120|0x00000000e7800000, 0x00000000e7800000, 0x00000000e7900000|  0%| F|  |TAMS 0x00000000e7800000, 0x00000000e7800000| Untracked 
| 121|0x00000000e7900000, 0x00000000e7900000, 0x00000000e7a00000|  0%| F|  |TAMS 0x00000000e7900000, 0x00000000e7900000| Untracked 
| 122|0x00000000e7a00000, 0x00000000e7a00000, 0x00000000e7b00000|  0%| F|  |TAMS 0x00000000e7a00000, 0x00000000e7a00000| Untracked 
| 123|0x00000000e7b00000, 0x00000000e7b00000, 0x00000000e7c00000|  0%| F|  |TAMS 0x00000000e7b00000, 0x00000000e7b00000| Untracked 
| 124|0x00000000e7c00000, 0x00000000e7c00000, 0x00000000e7d00000|  0%| F|  |TAMS 0x00000000e7c00000, 0x00000000e7c00000| Untracked 
| 125|0x00000000e7d00000, 0x00000000e7d00000, 0x00000000e7e00000|  0%| F|  |TAMS 0x00000000e7d00000, 0x00000000e7d00000| Untracked 
| 126|0x00000000e7e00000, 0x00000000e7e00000, 0x00000000e7f00000|  0%| F|  |TAMS 0x00000000e7e00000, 0x00000000e7e00000| Untracked 
| 127|0x00000000e7f00000, 0x00000000e7f00000, 0x00000000e8000000|  0%| F|  |TAMS 0x00000000e7f00000, 0x00000000e7f00000| Untracked 
| 128|0x00000000e8000000, 0x00000000e8000000, 0x00000000e8100000|  0%| F|  |TAMS 0x00000000e8000000, 0x00000000e8000000| Untracked 
| 129|0x00000000e8100000, 0x00000000e8100000, 0x00000000e8200000|  0%| F|  |TAMS 0x00000000e8100000, 0x00000000e8100000| Untracked 
| 130|0x00000000e8200000, 0x00000000e8200000, 0x00000000e8300000|  0%| F|  |TAMS 0x00000000e8200000, 0x00000000e8200000| Untracked 
| 131|0x00000000e8300000, 0x00000000e8300000, 0x00000000e8400000|  0%| F|  |TAMS 0x00000000e8300000, 0x00000000e8300000| Untracked 
| 132|0x00000000e8400000, 0x00000000e8400000, 0x00000000e8500000|  0%| F|  |TAMS 0x00000000e8400000, 0x00000000e8400000| Untracked 
| 133|0x00000000e8500000, 0x00000000e8500000, 0x00000000e8600000|  0%| F|  |TAMS 0x00000000e8500000, 0x00000000e8500000| Untracked 
| 134|0x00000000e8600000, 0x00000000e8600000, 0x00000000e8700000|  0%| F|  |TAMS 0x00000000e8600000, 0x00000000e8600000| Untracked 
| 135|0x00000000e8700000, 0x00000000e8700000, 0x00000000e8800000|  0%| F|  |TAMS 0x00000000e8700000, 0x00000000e8700000| Untracked 
| 136|0x00000000e8800000, 0x00000000e8800000, 0x00000000e8900000|  0%| F|  |TAMS 0x00000000e8800000, 0x00000000e8800000| Untracked 
| 137|0x00000000e8900000, 0x00000000e8900000, 0x00000000e8a00000|  0%| F|  |TAMS 0x00000000e8900000, 0x00000000e8900000| Untracked 
| 138|0x00000000e8a00000, 0x00000000e8a00000, 0x00000000e8b00000|  0%| F|  |TAMS 0x00000000e8a00000, 0x00000000e8a00000| Untracked 
| 139|0x00000000e8b00000, 0x00000000e8b00000, 0x00000000e8c00000|  0%| F|  |TAMS 0x00000000e8b00000, 0x00000000e8b00000| Untracked 
| 140|0x00000000e8c00000, 0x00000000e8c00000, 0x00000000e8d00000|  0%| F|  |TAMS 0x00000000e8c00000, 0x00000000e8c00000| Untracked 
| 141|0x00000000e8d00000, 0x00000000e8d00000, 0x00000000e8e00000|  0%| F|  |TAMS 0x00000000e8d00000, 0x00000000e8d00000| Untracked 
| 142|0x00000000e8e00000, 0x00000000e8e00000, 0x00000000e8f00000|  0%| F|  |TAMS 0x00000000e8e00000, 0x00000000e8e00000| Untracked 
| 143|0x00000000e8f00000, 0x00000000e8f00000, 0x00000000e9000000|  0%| F|  |TAMS 0x00000000e8f00000, 0x00000000e8f00000| Untracked 
| 144|0x00000000e9000000, 0x00000000e9000000, 0x00000000e9100000|  0%| F|  |TAMS 0x00000000e9000000, 0x00000000e9000000| Untracked 
| 145|0x00000000e9100000, 0x00000000e9100000, 0x00000000e9200000|  0%| F|  |TAMS 0x00000000e9100000, 0x00000000e9100000| Untracked 
| 146|0x00000000e9200000, 0x00000000e9200000, 0x00000000e9300000|  0%| F|  |TAMS 0x00000000e9200000, 0x00000000e9200000| Untracked 
| 147|0x00000000e9300000, 0x00000000e9300000, 0x00000000e9400000|  0%| F|  |TAMS 0x00000000e9300000, 0x00000000e9300000| Untracked 
| 148|0x00000000e9400000, 0x00000000e9400000, 0x00000000e9500000|  0%| F|  |TAMS 0x00000000e9400000, 0x00000000e9400000| Untracked 
| 149|0x00000000e9500000, 0x00000000e9500000, 0x00000000e9600000|  0%| F|  |TAMS 0x00000000e9500000, 0x00000000e9500000| Untracked 
| 150|0x00000000e9600000, 0x00000000e9600000, 0x00000000e9700000|  0%| F|  |TAMS 0x00000000e9600000, 0x00000000e9600000| Untracked 
| 151|0x00000000e9700000, 0x00000000e9700000, 0x00000000e9800000|  0%| F|  |TAMS 0x00000000e9700000, 0x00000000e9700000| Untracked 
| 152|0x00000000e9800000, 0x00000000e9800000, 0x00000000e9900000|  0%| F|  |TAMS 0x00000000e9800000, 0x00000000e9800000| Untracked 
| 153|0x00000000e9900000, 0x00000000e9900000, 0x00000000e9a00000|  0%| F|  |TAMS 0x00000000e9900000, 0x00000000e9900000| Untracked 
| 154|0x00000000e9a00000, 0x00000000e9a00000, 0x00000000e9b00000|  0%| F|  |TAMS 0x00000000e9a00000, 0x00000000e9a00000| Untracked 
| 155|0x00000000e9b00000, 0x00000000e9b00000, 0x00000000e9c00000|  0%| F|  |TAMS 0x00000000e9b00000, 0x00000000e9b00000| Untracked 
| 156|0x00000000e9c00000, 0x00000000e9c00000, 0x00000000e9d00000|  0%| F|  |TAMS 0x00000000e9c00000, 0x00000000e9c00000| Untracked 
| 157|0x00000000e9d00000, 0x00000000e9d00000, 0x00000000e9e00000|  0%| F|  |TAMS 0x00000000e9d00000, 0x00000000e9d00000| Untracked 
| 158|0x00000000e9e00000, 0x00000000e9e00000, 0x00000000e9f00000|  0%| F|  |TAMS 0x00000000e9e00000, 0x00000000e9e00000| Untracked 
| 159|0x00000000e9f00000, 0x00000000e9f00000, 0x00000000ea000000|  0%| F|  |TAMS 0x00000000e9f00000, 0x00000000e9f00000| Untracked 
| 160|0x00000000ea000000, 0x00000000ea000000, 0x00000000ea100000|  0%| F|  |TAMS 0x00000000ea000000, 0x00000000ea000000| Untracked 
| 161|0x00000000ea100000, 0x00000000ea100000, 0x00000000ea200000|  0%| F|  |TAMS 0x00000000ea100000, 0x00000000ea100000| Untracked 
| 162|0x00000000ea200000, 0x00000000ea200000, 0x00000000ea300000|  0%| F|  |TAMS 0x00000000ea200000, 0x00000000ea200000| Untracked 
| 163|0x00000000ea300000, 0x00000000ea300000, 0x00000000ea400000|  0%| F|  |TAMS 0x00000000ea300000, 0x00000000ea300000| Untracked 
| 164|0x00000000ea400000, 0x00000000ea400000, 0x00000000ea500000|  0%| F|  |TAMS 0x00000000ea400000, 0x00000000ea400000| Untracked 
| 165|0x00000000ea500000, 0x00000000ea500000, 0x00000000ea600000|  0%| F|  |TAMS 0x00000000ea500000, 0x00000000ea500000| Untracked 
| 166|0x00000000ea600000, 0x00000000ea600000, 0x00000000ea700000|  0%| F|  |TAMS 0x00000000ea600000, 0x00000000ea600000| Untracked 
| 167|0x00000000ea700000, 0x00000000ea700000, 0x00000000ea800000|  0%| F|  |TAMS 0x00000000ea700000, 0x00000000ea700000| Untracked 
| 168|0x00000000ea800000, 0x00000000ea800000, 0x00000000ea900000|  0%| F|  |TAMS 0x00000000ea800000, 0x00000000ea800000| Untracked 
| 169|0x00000000ea900000, 0x00000000ea900000, 0x00000000eaa00000|  0%| F|  |TAMS 0x00000000ea900000, 0x00000000ea900000| Untracked 
| 170|0x00000000eaa00000, 0x00000000eaa00000, 0x00000000eab00000|  0%| F|  |TAMS 0x00000000eaa00000, 0x00000000eaa00000| Untracked 
| 171|0x00000000eab00000, 0x00000000eab00000, 0x00000000eac00000|  0%| F|  |TAMS 0x00000000eab00000, 0x00000000eab00000| Untracked 
| 172|0x00000000eac00000, 0x00000000eac00000, 0x00000000ead00000|  0%| F|  |TAMS 0x00000000eac00000, 0x00000000eac00000| Untracked 
| 173|0x00000000ead00000, 0x00000000ead00000, 0x00000000eae00000|  0%| F|  |TAMS 0x00000000ead00000, 0x00000000ead00000| Untracked 
| 174|0x00000000eae00000, 0x00000000eae00000, 0x00000000eaf00000|  0%| F|  |TAMS 0x00000000eae00000, 0x00000000eae00000| Untracked 
| 175|0x00000000eaf00000, 0x00000000eaf00000, 0x00000000eb000000|  0%| F|  |TAMS 0x00000000eaf00000, 0x00000000eaf00000| Untracked 
| 176|0x00000000eb000000, 0x00000000eb000000, 0x00000000eb100000|  0%| F|  |TAMS 0x00000000eb000000, 0x00000000eb000000| Untracked 
| 177|0x00000000eb100000, 0x00000000eb100000, 0x00000000eb200000|  0%| F|  |TAMS 0x00000000eb100000, 0x00000000eb100000| Untracked 
| 178|0x00000000eb200000, 0x00000000eb200000, 0x00000000eb300000|  0%| F|  |TAMS 0x00000000eb200000, 0x00000000eb200000| Untracked 
| 179|0x00000000eb300000, 0x00000000eb300000, 0x00000000eb400000|  0%| F|  |TAMS 0x00000000eb300000, 0x00000000eb300000| Untracked 
| 180|0x00000000eb400000, 0x00000000eb400000, 0x00000000eb500000|  0%| F|  |TAMS 0x00000000eb400000, 0x00000000eb400000| Untracked 
| 181|0x00000000eb500000, 0x00000000eb500000, 0x00000000eb600000|  0%| F|  |TAMS 0x00000000eb500000, 0x00000000eb500000| Untracked 
| 182|0x00000000eb600000, 0x00000000eb600000, 0x00000000eb700000|  0%| F|  |TAMS 0x00000000eb600000, 0x00000000eb600000| Untracked 
| 183|0x00000000eb700000, 0x00000000eb700000, 0x00000000eb800000|  0%| F|  |TAMS 0x00000000eb700000, 0x00000000eb700000| Untracked 
| 184|0x00000000eb800000, 0x00000000eb800000, 0x00000000eb900000|  0%| F|  |TAMS 0x00000000eb800000, 0x00000000eb800000| Untracked 
| 185|0x00000000eb900000, 0x00000000eb900000, 0x00000000eba00000|  0%| F|  |TAMS 0x00000000eb900000, 0x00000000eb900000| Untracked 
| 186|0x00000000eba00000, 0x00000000eba00000, 0x00000000ebb00000|  0%| F|  |TAMS 0x00000000eba00000, 0x00000000eba00000| Untracked 
| 187|0x00000000ebb00000, 0x00000000ebb00000, 0x00000000ebc00000|  0%| F|  |TAMS 0x00000000ebb00000, 0x00000000ebb00000| Untracked 
| 188|0x00000000ebc00000, 0x00000000ebc00000, 0x00000000ebd00000|  0%| F|  |TAMS 0x00000000ebc00000, 0x00000000ebc00000| Untracked 
| 189|0x00000000ebd00000, 0x00000000ebd00000, 0x00000000ebe00000|  0%| F|  |TAMS 0x00000000ebd00000, 0x00000000ebd00000| Untracked 
| 190|0x00000000ebe00000, 0x00000000ebe00000, 0x00000000ebf00000|  0%| F|  |TAMS 0x00000000ebe00000, 0x00000000ebe00000| Untracked 
| 191|0x00000000ebf00000, 0x00000000ebf00000, 0x00000000ec000000|  0%| F|  |TAMS 0x00000000ebf00000, 0x00000000ebf00000| Untracked 
| 192|0x00000000ec000000, 0x00000000ec000000, 0x00000000ec100000|  0%| F|  |TAMS 0x00000000ec000000, 0x00000000ec000000| Untracked 
| 193|0x00000000ec100000, 0x00000000ec100000, 0x00000000ec200000|  0%| F|  |TAMS 0x00000000ec100000, 0x00000000ec100000| Untracked 
| 194|0x00000000ec200000, 0x00000000ec200000, 0x00000000ec300000|  0%| F|  |TAMS 0x00000000ec200000, 0x00000000ec200000| Untracked 
| 195|0x00000000ec300000, 0x00000000ec300000, 0x00000000ec400000|  0%| F|  |TAMS 0x00000000ec300000, 0x00000000ec300000| Untracked 
| 196|0x00000000ec400000, 0x00000000ec400000, 0x00000000ec500000|  0%| F|  |TAMS 0x00000000ec400000, 0x00000000ec400000| Untracked 
| 197|0x00000000ec500000, 0x00000000ec500000, 0x00000000ec600000|  0%| F|  |TAMS 0x00000000ec500000, 0x00000000ec500000| Untracked 
| 198|0x00000000ec600000, 0x00000000ec600000, 0x00000000ec700000|  0%| F|  |TAMS 0x00000000ec600000, 0x00000000ec600000| Untracked 
| 199|0x00000000ec700000, 0x00000000ec700000, 0x00000000ec800000|  0%| F|  |TAMS 0x00000000ec700000, 0x00000000ec700000| Untracked 
| 200|0x00000000ec800000, 0x00000000ec800000, 0x00000000ec900000|  0%| F|  |TAMS 0x00000000ec800000, 0x00000000ec800000| Untracked 
| 201|0x00000000ec900000, 0x00000000ec900000, 0x00000000eca00000|  0%| F|  |TAMS 0x00000000ec900000, 0x00000000ec900000| Untracked 
| 202|0x00000000eca00000, 0x00000000eca00000, 0x00000000ecb00000|  0%| F|  |TAMS 0x00000000eca00000, 0x00000000eca00000| Untracked 
| 203|0x00000000ecb00000, 0x00000000ecb00000, 0x00000000ecc00000|  0%| F|  |TAMS 0x00000000ecb00000, 0x00000000ecb00000| Untracked 
| 204|0x00000000ecc00000, 0x00000000ecc00000, 0x00000000ecd00000|  0%| F|  |TAMS 0x00000000ecc00000, 0x00000000ecc00000| Untracked 
| 205|0x00000000ecd00000, 0x00000000ecd00000, 0x00000000ece00000|  0%| F|  |TAMS 0x00000000ecd00000, 0x00000000ecd00000| Untracked 
| 206|0x00000000ece00000, 0x00000000ece00000, 0x00000000ecf00000|  0%| F|  |TAMS 0x00000000ece00000, 0x00000000ece00000| Untracked 
| 207|0x00000000ecf00000, 0x00000000ecf00000, 0x00000000ed000000|  0%| F|  |TAMS 0x00000000ecf00000, 0x00000000ecf00000| Untracked 
| 208|0x00000000ed000000, 0x00000000ed000000, 0x00000000ed100000|  0%| F|  |TAMS 0x00000000ed000000, 0x00000000ed000000| Untracked 
| 209|0x00000000ed100000, 0x00000000ed100000, 0x00000000ed200000|  0%| F|  |TAMS 0x00000000ed100000, 0x00000000ed100000| Untracked 
| 210|0x00000000ed200000, 0x00000000ed200000, 0x00000000ed300000|  0%| F|  |TAMS 0x00000000ed200000, 0x00000000ed200000| Untracked 
| 211|0x00000000ed300000, 0x00000000ed300000, 0x00000000ed400000|  0%| F|  |TAMS 0x00000000ed300000, 0x00000000ed300000| Untracked 
| 212|0x00000000ed400000, 0x00000000ed400000, 0x00000000ed500000|  0%| F|  |TAMS 0x00000000ed400000, 0x00000000ed400000| Untracked 
| 213|0x00000000ed500000, 0x00000000ed500000, 0x00000000ed600000|  0%| F|  |TAMS 0x00000000ed500000, 0x00000000ed500000| Untracked 
| 214|0x00000000ed600000, 0x00000000ed600000, 0x00000000ed700000|  0%| F|  |TAMS 0x00000000ed600000, 0x00000000ed600000| Untracked 
| 215|0x00000000ed700000, 0x00000000ed700000, 0x00000000ed800000|  0%| F|  |TAMS 0x00000000ed700000, 0x00000000ed700000| Untracked 
| 216|0x00000000ed800000, 0x00000000ed880800, 0x00000000ed900000| 50%| E|  |TAMS 0x00000000ed800000, 0x00000000ed800000| Complete 
| 217|0x00000000ed900000, 0x00000000eda00000, 0x00000000eda00000|100%| E|CS|TAMS 0x00000000ed900000, 0x00000000ed900000| Complete 
| 218|0x00000000eda00000, 0x00000000edb00000, 0x00000000edb00000|100%| E|CS|TAMS 0x00000000eda00000, 0x00000000eda00000| Complete 
| 219|0x00000000edb00000, 0x00000000edc00000, 0x00000000edc00000|100%| E|CS|TAMS 0x00000000edb00000, 0x00000000edb00000| Complete 
| 220|0x00000000edc00000, 0x00000000edc37120, 0x00000000edd00000| 21%| S|CS|TAMS 0x00000000edc00000, 0x00000000edc00000| Complete 
| 221|0x00000000edd00000, 0x00000000ede00000, 0x00000000ede00000|100%| S|CS|TAMS 0x00000000edd00000, 0x00000000edd00000| Complete 
| 222|0x00000000ede00000, 0x00000000edf00000, 0x00000000edf00000|100%| S|CS|TAMS 0x00000000ede00000, 0x00000000ede00000| Complete 
| 223|0x00000000edf00000, 0x00000000ee000000, 0x00000000ee000000|100%| E|CS|TAMS 0x00000000edf00000, 0x00000000edf00000| Complete 
| 224|0x00000000ee000000, 0x00000000ee100000, 0x00000000ee100000|100%| E|CS|TAMS 0x00000000ee000000, 0x00000000ee000000| Complete 
| 225|0x00000000ee100000, 0x00000000ee200000, 0x00000000ee200000|100%| E|CS|TAMS 0x00000000ee100000, 0x00000000ee100000| Complete 
| 226|0x00000000ee200000, 0x00000000ee300000, 0x00000000ee300000|100%| E|CS|TAMS 0x00000000ee200000, 0x00000000ee200000| Complete 
| 227|0x00000000ee300000, 0x00000000ee400000, 0x00000000ee400000|100%| E|CS|TAMS 0x00000000ee300000, 0x00000000ee300000| Complete 
| 228|0x00000000ee400000, 0x00000000ee500000, 0x00000000ee500000|100%| E|CS|TAMS 0x00000000ee400000, 0x00000000ee400000| Complete 
| 229|0x00000000ee500000, 0x00000000ee600000, 0x00000000ee600000|100%| E|CS|TAMS 0x00000000ee500000, 0x00000000ee500000| Complete 
| 230|0x00000000ee600000, 0x00000000ee700000, 0x00000000ee700000|100%| E|CS|TAMS 0x00000000ee600000, 0x00000000ee600000| Complete 
| 231|0x00000000ee700000, 0x00000000ee800000, 0x00000000ee800000|100%| E|CS|TAMS 0x00000000ee700000, 0x00000000ee700000| Complete 
| 232|0x00000000ee800000, 0x00000000ee900000, 0x00000000ee900000|100%| E|CS|TAMS 0x00000000ee800000, 0x00000000ee800000| Complete 
| 233|0x00000000ee900000, 0x00000000eea00000, 0x00000000eea00000|100%| E|CS|TAMS 0x00000000ee900000, 0x00000000ee900000| Complete 
| 234|0x00000000eea00000, 0x00000000eeb00000, 0x00000000eeb00000|100%| E|CS|TAMS 0x00000000eea00000, 0x00000000eea00000| Complete 
| 235|0x00000000eeb00000, 0x00000000eec00000, 0x00000000eec00000|100%| E|CS|TAMS 0x00000000eeb00000, 0x00000000eeb00000| Complete 
| 236|0x00000000eec00000, 0x00000000eed00000, 0x00000000eed00000|100%| E|CS|TAMS 0x00000000eec00000, 0x00000000eec00000| Complete 
| 237|0x00000000eed00000, 0x00000000eee00000, 0x00000000eee00000|100%| E|CS|TAMS 0x00000000eed00000, 0x00000000eed00000| Complete 
| 238|0x00000000eee00000, 0x00000000eef00000, 0x00000000eef00000|100%| E|CS|TAMS 0x00000000eee00000, 0x00000000eee00000| Complete 
| 239|0x00000000eef00000, 0x00000000ef000000, 0x00000000ef000000|100%| E|CS|TAMS 0x00000000eef00000, 0x00000000eef00000| Complete 
| 240|0x00000000ef000000, 0x00000000ef100000, 0x00000000ef100000|100%| E|CS|TAMS 0x00000000ef000000, 0x00000000ef000000| Complete 
| 241|0x00000000ef100000, 0x00000000ef200000, 0x00000000ef200000|100%| E|CS|TAMS 0x00000000ef100000, 0x00000000ef100000| Complete 
| 242|0x00000000ef200000, 0x00000000ef300000, 0x00000000ef300000|100%| E|CS|TAMS 0x00000000ef200000, 0x00000000ef200000| Complete 
| 243|0x00000000ef300000, 0x00000000ef400000, 0x00000000ef400000|100%| E|CS|TAMS 0x00000000ef300000, 0x00000000ef300000| Complete 
| 244|0x00000000ef400000, 0x00000000ef500000, 0x00000000ef500000|100%| E|CS|TAMS 0x00000000ef400000, 0x00000000ef400000| Complete 
| 245|0x00000000ef500000, 0x00000000ef600000, 0x00000000ef600000|100%| E|CS|TAMS 0x00000000ef500000, 0x00000000ef500000| Complete 
| 246|0x00000000ef600000, 0x00000000ef700000, 0x00000000ef700000|100%| E|CS|TAMS 0x00000000ef600000, 0x00000000ef600000| Complete 
| 247|0x00000000ef700000, 0x00000000ef800000, 0x00000000ef800000|100%| E|CS|TAMS 0x00000000ef700000, 0x00000000ef700000| Complete 
| 248|0x00000000ef800000, 0x00000000ef900000, 0x00000000ef900000|100%| E|CS|TAMS 0x00000000ef800000, 0x00000000ef800000| Complete 
| 249|0x00000000ef900000, 0x00000000efa00000, 0x00000000efa00000|100%| E|CS|TAMS 0x00000000ef900000, 0x00000000ef900000| Complete 
| 250|0x00000000efa00000, 0x00000000efb00000, 0x00000000efb00000|100%| E|CS|TAMS 0x00000000efa00000, 0x00000000efa00000| Complete 
| 251|0x00000000efb00000, 0x00000000efc00000, 0x00000000efc00000|100%| E|CS|TAMS 0x00000000efb00000, 0x00000000efb00000| Complete 
| 252|0x00000000efc00000, 0x00000000efd00000, 0x00000000efd00000|100%| E|CS|TAMS 0x00000000efc00000, 0x00000000efc00000| Complete 
| 253|0x00000000efd00000, 0x00000000efe00000, 0x00000000efe00000|100%| E|CS|TAMS 0x00000000efd00000, 0x00000000efd00000| Complete 

Card table byte_map: [0x000001eda3c20000,0x000001eda3d20000] _byte_map_base: 0x000001eda3520000

Marking Bits (Prev, Next): (CMBitMap*) 0x000001ed90b1a270, (CMBitMap*) 0x000001ed90b1a2b0
 Prev Bits: [0x000001eda3e20000, 0x000001eda4620000)
 Next Bits: [0x000001eda4620000, 0x000001eda4e20000)

Polling page: 0x000001ed8ea10000

Metaspace:

Usage:
  Non-class:     15.46 MB used.
      Class:      1.74 MB used.
       Both:     17.20 MB used.

Virtual space:
  Non-class space:       64.00 MB reserved,      15.56 MB ( 24%) committed,  1 nodes.
      Class space:        1.00 GB reserved,       1.81 MB ( <1%) committed,  1 nodes.
             Both:        1.06 GB reserved,      17.38 MB (  2%) committed. 

Chunk freelists:
   Non-Class:  15.83 MB
       Class:  14.07 MB
        Both:  29.89 MB

MaxMetaspaceSize: unlimited
CompressedClassSpaceSize: 1.00 GB
Initial GC threshold: 21.00 MB
Current GC threshold: 21.00 MB
CDS: off
MetaspaceReclaimPolicy: balanced
 - commit_granule_bytes: 65536.
 - commit_granule_words: 8192.
 - virtual_space_node_default_size: 8388608.
 - enlarge_chunks_in_place: 1.
 - new_chunks_are_fully_committed: 0.
 - uncommit_free_chunks: 1.
 - use_allocation_guard: 0.
 - handle_deallocations: 1.


Internal statistics:

num_allocs_failed_limit: 0.
num_arena_births: 96.
num_arena_deaths: 0.
num_vsnodes_births: 2.
num_vsnodes_deaths: 0.
num_space_committed: 278.
num_space_uncommitted: 0.
num_chunks_returned_to_freelist: 0.
num_chunks_taken_from_freelist: 331.
num_chunk_merges: 0.
num_chunk_splits: 186.
num_chunks_enlarged: 114.
num_inconsistent_stats: 0.

CodeHeap 'non-profiled nmethods': size=119168Kb used=1142Kb max_used=1142Kb free=118025Kb
 bounds [0x000001ed9be40000, 0x000001ed9c0b0000, 0x000001eda32a0000]
CodeHeap 'profiled nmethods': size=119104Kb used=4872Kb max_used=4872Kb free=114232Kb
 bounds [0x000001ed942a0000, 0x000001ed94770000, 0x000001ed9b6f0000]
CodeHeap 'non-nmethods': size=7488Kb used=2871Kb max_used=2947Kb free=4616Kb
 bounds [0x000001ed9b6f0000, 0x000001ed9b9e0000, 0x000001ed9be40000]
 total_blobs=2767 nmethods=2292 adapters=384
 compilation: enabled
              stopped_count=0, restarted_count=0
 full_count=0

Compilation events (20 events):
Event: 0.993 Thread 0x000001edac225bc0 nmethod 2215 0x000001ed94743d10 code [0x000001ed94743ec0, 0x000001ed947440c8]
Event: 0.993 Thread 0x000001edac08c2f0 2217       3       java.lang.StringUTF16::compress (59 bytes)
Event: 0.994 Thread 0x000001edac224f60 nmethod 2216 0x000001ed94744210 code [0x000001ed947443a0, 0x000001ed947444f8]
Event: 0.994 Thread 0x000001edac755f80 2211       4       org.apache.commons.csv.CSVFormat::getQuoteMode (31 bytes)
Event: 0.994 Thread 0x000001edac225bc0 2218       3       java.lang.StringUTF16::newString (58 bytes)
Event: 0.994 Thread 0x000001edac224f60 2219       3       java.lang.StringUTF16::compress (20 bytes)
Event: 0.994 Thread 0x000001edac2255f0 nmethod 2212 0x000001ed94744610 code [0x000001ed94744860, 0x000001ed94744fd8]
Event: 0.994 Thread 0x000001edac2255f0 2220       3       java.lang.StringUTF16::checkBoundsOffCount (10 bytes)
Event: 0.994 Thread 0x000001edac08c2f0 nmethod 2217 0x000001ed94745310 code [0x000001ed947454e0, 0x000001ed94745828]
Event: 0.994 Thread 0x000001edac224f60 nmethod 2219 0x000001ed94745a10 code [0x000001ed94745bc0, 0x000001ed94745e08]
Event: 0.994 Thread 0x000001edac225bc0 nmethod 2218 0x000001ed94745f10 code [0x000001ed94746100, 0x000001ed94746658]
Event: 0.994 Thread 0x000001edac2255f0 nmethod 2220 0x000001ed94746810 code [0x000001ed947469c0, 0x000001ed94746b48]
Event: 0.995 Thread 0x000001edac755f80 nmethod 2211 0x000001ed9bf2de10 code [0x000001ed9bf2df80, 0x000001ed9bf2e058]
Event: 0.995 Thread 0x000001edac755f80 2221       4       java.lang.String::checkIndex (48 bytes)
Event: 0.995 Thread 0x000001edac755f80 nmethod 2221 0x000001ed9bf2e110 code [0x000001ed9bf2e280, 0x000001ed9bf2e318]
Event: 0.995 Thread 0x000001edac755f80 2222       4       java.lang.StringUTF16::putCharSB (12 bytes)
Event: 0.995 Thread 0x000001edac755f80 nmethod 2222 0x000001ed9bf2e410 code [0x000001ed9bf2e580, 0x000001ed9bf2e618]
Event: 0.996 Thread 0x000001edac755f80 2223       4       java.lang.StringUTF16::compress (59 bytes)
Event: 0.998 Thread 0x000001edac755f80 nmethod 2223 0x000001ed9bf2e710 code [0x000001ed9bf2e8a0, 0x000001ed9bf2ebb8]
Event: 0.998 Thread 0x000001edac755f80 2224 %     4       java.lang.StringCoding::hasNegatives @ 2 (25 bytes)

GC Heap History (4 events):
Event: 0.479 GC heap before
{Heap before GC invocations=0 (full 0):
 garbage-first heap   total 260096K, used 23552K [0x00000000e0000000, 0x0000000100000000)
  region size 1024K, 23 young (23552K), 0 survivors (0K)
 Metaspace       used 12301K, committed 12480K, reserved 1114112K
  class space    used 1152K, committed 1216K, reserved 1048576K
}
Event: 0.482 GC heap after
{Heap after GC invocations=1 (full 0):
 garbage-first heap   total 260096K, used 6248K [0x00000000e0000000, 0x0000000100000000)
  region size 1024K, 3 young (3072K), 3 survivors (3072K)
 Metaspace       used 12301K, committed 12480K, reserved 1114112K
  class space    used 1152K, committed 1216K, reserved 1048576K
}
Event: 0.793 GC heap before
{Heap before GC invocations=1 (full 0):
 garbage-first heap   total 260096K, used 34920K [0x00000000e0000000, 0x0000000100000000)
  region size 1024K, 31 young (31744K), 3 survivors (3072K)
 Metaspace       used 15988K, committed 16128K, reserved 1114112K
  class space    used 1639K, committed 1728K, reserved 1048576K
}
Event: 0.796 GC heap after
{Heap after GC invocations=2 (full 0):
 garbage-first heap   total 260096K, used 8375K [0x00000000e0000000, 0x0000000100000000)
  region size 1024K, 3 young (3072K), 3 survivors (3072K)
 Metaspace       used 15988K, committed 16128K, reserved 1114112K
  class space    used 1639K, committed 1728K, reserved 1048576K
}

Dll operation events (4 events):
Event: 0.020 Loaded shared library C:\Users\admin\.jdks\jbr-17.0.8\bin\java.dll
Event: 0.021 Loaded shared library C:\Users\admin\.jdks\jbr-17.0.8\bin\zip.dll
Event: 0.037 Loaded shared library C:\Users\admin\.jdks\jbr-17.0.8\bin\jsvml.dll
Event: 0.295 Loaded shared library C:\Users\admin\.jdks\jbr-17.0.8\bin\verify.dll

Deoptimization events (20 events):
Event: 0.969 Thread 0x000001ed90af6100 Uncommon trap: trap_request=0xffffff3d fr.pc=0x000001ed9be5fb74 relative=0x0000000000000354
Event: 0.969 Thread 0x000001ed90af6100 Uncommon trap: reason=unstable_fused_if action=reinterpret pc=0x000001ed9be5fb74 method=org.jetbrains.coverage.org.objectweb.asm.ByteVector.putUTF8(Ljava/lang/String;)Lorg/jetbrains/coverage/org/objectweb/asm/ByteVector; @ 93 c2
Event: 0.969 Thread 0x000001ed90af6100 DEOPT PACKING pc=0x000001ed9be5fb74 sp=0x000000921b3f8bc0
Event: 0.969 Thread 0x000001ed90af6100 DEOPT UNPACKING pc=0x000001ed9b7469a3 sp=0x000000921b3f8b50 mode 2
Event: 0.969 Thread 0x000001ed90af6100 Uncommon trap: trap_request=0xffffff45 fr.pc=0x000001ed9be4beb0 relative=0x00000000000001b0
Event: 0.969 Thread 0x000001ed90af6100 Uncommon trap: reason=unstable_if action=reinterpret pc=0x000001ed9be4beb0 method=java.lang.String.isLatin1()Z @ 10 c2
Event: 0.969 Thread 0x000001ed90af6100 DEOPT PACKING pc=0x000001ed9be4beb0 sp=0x000000921b3f8c20
Event: 0.969 Thread 0x000001ed90af6100 DEOPT UNPACKING pc=0x000001ed9b7469a3 sp=0x000000921b3f8b50 mode 2
Event: 0.971 Thread 0x000001ed90af6100 Uncommon trap: trap_request=0xffffff45 fr.pc=0x000001ed9be90dd8 relative=0x0000000000000618
Event: 0.971 Thread 0x000001ed90af6100 Uncommon trap: reason=unstable_if action=reinterpret pc=0x000001ed9be90dd8 method=java.lang.AbstractStringBuilder.append(Ljava/lang/String;)Ljava/lang/AbstractStringBuilder; @ 1 c2
Event: 0.971 Thread 0x000001ed90af6100 DEOPT PACKING pc=0x000001ed9be90dd8 sp=0x000000921b3fbd80
Event: 0.971 Thread 0x000001ed90af6100 DEOPT UNPACKING pc=0x000001ed9b7469a3 sp=0x000000921b3fbd00 mode 2
Event: 0.987 Thread 0x000001ed90af6100 Uncommon trap: trap_request=0xffffff45 fr.pc=0x000001ed9bee0aa8 relative=0x0000000000000128
Event: 0.987 Thread 0x000001ed90af6100 Uncommon trap: reason=unstable_if action=reinterpret pc=0x000001ed9bee0aa8 method=java.lang.StringCoding.hasNegatives([BII)Z @ 12 c2
Event: 0.987 Thread 0x000001ed90af6100 DEOPT PACKING pc=0x000001ed9bee0aa8 sp=0x000000921b3fbd20
Event: 0.987 Thread 0x000001ed90af6100 DEOPT UNPACKING pc=0x000001ed9b7469a3 sp=0x000000921b3fbcc8 mode 2
Event: 0.988 Thread 0x000001ed90af6100 Uncommon trap: trap_request=0xffffff45 fr.pc=0x000001ed9beea210 relative=0x0000000000000170
Event: 0.988 Thread 0x000001ed90af6100 Uncommon trap: reason=unstable_if action=reinterpret pc=0x000001ed9beea210 method=java.lang.StringCoding.hasNegatives([BII)Z @ 12 c2
Event: 0.988 Thread 0x000001ed90af6100 DEOPT PACKING pc=0x000001ed9beea210 sp=0x000000921b3fbd10
Event: 0.988 Thread 0x000001ed90af6100 DEOPT UNPACKING pc=0x000001ed9b7469a3 sp=0x000000921b3fbcc0 mode 2

Classes unloaded (0 events):
No events

Classes redefined (0 events):
No events

Internal exceptions (20 events):
Event: 0.414 Thread 0x000001ed90af6100 Exception <a 'java/lang/NoSuchMethodError'{0x00000000eeb61d70}: 'java.lang.Object java.lang.invoke.DirectMethodHandle$Holder.invokeStaticInit(java.lang.Object)'> (0x00000000eeb61d70) 
thrown [s\src\hotspot\share\interpreter\linkResolver.cpp, line 771]
Event: 0.433 Thread 0x000001ed90af6100 Exception <a 'java/lang/NoSuchMethodError'{0x00000000ee922f10}: static Ljava/lang/Object;.<clinit>()V> (0x00000000ee922f10) 
thrown [s\src\hotspot\share\prims\jni.cpp, line 1108]
Event: 0.453 Thread 0x000001ed90af6100 Exception <a 'java/lang/NoSuchMethodError'{0x00000000ee9e6948}: static Lorg/gradle/api/internal/tasks/testing/junit/JUnitTestClassProcessorFactory;.<clinit>()V> (0x00000000ee9e6948) 
thrown [s\src\hotspot\share\prims\jni.cpp, line 1108]
Event: 0.455 Thread 0x000001ed90af6100 Exception <a 'java/lang/NoSuchMethodError'{0x00000000ee9faf68}: static Lorg/gradle/api/internal/tasks/testing/junit/JUnitSpec;.<clinit>()V> (0x00000000ee9faf68) 
thrown [s\src\hotspot\share\prims\jni.cpp, line 1108]
Event: 0.458 Thread 0x000001ed90af6100 Exception <a 'java/lang/NoSuchMethodError'{0x00000000ee81bac0}: static Lorg/gradle/api/internal/tasks/testing/filter/TestFilterSpec;.<clinit>()V> (0x00000000ee81bac0) 
thrown [s\src\hotspot\share\prims\jni.cpp, line 1108]
Event: 0.540 Thread 0x000001ed90af6100 Exception <a 'java/lang/NoSuchMethodError'{0x00000000ef8d7598}: 'java.lang.Object java.lang.invoke.DirectMethodHandle$Holder.invokeVirtual(java.lang.Object, java.lang.Object, java.lang.Object, java.lang.Object, java.lang.Object, java.lang.Object, java.lang.Object)'> (0x00000000ef8d7598) 
thrown [s\src\hotspot\share\interpreter\linkResolver.cpp, line 771]
Event: 0.542 Thread 0x000001ed90af6100 Exception <a 'java/lang/NoSuchMethodError'{0x00000000ef7054e8}: 'java.lang.Object java.lang.invoke.Invokers$Holder.invoker(java.lang.Object, java.lang.Object, java.lang.Object)'> (0x00000000ef7054e8) 
thrown [s\src\hotspot\share\interpreter\linkResolver.cpp, line 771]
Event: 0.544 Thread 0x000001ed90af6100 Exception <a 'java/lang/NoSuchMethodError'{0x00000000ef712a38}: 'java.lang.Object java.lang.invoke.DirectMethodHandle$Holder.invokeStatic(java.lang.Object, java.lang.Object, int)'> (0x00000000ef712a38) 
thrown [s\src\hotspot\share\interpreter\linkResolver.cpp, line 771]
Event: 0.545 Thread 0x000001ed90af6100 Exception <a 'java/lang/NoSuchMethodError'{0x00000000ef71e728}: 'void java.lang.invoke.DelegatingMethodHandle$Holder.delegate(java.lang.Object, java.lang.Object, int, java.lang.Object)'> (0x00000000ef71e728) 
thrown [s\src\hotspot\share\interpreter\linkResolver.cpp, line 771]
Event: 0.546 Thread 0x000001ed90af6100 Exception <a 'java/lang/NoSuchMethodError'{0x00000000ef7225c0}: 'int java.lang.invoke.DirectMethodHandle$Holder.invokeSpecial(java.lang.Object, java.lang.Object, java.lang.Object)'> (0x00000000ef7225c0) 
thrown [s\src\hotspot\share\interpreter\linkResolver.cpp, line 771]
Event: 0.548 Thread 0x000001ed90af6100 Exception <a 'java/lang/NoSuchMethodError'{0x00000000ef7363d8}: 'java.lang.Object java.lang.invoke.Invokers$Holder.invokeExact_MT(java.lang.Object, java.lang.Object, java.lang.Object, java.lang.Object)'> (0x00000000ef7363d8) 
thrown [s\src\hotspot\share\interpreter\linkResolver.cpp, line 771]
Event: 0.660 Thread 0x000001ed90af6100 Exception <a 'java/lang/NoSuchMethodError'{0x00000000eeb07b30}: 'java.lang.Object java.lang.invoke.DirectMethodHandle$Holder.invokeStaticInit(java.lang.Object, int, int, int, int)'> (0x00000000eeb07b30) 
thrown [s\src\hotspot\share\interpreter\linkResolver.cpp, line 771]
Event: 0.681 Thread 0x000001ed90af6100 Exception <a 'java/lang/NoSuchMethodError'{0x00000000eea19f20}: 'java.lang.Object java.lang.invoke.DirectMethodHandle$Holder.invokeStaticInit(java.lang.Object, java.lang.Object, java.lang.Object, java.lang.Object, java.lang.Object)'> (0x00000000eea19f20) 
thrown [s\src\hotspot\share\interpreter\linkResolver.cpp, line 771]
Event: 0.683 Thread 0x000001ed90af6100 Exception <a 'java/lang/NoSuchMethodError'{0x00000000eea20eb8}: 'java.lang.Object java.lang.invoke.Invokers$Holder.invoke_MT(java.lang.Object, java.lang.Object, java.lang.Object, java.lang.Object, java.lang.Object, java.lang.Object)'> (0x00000000eea20eb8) 
thrown [s\src\hotspot\share\interpreter\linkResolver.cpp, line 771]
Event: 0.740 Thread 0x000001ed90af6100 Exception <a 'java/lang/NoSuchMethodError'{0x00000000ee9cf050}: 'java.lang.Object java.lang.invoke.DirectMethodHandle$Holder.invokeStaticInit(java.lang.Object, java.lang.Object, int, int, int, int)'> (0x00000000ee9cf050) 
thrown [s\src\hotspot\share\interpreter\linkResolver.cpp, line 771]
Event: 0.830 Thread 0x000001ed90af6100 Exception <a 'java/lang/NoSuchMethodError'{0x00000000efad6db8}: 'java.lang.Object java.lang.invoke.DirectMethodHandle$Holder.invokeInterface(java.lang.Object, java.lang.Object)'> (0x00000000efad6db8) 
thrown [s\src\hotspot\share\interpreter\linkResolver.cpp, line 771]
Event: 0.830 Thread 0x000001ed90af6100 Exception <a 'java/lang/IncompatibleClassChangeError'{0x00000000efada5b0}: Found class java.lang.Object, but interface was expected> (0x00000000efada5b0) 
thrown [s\src\hotspot\share\interpreter\linkResolver.cpp, line 838]
Event: 0.842 Thread 0x000001ed90af6100 Exception <a 'java/lang/NoSuchMethodError'{0x00000000ef9a7108}: 'java.lang.Object java.lang.invoke.DirectMethodHandle$Holder.newInvokeSpecial(java.lang.Object, java.lang.Object, java.lang.Object, java.lang.Object, java.lang.Object)'> (0x00000000ef9a7108) 
thrown [s\src\hotspot\share\interpreter\linkResolver.cpp, line 771]
Event: 0.945 Thread 0x000001ed90af6100 Exception <a 'java/lang/NoSuchMethodError'{0x00000000eef4af38}: 'void java.lang.invoke.DirectMethodHandle$Holder.invokeStatic(java.lang.Object, java.lang.Object)'> (0x00000000eef4af38) 
thrown [s\src\hotspot\share\interpreter\linkResolver.cpp, line 771]
Event: 0.971 Thread 0x000001ed90af6100 Implicit null exception at 0x000001ed9be907f2 to 0x000001ed9be90dc0

VM Operations (20 events):
Event: 0.478 Executing VM operation: G1CollectForAllocation
Event: 0.482 Executing VM operation: G1CollectForAllocation done
Event: 0.499 Executing VM operation: HandshakeAllThreads
Event: 0.499 Executing VM operation: HandshakeAllThreads done
Event: 0.553 Executing VM operation: HandshakeAllThreads
Event: 0.553 Executing VM operation: HandshakeAllThreads done
Event: 0.667 Executing VM operation: HandshakeAllThreads
Event: 0.667 Executing VM operation: HandshakeAllThreads done
Event: 0.677 Executing VM operation: HandshakeAllThreads
Event: 0.678 Executing VM operation: HandshakeAllThreads done
Event: 0.733 Executing VM operation: HandshakeAllThreads
Event: 0.733 Executing VM operation: HandshakeAllThreads done
Event: 0.774 Executing VM operation: HandshakeAllThreads
Event: 0.774 Executing VM operation: HandshakeAllThreads done
Event: 0.780 Executing VM operation: ICBufferFull
Event: 0.780 Executing VM operation: ICBufferFull done
Event: 0.793 Executing VM operation: G1CollectForAllocation
Event: 0.796 Executing VM operation: G1CollectForAllocation done
Event: 0.880 Executing VM operation: HandshakeAllThreads
Event: 0.880 Executing VM operation: HandshakeAllThreads done

Events (20 events):
Event: 0.974 loading class org/apache/commons/csv/Token done
Event: 0.975 loading class org/apache/commons/csv/Token$Type
Event: 0.975 loading class org/apache/commons/csv/Token$Type done
Event: 0.975 loading class org/apache/commons/csv/Lexer
Event: 0.975 loading class org/apache/commons/csv/Lexer done
Event: 0.977 loading class org/apache/commons/csv/ExtendedBufferedReader
Event: 0.977 loading class org/apache/commons/csv/ExtendedBufferedReader done
Event: 0.978 loading class org/apache/commons/csv/CSVParser$CSVRecordIterator
Event: 0.978 loading class org/apache/commons/csv/CSVParser$CSVRecordIterator done
Event: 0.978 loading class java/io/UncheckedIOException
Event: 0.979 loading class java/io/UncheckedIOException done
Event: 0.979 loading class org/apache/commons/csv/CSVParser$Headers
Event: 0.979 loading class org/apache/commons/csv/CSVParser$Headers done
Event: 0.979 loading class com/example/bookplaza/data/Books
Event: 0.979 loading class com/example/bookplaza/data/Books done
Event: 0.981 loading class org/apache/commons/csv/CSVParser$1
Event: 0.981 loading class org/apache/commons/csv/CSVParser$1 done
Event: 0.981 loading class org/apache/commons/csv/CSVRecord
Event: 0.981 loading class org/apache/commons/csv/CSVRecord done
Event: 0.985 Thread 0x000001edac755f80 Thread added: 0x000001edac755f80


Dynamic libraries:
0x00007ff628ce0000 - 0x00007ff628cea000 	C:\Users\admin\.jdks\jbr-17.0.8\bin\java.exe
0x00007ffc9d210000 - 0x00007ffc9d427000 	C:\WINDOWS\SYSTEM32\ntdll.dll
0x00007ffc9b460000 - 0x00007ffc9b524000 	C:\WINDOWS\System32\KERNEL32.DLL
0x00007ffc9a820000 - 0x00007ffc9abc6000 	C:\WINDOWS\System32\KERNELBASE.dll
0x00007ffc9a700000 - 0x00007ffc9a811000 	C:\WINDOWS\System32\ucrtbase.dll
0x00007ffc7da30000 - 0x00007ffc7da47000 	C:\Users\admin\.jdks\jbr-17.0.8\bin\jli.dll
0x00007ffc7da10000 - 0x00007ffc7da2b000 	C:\Users\admin\.jdks\jbr-17.0.8\bin\VCRUNTIME140.dll
0x00007ffc9ce90000 - 0x00007ffc9d03d000 	C:\WINDOWS\System32\USER32.dll
0x00007ffc8c6a0000 - 0x00007ffc8c933000 	C:\WINDOWS\WinSxS\amd64_microsoft.windows.common-controls_6595b64144ccf1df_6.0.22621.2361_none_2712ced57382f843\COMCTL32.dll
0x00007ffc9af40000 - 0x00007ffc9af66000 	C:\WINDOWS\System32\win32u.dll
0x00007ffc9b0e0000 - 0x00007ffc9b187000 	C:\WINDOWS\System32\msvcrt.dll
0x00007ffc9b190000 - 0x00007ffc9b1b9000 	C:\WINDOWS\System32\GDI32.dll
0x00007ffc9ac70000 - 0x00007ffc9ad88000 	C:\WINDOWS\System32\gdi32full.dll
0x00007ffc9abd0000 - 0x00007ffc9ac6a000 	C:\WINDOWS\System32\msvcp_win.dll
0x00007ffc9c620000 - 0x00007ffc9c651000 	C:\WINDOWS\System32\IMM32.DLL
0x00007ffc7d9d0000 - 0x00007ffc7d9dc000 	C:\Users\admin\.jdks\jbr-17.0.8\bin\vcruntime140_1.dll
0x00007ffc6c9c0000 - 0x00007ffc6ca4d000 	C:\Users\admin\.jdks\jbr-17.0.8\bin\msvcp140.dll
0x00007ffc4fc10000 - 0x00007ffc50893000 	C:\Users\admin\.jdks\jbr-17.0.8\bin\server\jvm.dll
0x00007ffc9c680000 - 0x00007ffc9c730000 	C:\WINDOWS\System32\ADVAPI32.dll
0x00007ffc9d040000 - 0x00007ffc9d0e6000 	C:\WINDOWS\System32\sechost.dll
0x00007ffc9c8d0000 - 0x00007ffc9c9e7000 	C:\WINDOWS\System32\RPCRT4.dll
0x00007ffc7b150000 - 0x00007ffc7b159000 	C:\WINDOWS\SYSTEM32\WSOCK32.dll
0x00007ffc99e50000 - 0x00007ffc99e9d000 	C:\WINDOWS\SYSTEM32\POWRPROF.dll
0x00007ffc92550000 - 0x00007ffc92584000 	C:\WINDOWS\SYSTEM32\WINMM.dll
0x00007ffc9b210000 - 0x00007ffc9b281000 	C:\WINDOWS\System32\WS2_32.dll
0x00007ffc935d0000 - 0x00007ffc935da000 	C:\WINDOWS\SYSTEM32\VERSION.dll
0x00007ffc99de0000 - 0x00007ffc99df3000 	C:\WINDOWS\SYSTEM32\UMPDC.dll
0x00007ffc99530000 - 0x00007ffc99548000 	C:\WINDOWS\SYSTEM32\kernel.appcore.dll
0x00007ffc7d820000 - 0x00007ffc7d82a000 	C:\Users\admin\.jdks\jbr-17.0.8\bin\jimage.dll
0x00007ffc8d630000 - 0x00007ffc8d85e000 	C:\WINDOWS\SYSTEM32\DBGHELP.DLL
0x00007ffc9c9f0000 - 0x00007ffc9cd7a000 	C:\WINDOWS\System32\combase.dll
0x00007ffc9d0f0000 - 0x00007ffc9d1c7000 	C:\WINDOWS\System32\OLEAUT32.dll
0x00007ffc82910000 - 0x00007ffc82942000 	C:\WINDOWS\SYSTEM32\dbgcore.DLL
0x00007ffc9ad90000 - 0x00007ffc9ae0a000 	C:\WINDOWS\System32\bcryptPrimitives.dll
0x00007ffc6a460000 - 0x00007ffc6a46e000 	C:\Users\admin\.jdks\jbr-17.0.8\bin\instrument.dll
0x00007ffc7b1b0000 - 0x00007ffc7b1d5000 	C:\Users\admin\.jdks\jbr-17.0.8\bin\java.dll
0x00007ffc76120000 - 0x00007ffc76138000 	C:\Users\admin\.jdks\jbr-17.0.8\bin\zip.dll
0x00007ffc60490000 - 0x00007ffc60567000 	C:\Users\admin\.jdks\jbr-17.0.8\bin\jsvml.dll
0x00007ffc9bae0000 - 0x00007ffc9c338000 	C:\WINDOWS\System32\SHELL32.dll
0x00007ffc984a0000 - 0x00007ffc98d92000 	C:\WINDOWS\SYSTEM32\windows.storage.dll
0x00007ffc98360000 - 0x00007ffc9849e000 	C:\WINDOWS\SYSTEM32\wintypes.dll
0x00007ffc9afe0000 - 0x00007ffc9b0d3000 	C:\WINDOWS\System32\SHCORE.dll
0x00007ffc9af80000 - 0x00007ffc9afde000 	C:\WINDOWS\System32\shlwapi.dll
0x00007ffc9a4c0000 - 0x00007ffc9a4e6000 	C:\WINDOWS\SYSTEM32\profapi.dll
0x00007ffc75fa0000 - 0x00007ffc75fb9000 	C:\Users\admin\.jdks\jbr-17.0.8\bin\net.dll
0x00007ffc92310000 - 0x00007ffc92447000 	C:\WINDOWS\SYSTEM32\WINHTTP.dll
0x00007ffc99a00000 - 0x00007ffc99a69000 	C:\WINDOWS\system32\mswsock.dll
0x00007ffc6e4a0000 - 0x00007ffc6e4b6000 	C:\Users\admin\.jdks\jbr-17.0.8\bin\nio.dll
0x00007ffc7d810000 - 0x00007ffc7d820000 	C:\Users\admin\.jdks\jbr-17.0.8\bin\verify.dll
0x00007ffc79bb0000 - 0x00007ffc79bbe000 	C:\Users\admin\.jdks\jbr-17.0.8\bin\sunmscapi.dll
0x00007ffc9a590000 - 0x00007ffc9a6f6000 	C:\WINDOWS\System32\CRYPT32.dll
0x00007ffc99f00000 - 0x00007ffc99f2d000 	C:\WINDOWS\SYSTEM32\ncrypt.dll
0x00007ffc99ec0000 - 0x00007ffc99ef7000 	C:\WINDOWS\SYSTEM32\NTASN1.dll
0x00007ffc8eff0000 - 0x00007ffc8eff8000 	C:\WINDOWS\system32\wshunix.dll
0x00007ffc99d90000 - 0x00007ffc99dab000 	C:\WINDOWS\SYSTEM32\CRYPTSP.dll
0x00007ffc994f0000 - 0x00007ffc99525000 	C:\WINDOWS\system32\rsaenh.dll
0x00007ffc99aa0000 - 0x00007ffc99acc000 	C:\WINDOWS\SYSTEM32\USERENV.dll
0x00007ffc99f30000 - 0x00007ffc99f58000 	C:\WINDOWS\SYSTEM32\bcrypt.dll
0x00007ffc99d70000 - 0x00007ffc99d7c000 	C:\WINDOWS\SYSTEM32\CRYPTBASE.dll
0x00007ffc99000000 - 0x00007ffc9902d000 	C:\WINDOWS\SYSTEM32\IPHLPAPI.DLL
0x00007ffc9c3f0000 - 0x00007ffc9c3f9000 	C:\WINDOWS\System32\NSI.dll
0x00007ffc921f0000 - 0x00007ffc92209000 	C:\WINDOWS\SYSTEM32\dhcpcsvc6.DLL
0x00007ffc920f0000 - 0x00007ffc9210f000 	C:\WINDOWS\SYSTEM32\dhcpcsvc.DLL
0x00007ffc99070000 - 0x00007ffc99169000 	C:\WINDOWS\SYSTEM32\DNSAPI.dll

dbghelp: loaded successfully - version: 4.0.5 - missing functions: none
symbol engine: initialized successfully - sym options: 0x614 - pdb path: .;C:\Users\admin\.jdks\jbr-17.0.8\bin;C:\WINDOWS\SYSTEM32;C:\WINDOWS\WinSxS\amd64_microsoft.windows.common-controls_6595b64144ccf1df_6.0.22621.2361_none_2712ced57382f843;C:\Users\admin\.jdks\jbr-17.0.8\bin\server

VM Arguments:
jvm_args: -Didea.new.sampling.coverage=true -Djava.awt.headless=true -Dorg.gradle.internal.worker.tmpdir=C:\Users\admin\Desktop\Year 1 Semester 2\Software Design Methodologies\Group Project\ga-23s2\src\BookPlaza\app\build\tmp\testDebugUnitTest\work -Dorg.gradle.native=false -javaagent:C:\Users\admin\AppData\Local\JetBrains\IdeaIC2023.2\testAgent\intellij-coverage-agent-1.0.723.jar=C:\Users\admin\AppData\Local\Temp\coverage12576args -Xmx512m -Dfile.encoding=UTF-8 -Duser.country=CA -Duser.language=fr -Duser.variant -ea 
java_command: worker.org.gradle.process.internal.worker.GradleWorkerMain 'Gradle Test Executor 34'
java_class_path (initial): C:\Users\admin\.gradle\caches\8.0\workerMain\gradle-worker.jar;C:\Users\admin\Desktop\Year 1 Semester 2\Software Design Methodologies\Group Project\ga-23s2\src\BookPlaza\app\build\intermediates\javac\debugUnitTest\classes;C:\Users\admin\Desktop\Year 1 Semester 2\Software Design Methodologies\Group Project\ga-23s2\src\BookPlaza\app\build\intermediates\runtime_app_classes_jar\debug\classes.jar;C:\Users\admin\.gradle\caches\modules-2\files-2.1\junit\junit\4.13.2\8ac9e16d933b6fb43bc7f576336b8f4d7eb5ba12\junit-4.13.2.jar;C:\Users\admin\.gradle\caches\modules-2\files-2.1\org.junit.jupiter\junit-jupiter-params\5.8.1\13afdb5d414cbe991fce3ef6b864de77c9644dae\junit-jupiter-params-5.8.1.jar;C:\Users\admin\.gradle\caches\modules-2\files-2.1\org.junit.jupiter\junit-jupiter-engine\5.8.1\21b86e08aae2720bbf017703669948be96d1388c\junit-jupiter-engine-5.8.1.jar;C:\Users\admin\.gradle\caches\modules-2\files-2.1\org.junit.jupiter\junit-jupiter-api\5.8.1\6538b88eb8bf8811bc7b6efb5246f835c15e0bfe\junit-jupiter-api-5.8.1.jar;C:\Users\admin\.gradle\caches\modules-2\files-2.1\org.junit.platform\junit-platform-engine\1.8.1\e6c63bf990dc88a6527b4ed617b23e47048f07e0\junit-platform-engine-1.8.1.jar;C:\Users\admin\.gradle\caches\modules-2\files-2.1\org.junit.platform\junit-platform-commons\1.8.1\1e362cbe6d0f225b066757865e233972557484\junit-platform-commons-1.8.1.jar;C:\Users\admin\.gradle\caches\modules-2\files-2.1\org.junit.jupiter\junit-jupiter\5.8.1\73a218cf02d36d4e87bb9697fdbe0780e92b6bd3\junit-jupiter-5.8.1.jar;C:\Users\admin\.gradle\caches\transforms-3\53376a74260ff556c6a5eea22bff1c0f\transformed\material-1.9.0-runtime.jar;C:\Users\admin\.gradle\caches\transforms-3\8f3a9a08f96a4e292d485d73d6250198\transformed\constraintlayout-2.1.4-runtime.jar;C:\Users\admin\.gradle\caches\transforms-3\bddc33e9da5a2d18a56bec2dcaccbc1c\transformed\appcompat-resources-1.6.1-runtime.jar;C:\Users\admin\.gradle\caches\transforms-3\5c158e018821ca7753c1a0a4d432890a\transformed\appcompat
Launcher Type: SUN_STANDARD

[Global flags]
     intx CICompilerCount                          = 12                                        {product} {ergonomic}
     uint ConcGCThreads                            = 3                                         {product} {ergonomic}
     uint G1ConcRefinementThreads                  = 13                                        {product} {ergonomic}
   size_t G1HeapRegionSize                         = 1048576                                   {product} {ergonomic}
    uintx GCDrainStackTargetSize                   = 64                                        {product} {ergonomic}
   size_t InitialHeapSize                          = 266338304                                 {product} {ergonomic}
   size_t MarkStackSize                            = 4194304                                   {product} {ergonomic}
   size_t MaxHeapSize                              = 536870912                                 {product} {command line}
   size_t MaxNewSize                               = 321912832                                 {product} {ergonomic}
   size_t MinHeapDeltaBytes                        = 1048576                                   {product} {ergonomic}
   size_t MinHeapSize                              = 8388608                                   {product} {ergonomic}
    uintx NonNMethodCodeHeapSize                   = 7602480                                {pd product} {ergonomic}
    uintx NonProfiledCodeHeapSize                  = 122027880                              {pd product} {ergonomic}
    uintx ProfiledCodeHeapSize                     = 122027880                              {pd product} {ergonomic}
    uintx ReservedCodeCacheSize                    = 251658240                              {pd product} {ergonomic}
     bool SegmentedCodeCache                       = true                                      {product} {ergonomic}
   size_t SoftMaxHeapSize                          = 536870912                              {manageable} {ergonomic}
     bool UseCompressedClassPointers               = true                           {product lp64_product} {ergonomic}
     bool UseCompressedOops                        = true                           {product lp64_product} {ergonomic}
     bool UseG1GC                                  = true                                      {product} {ergonomic}
     bool UseLargePagesIndividualAllocation        = false                                  {pd product} {ergonomic}

Logging:
Log output configuration:
 #0: stdout all=warning uptime,level,tags
 #1: stderr all=off uptime,level,tags

Environment Variables:
PATH=C:\Program Files\Common Files\Oracle\Java\javapath;C:\Anaconda3;C:\Anaconda3\Library\mingw-w64\bin;C:\Anaconda3\Library\usr\bin;C:\Anaconda3\Library\bin;C:\Anaconda3\Scripts;C:\Program Files\NVIDIA GPU Computing Toolkit\CUDA\v11.2\bin;C:\Program Files\NVIDIA GPU Computing Toolkit\CUDA\v11.2\libnvvp;C:\WINDOWS\system32;C:\WINDOWS;C:\WINDOWS\System32\Wbem;C:\WINDOWS\System32\WindowsPowerShell\v1.0\;C:\WINDOWS\System32\OpenSSH\;C:\Program Files\Wolfram Research\WolframScript\;C:\Program Files\Graphviz\bin;C:\Program Files (x86)\NVIDIA Corporation\PhysX\Common;C:\Program Files\NVIDIA Corporation\NVIDIA NvDLISR;C:\Program Files\NVIDIA Corporation\Nsight Compute 2020.3.1\;C:\tools\cuda\bin;C:\tools\cuda\include;C:\tools\cuda\lib\x64;C:\WINDOWS\system32\config\systemprofile\.dnx\bin;C:\Program Files\Microsoft DNX\Dnvm\;C:\Program Files\Microsoft SQL Server\130\Tools\Binn\;C:\Users\admin\AppData\Local\Android\Sdk\emulator;C:\Program Files\dotnet\;C:\WINDOWS\system32;C:\WINDOWS;C:\WINDOWS\System32\Wbem;C:\WINDOWS\System32\WindowsPowerShell\v1.0\;C:\WINDOWS\System32\OpenSSH\;C:\Program Files\Java\jdk-17\bin;C:\Program Files\Java\jdk-17\lib;C:\Program Files\Java\jdk-17\;C:\Program Files\Java\javafx-sdk-17.0.6;C:\Program Files\Docker\Docker\resources\bin;C:\Program Files\apache-maven-3.9.4\bin;C:\Program Files\MySQL\MySQL Shell 8.0\bin\;C:\Users\admin\AppData\Local\Microsoft\WindowsApps;C:\Program Files\smartmontools\bin;C:\Users\admin\AppData\Local\Programs\Julia-1.7.2\bin;C:\Users\admin\AppData\Local\Programs\Microsoft VS Code\bin;C:\Program Files\JetBrains\IntelliJ IDEA Community Edition 2022.3.2\bin;C:\Users\admin\AppData\Local\gitkraken\bin;C:\FFmpeg\bin;
USERNAME=admin
OS=Windows_NT
PROCESSOR_IDENTIFIER=AMD64 Family 25 Model 80 Stepping 0, AuthenticAMD
TMP=C:\Users\admin\AppData\Local\Temp
TEMP=C:\Users\admin\AppData\Local\Temp


JNI global refs:
JNI global refs: 29, weak refs: 2

JNI global refs memory usage: 843, weak refs: 841

OOME stack traces (most recent first):
Classloader memory used:
Loader bootstrap                                                                       : 1786K
Loader java.net.URLClassLoader                                                         : 231K
Loader jdk.internal.loader.ClassLoaders$AppClassLoader                                 : 155K
Loader jdk.internal.loader.ClassLoaders$PlatformClassLoader                            : 21400B
Loader jdk.internal.reflect.DelegatingClassLoader                                      : 6774B


---------------  S Y S T E M  ---------------

OS:
 Windows 11 , 64 bit Build 22621 (10.0.22621.2428)
OS uptime: 3 days 11:00 hours
Hyper-V role detected

CPU: total 16 (initial active 16) (16 cores per cpu, 2 threads per core) family 25 model 80 stepping 0 microcode 0x0, cx8, cmov, fxsr, ht, mmx, 3dnowpref, sse, sse2, sse3, ssse3, sse4a, sse4.1, sse4.2, popcnt, lzcnt, tsc, tscinvbit, avx, avx2, aes, erms, clmul, bmi1, bmi2, adx, sha, fma, vzeroupper, clflush, clflushopt, hv
Processor Information for processor 0
  Max Mhz: 3201, Current Mhz: 3201, Mhz Limit: 3201
Processor Information for processor 1
  Max Mhz: 3201, Current Mhz: 2555, Mhz Limit: 3201
Processor Information for processor 2
  Max Mhz: 3201, Current Mhz: 3201, Mhz Limit: 3201
Processor Information for processor 3
  Max Mhz: 3201, Current Mhz: 2555, Mhz Limit: 3201
Processor Information for processor 4
  Max Mhz: 3201, Current Mhz: 2555, Mhz Limit: 3201
Processor Information for processor 5
  Max Mhz: 3201, Current Mhz: 3201, Mhz Limit: 3201
Processor Information for processor 6
  Max Mhz: 3201, Current Mhz: 3201, Mhz Limit: 3201
Processor Information for processor 7
  Max Mhz: 3201, Current Mhz: 2555, Mhz Limit: 3201
Processor Information for processor 8
  Max Mhz: 3201, Current Mhz: 2555, Mhz Limit: 3201
Processor Information for processor 9
  Max Mhz: 3201, Current Mhz: 3201, Mhz Limit: 3201
Processor Information for processor 10
  Max Mhz: 3201, Current Mhz: 3201, Mhz Limit: 3201
Processor Information for processor 11
  Max Mhz: 3201, Current Mhz: 3201, Mhz Limit: 3201
Processor Information for processor 12
  Max Mhz: 3201, Current Mhz: 2555, Mhz Limit: 3201
Processor Information for processor 13
  Max Mhz: 3201, Current Mhz: 3201, Mhz Limit: 3201
Processor Information for processor 14
  Max Mhz: 3201, Current Mhz: 2555, Mhz Limit: 3201
Processor Information for processor 15
  Max Mhz: 3201, Current Mhz: 3201, Mhz Limit: 3201

Memory: 4k page, system-wide physical 16236M (1394M free)
TotalPageFile size 32620M (AvailPageFile size 7M)
current process WorkingSet (physical memory assigned to process): 177M, peak: 177M
current process commit charge ("private bytes"): 439M, peak: 445M

vm_info: OpenJDK 64-Bit Server VM (17.0.8+7-b1000.22) for windows-amd64 JRE (17.0.8+7-b1000.22), built on 2023-09-02 by "builduser" with MS VC++ 16.10 / 16.11 (VS2019)

END.
