#
# There is insufficient memory for the Java Runtime Environment to continue.
# Native memory allocation (malloc) failed to allocate 1035696 bytes for Chunk::new
# Possible reasons:
#   The system is out of physical RAM or swap space
#   The process is running with CompressedOops enabled, and the Java Heap may be blocking the growth of the native heap
# Possible solutions:
#   Reduce memory load on the system
#   Increase physical memory or swap space
#   Check if swap backing store is full
#   Decrease Java heap size (-Xmx/-Xms)
#   Decrease number of Java threads
#   Decrease Java thread stack sizes (-Xss)
#   Set larger code cache with -XX:ReservedCodeCacheSize=
#   JVM is running with Unscaled Compressed Oops mode in which the Java heap is
#     placed in the first 4GB address space. The Java Heap base address is the
#     maximum limit for the native heap growth. Please use -XX:HeapBaseMinAddress
#     to set the Java Heap base and to place the Java Heap above 4GB virtual address.
# This output file may be truncated or incomplete.
#
#  Out of Memory Error (arena.cpp:189), pid=22848, tid=28932
#
# JRE version: OpenJDK Runtime Environment Corretto-17.0.6.10.1 (17.0.6+10) (build 17.0.6+10-LTS)
# Java VM: OpenJDK 64-Bit Server VM Corretto-17.0.6.10.1 (17.0.6+10-LTS, mixed mode, sharing, tiered, compressed oops, compressed class ptrs, g1 gc, windows-amd64)
# No core dump will be written. Minidumps are not enabled by default on client versions of Windows
#

---------------  S U M M A R Y ------------

Command Line: -Didea.new.sampling.coverage=true -Djava.awt.headless=true -Dorg.gradle.internal.worker.tmpdir=C:\Users\admin\Desktop\Year 1 Semester 2\Software Design Methodologies\Group Project\ga-23s2\src\BookPlaza\app\build\tmp\testDebugUnitTest\work -Dorg.gradle.native=false -javaagent:C:\Users\admin\AppData\Local\JetBrains\IdeaIC2023.2\testAgent\intellij-coverage-agent-1.0.723.jar=C:\Users\admin\AppData\Local\Temp\coverage8args -Xmx512m -Dfile.encoding=UTF-8 -Duser.country=CA -Duser.language=fr -Duser.variant -ea worker.org.gradle.process.internal.worker.GradleWorkerMain 'Gradle Test Executor 1'

Host: AMD Ryzen 7 5800H with Radeon Graphics         , 16 cores, 15G,  Windows 11 , 64 bit Build 22621 (10.0.22621.2215)
Time: Fri Sep 29 20:03:00 2023 AUS (Est) elapsed time: 0.487062 seconds (0d 0h 0m 0s)

---------------  T H R E A D  ---------------

Current thread (0x0000026182321a00):  JavaThread "C2 CompilerThread2" daemon [_thread_in_native, id=28932, stack(0x0000006b99400000,0x0000006b99500000)]


Current CompileTask:
C2:    487 1060       4       org.jetbrains.coverage.org.objectweb.asm.ClassReader::readCode (5117 bytes)

Stack: [0x0000006b99400000,0x0000006b99500000]
Native frames: (J=compiled Java code, j=interpreted, Vv=VM code, C=native code)
V  [jvm.dll+0x64b39a]
V  [jvm.dll+0x7ff044]
V  [jvm.dll+0x8007fe]
V  [jvm.dll+0x800e53]
V  [jvm.dll+0x235848]
V  [jvm.dll+0xbce6c]
V  [jvm.dll+0xbd44c]
V  [jvm.dll+0x29cc12]
V  [jvm.dll+0x557b28]
V  [jvm.dll+0x21216b]
V  [jvm.dll+0x20b8b0]
V  [jvm.dll+0x209122]
V  [jvm.dll+0x19926d]
V  [jvm.dll+0x2185dd]
V  [jvm.dll+0x216824]
V  [jvm.dll+0x7b77bb]
V  [jvm.dll+0x7b1d6a]
V  [jvm.dll+0x64a265]
C  [ucrtbase.dll+0x29363]
C  [KERNEL32.DLL+0x1257d]
C  [ntdll.dll+0x5aa68]


---------------  P R O C E S S  ---------------

Threads class SMR info:
_java_thread_list=0x000002618246e760, length=17, elements={
0x00000261e5822170, 0x0000026180e84120, 0x0000026180e84f90, 0x0000026180e99640,
0x0000026180e9a1f0, 0x0000026180e9b1b0, 0x0000026180ea3480, 0x0000026180ea6220,
0x0000026180ea6cc0, 0x0000026180ebada0, 0x00000261818eb210, 0x0000026180e6fd20,
0x0000026180e70470, 0x000002618196c6e0, 0x0000026181a59d40, 0x00000261818ecef0,
0x0000026182321a00
}

Java Threads: ( => current thread )
  0x00000261e5822170 JavaThread "main" [_thread_in_Java, id=11496, stack(0x0000006b97d00000,0x0000006b97e00000)]
  0x0000026180e84120 JavaThread "Reference Handler" daemon [_thread_blocked, id=34920, stack(0x0000006b98400000,0x0000006b98500000)]
  0x0000026180e84f90 JavaThread "Finalizer" daemon [_thread_blocked, id=35284, stack(0x0000006b98500000,0x0000006b98600000)]
  0x0000026180e99640 JavaThread "Signal Dispatcher" daemon [_thread_blocked, id=35640, stack(0x0000006b98600000,0x0000006b98700000)]
  0x0000026180e9a1f0 JavaThread "Attach Listener" daemon [_thread_blocked, id=36060, stack(0x0000006b98700000,0x0000006b98800000)]
  0x0000026180e9b1b0 JavaThread "Service Thread" daemon [_thread_blocked, id=36412, stack(0x0000006b98800000,0x0000006b98900000)]
  0x0000026180ea3480 JavaThread "Monitor Deflation Thread" daemon [_thread_blocked, id=36760, stack(0x0000006b98900000,0x0000006b98a00000)]
  0x0000026180ea6220 JavaThread "C2 CompilerThread0" daemon [_thread_in_native, id=37312, stack(0x0000006b98a00000,0x0000006b98b00000)]
  0x0000026180ea6cc0 JavaThread "C1 CompilerThread0" daemon [_thread_blocked, id=37752, stack(0x0000006b98b00000,0x0000006b98c00000)]
  0x0000026180ebada0 JavaThread "Sweeper thread" daemon [_thread_blocked, id=27816, stack(0x0000006b98c00000,0x0000006b98d00000)]
  0x00000261818eb210 JavaThread "Common-Cleaner" daemon [_thread_blocked, id=31424, stack(0x0000006b98d00000,0x0000006b98e00000)]
  0x0000026180e6fd20 JavaThread "C1 CompilerThread1" daemon [_thread_blocked, id=30888, stack(0x0000006b98e00000,0x0000006b98f00000)]
  0x0000026180e70470 JavaThread "C1 CompilerThread2" daemon [_thread_blocked, id=19240, stack(0x0000006b98f00000,0x0000006b99000000)]
  0x000002618196c6e0 JavaThread "C2 CompilerThread1" daemon [_thread_in_native, id=24148, stack(0x0000006b99000000,0x0000006b99100000)]
  0x0000026181a59d40 JavaThread "C1 CompilerThread3" daemon [_thread_blocked, id=25392, stack(0x0000006b99100000,0x0000006b99200000)]
  0x00000261818ecef0 JavaThread "Notification Thread" daemon [_thread_blocked, id=12532, stack(0x0000006b99200000,0x0000006b99300000)]
=>0x0000026182321a00 JavaThread "C2 CompilerThread2" daemon [_thread_in_native, id=28932, stack(0x0000006b99400000,0x0000006b99500000)]

Other Threads:
  0x0000026180e80f20 VMThread "VM Thread" [stack: 0x0000006b98300000,0x0000006b98400000] [id=34004]
  0x0000026181b97080 WatcherThread [stack: 0x0000006b99300000,0x0000006b99400000] [id=11876]
  0x00000261e585d670 GCTaskThread "GC Thread#0" [stack: 0x0000006b97e00000,0x0000006b97f00000] [id=23980]
  0x0000026181af5b20 GCTaskThread "GC Thread#1" [stack: 0x0000006b99500000,0x0000006b99600000] [id=37784]
  0x0000026181af5310 GCTaskThread "GC Thread#2" [stack: 0x0000006b99600000,0x0000006b99700000] [id=28840]
  0x0000026181af6330 GCTaskThread "GC Thread#3" [stack: 0x0000006b99700000,0x0000006b99800000] [id=2036]
  0x0000026181af6890 GCTaskThread "GC Thread#4" [stack: 0x0000006b99800000,0x0000006b99900000] [id=32352]
  0x0000026181af6b40 GCTaskThread "GC Thread#5" [stack: 0x0000006b99900000,0x0000006b99a00000] [id=37712]
  0x0000026181af65e0 GCTaskThread "GC Thread#6" [stack: 0x0000006b99a00000,0x0000006b99b00000] [id=5020]
  0x00000261e585deb0 ConcurrentGCThread "G1 Main Marker" [stack: 0x0000006b97f00000,0x0000006b98000000] [id=25704]
  0x00000261e585ef70 ConcurrentGCThread "G1 Conc#0" [stack: 0x0000006b98000000,0x0000006b98100000] [id=26088]
  0x00000261e58cece0 ConcurrentGCThread "G1 Refine#0" [stack: 0x0000006b98100000,0x0000006b98200000] [id=28528]
  0x0000026180d42ca0 ConcurrentGCThread "G1 Service" [stack: 0x0000006b98200000,0x0000006b98300000] [id=31008]

Threads with active compile tasks:
C2 CompilerThread0      498 1199       4       org.jetbrains.coverage.gnu.trove.TIntHash::insertionIndex (209 bytes)
C2 CompilerThread1      498 1150       4       org.jetbrains.coverage.org.objectweb.asm.Frame::execute (2318 bytes)
C2 CompilerThread2      498 1060       4       org.jetbrains.coverage.org.objectweb.asm.ClassReader::readCode (5117 bytes)

VM state: not at safepoint (normal execution)

VM Mutex/Monitor currently owned by a thread:  ([mutex/lock_event])
[0x00000261e581c9b0] Compile_lock - owner thread: 0x0000000000000000

Heap address: 0x00000000e0000000, size: 512 MB, Compressed Oops mode: 32-bit

CDS archive(s) mapped at: [0x0000000800000000-0x0000000800bc0000-0x0000000800bc0000), size 12320768, SharedBaseAddress: 0x0000000800000000, ArchiveRelocationMode: 0.
Compressed class space mapped at: 0x0000000800c00000-0x0000000840c00000, reserved size: 1073741824
Narrow klass base: 0x0000000800000000, Narrow klass shift: 0, Narrow klass range: 0x100000000

GC Precious Log:
 CPUs: 16 total, 16 available
 Memory: 16236M
 Large Page Support: Disabled
 NUMA Support: Disabled
 Compressed Oops: Enabled (32-bit)
 Heap Region Size: 1M
 Heap Min Capacity: 8M
 Heap Initial Capacity: 254M
 Heap Max Capacity: 512M
 Pre-touch: Disabled
 Parallel Workers: 13
 Concurrent Workers: 3
 Concurrent Refinement Workers: 13
 Periodic GC: Disabled

Heap:
 garbage-first heap   total 260096K, used 11227K [0x00000000e0000000, 0x0000000100000000)
  region size 1024K, 9 young (9216K), 3 survivors (3072K)
 Metaspace       used 4776K, committed 4928K, reserved 1056768K
  class space    used 489K, committed 576K, reserved 1048576K

Heap Regions: E=young(eden), S=young(survivor), O=old, HS=humongous(starts), HC=humongous(continues), CS=collection set, F=free, OA=open archive, CA=closed archive, TAMS=top-at-mark-start (previous, next)
|   0|0x00000000e0000000, 0x00000000e0100000, 0x00000000e0100000|100%| O|  |TAMS 0x00000000e0000000, 0x00000000e0000000| Untracked 
|   1|0x00000000e0100000, 0x00000000e0200000, 0x00000000e0200000|100%| O|  |TAMS 0x00000000e0100000, 0x00000000e0100000| Untracked 
|   2|0x00000000e0200000, 0x00000000e02f6e00, 0x00000000e0300000| 96%| O|  |TAMS 0x00000000e0200000, 0x00000000e0200000| Untracked 
|   3|0x00000000e0300000, 0x00000000e0300000, 0x00000000e0400000|  0%| F|  |TAMS 0x00000000e0300000, 0x00000000e0300000| Untracked 
|   4|0x00000000e0400000, 0x00000000e0400000, 0x00000000e0500000|  0%| F|  |TAMS 0x00000000e0400000, 0x00000000e0400000| Untracked 
|   5|0x00000000e0500000, 0x00000000e0500000, 0x00000000e0600000|  0%| F|  |TAMS 0x00000000e0500000, 0x00000000e0500000| Untracked 
|   6|0x00000000e0600000, 0x00000000e0600000, 0x00000000e0700000|  0%| F|  |TAMS 0x00000000e0600000, 0x00000000e0600000| Untracked 
|   7|0x00000000e0700000, 0x00000000e0700000, 0x00000000e0800000|  0%| F|  |TAMS 0x00000000e0700000, 0x00000000e0700000| Untracked 
|   8|0x00000000e0800000, 0x00000000e0800000, 0x00000000e0900000|  0%| F|  |TAMS 0x00000000e0800000, 0x00000000e0800000| Untracked 
|   9|0x00000000e0900000, 0x00000000e0900000, 0x00000000e0a00000|  0%| F|  |TAMS 0x00000000e0900000, 0x00000000e0900000| Untracked 
|  10|0x00000000e0a00000, 0x00000000e0a00000, 0x00000000e0b00000|  0%| F|  |TAMS 0x00000000e0a00000, 0x00000000e0a00000| Untracked 
|  11|0x00000000e0b00000, 0x00000000e0b00000, 0x00000000e0c00000|  0%| F|  |TAMS 0x00000000e0b00000, 0x00000000e0b00000| Untracked 
|  12|0x00000000e0c00000, 0x00000000e0c00000, 0x00000000e0d00000|  0%| F|  |TAMS 0x00000000e0c00000, 0x00000000e0c00000| Untracked 
|  13|0x00000000e0d00000, 0x00000000e0d00000, 0x00000000e0e00000|  0%| F|  |TAMS 0x00000000e0d00000, 0x00000000e0d00000| Untracked 
|  14|0x00000000e0e00000, 0x00000000e0e00000, 0x00000000e0f00000|  0%| F|  |TAMS 0x00000000e0e00000, 0x00000000e0e00000| Untracked 
|  15|0x00000000e0f00000, 0x00000000e0f00000, 0x00000000e1000000|  0%| F|  |TAMS 0x00000000e0f00000, 0x00000000e0f00000| Untracked 
|  16|0x00000000e1000000, 0x00000000e1000000, 0x00000000e1100000|  0%| F|  |TAMS 0x00000000e1000000, 0x00000000e1000000| Untracked 
|  17|0x00000000e1100000, 0x00000000e1100000, 0x00000000e1200000|  0%| F|  |TAMS 0x00000000e1100000, 0x00000000e1100000| Untracked 
|  18|0x00000000e1200000, 0x00000000e1200000, 0x00000000e1300000|  0%| F|  |TAMS 0x00000000e1200000, 0x00000000e1200000| Untracked 
|  19|0x00000000e1300000, 0x00000000e1300000, 0x00000000e1400000|  0%| F|  |TAMS 0x00000000e1300000, 0x00000000e1300000| Untracked 
|  20|0x00000000e1400000, 0x00000000e1400000, 0x00000000e1500000|  0%| F|  |TAMS 0x00000000e1400000, 0x00000000e1400000| Untracked 
|  21|0x00000000e1500000, 0x00000000e1500000, 0x00000000e1600000|  0%| F|  |TAMS 0x00000000e1500000, 0x00000000e1500000| Untracked 
|  22|0x00000000e1600000, 0x00000000e1600000, 0x00000000e1700000|  0%| F|  |TAMS 0x00000000e1600000, 0x00000000e1600000| Untracked 
|  23|0x00000000e1700000, 0x00000000e1700000, 0x00000000e1800000|  0%| F|  |TAMS 0x00000000e1700000, 0x00000000e1700000| Untracked 
|  24|0x00000000e1800000, 0x00000000e1800000, 0x00000000e1900000|  0%| F|  |TAMS 0x00000000e1800000, 0x00000000e1800000| Untracked 
|  25|0x00000000e1900000, 0x00000000e1900000, 0x00000000e1a00000|  0%| F|  |TAMS 0x00000000e1900000, 0x00000000e1900000| Untracked 
|  26|0x00000000e1a00000, 0x00000000e1a00000, 0x00000000e1b00000|  0%| F|  |TAMS 0x00000000e1a00000, 0x00000000e1a00000| Untracked 
|  27|0x00000000e1b00000, 0x00000000e1b00000, 0x00000000e1c00000|  0%| F|  |TAMS 0x00000000e1b00000, 0x00000000e1b00000| Untracked 
|  28|0x00000000e1c00000, 0x00000000e1c00000, 0x00000000e1d00000|  0%| F|  |TAMS 0x00000000e1c00000, 0x00000000e1c00000| Untracked 
|  29|0x00000000e1d00000, 0x00000000e1d00000, 0x00000000e1e00000|  0%| F|  |TAMS 0x00000000e1d00000, 0x00000000e1d00000| Untracked 
|  30|0x00000000e1e00000, 0x00000000e1e00000, 0x00000000e1f00000|  0%| F|  |TAMS 0x00000000e1e00000, 0x00000000e1e00000| Untracked 
|  31|0x00000000e1f00000, 0x00000000e1f00000, 0x00000000e2000000|  0%| F|  |TAMS 0x00000000e1f00000, 0x00000000e1f00000| Untracked 
|  32|0x00000000e2000000, 0x00000000e2000000, 0x00000000e2100000|  0%| F|  |TAMS 0x00000000e2000000, 0x00000000e2000000| Untracked 
|  33|0x00000000e2100000, 0x00000000e2100000, 0x00000000e2200000|  0%| F|  |TAMS 0x00000000e2100000, 0x00000000e2100000| Untracked 
|  34|0x00000000e2200000, 0x00000000e2200000, 0x00000000e2300000|  0%| F|  |TAMS 0x00000000e2200000, 0x00000000e2200000| Untracked 
|  35|0x00000000e2300000, 0x00000000e2300000, 0x00000000e2400000|  0%| F|  |TAMS 0x00000000e2300000, 0x00000000e2300000| Untracked 
|  36|0x00000000e2400000, 0x00000000e2400000, 0x00000000e2500000|  0%| F|  |TAMS 0x00000000e2400000, 0x00000000e2400000| Untracked 
|  37|0x00000000e2500000, 0x00000000e2500000, 0x00000000e2600000|  0%| F|  |TAMS 0x00000000e2500000, 0x00000000e2500000| Untracked 
|  38|0x00000000e2600000, 0x00000000e2600000, 0x00000000e2700000|  0%| F|  |TAMS 0x00000000e2600000, 0x00000000e2600000| Untracked 
|  39|0x00000000e2700000, 0x00000000e2700000, 0x00000000e2800000|  0%| F|  |TAMS 0x00000000e2700000, 0x00000000e2700000| Untracked 
|  40|0x00000000e2800000, 0x00000000e2800000, 0x00000000e2900000|  0%| F|  |TAMS 0x00000000e2800000, 0x00000000e2800000| Untracked 
|  41|0x00000000e2900000, 0x00000000e2900000, 0x00000000e2a00000|  0%| F|  |TAMS 0x00000000e2900000, 0x00000000e2900000| Untracked 
|  42|0x00000000e2a00000, 0x00000000e2a00000, 0x00000000e2b00000|  0%| F|  |TAMS 0x00000000e2a00000, 0x00000000e2a00000| Untracked 
|  43|0x00000000e2b00000, 0x00000000e2b00000, 0x00000000e2c00000|  0%| F|  |TAMS 0x00000000e2b00000, 0x00000000e2b00000| Untracked 
|  44|0x00000000e2c00000, 0x00000000e2c00000, 0x00000000e2d00000|  0%| F|  |TAMS 0x00000000e2c00000, 0x00000000e2c00000| Untracked 
|  45|0x00000000e2d00000, 0x00000000e2d00000, 0x00000000e2e00000|  0%| F|  |TAMS 0x00000000e2d00000, 0x00000000e2d00000| Untracked 
|  46|0x00000000e2e00000, 0x00000000e2e00000, 0x00000000e2f00000|  0%| F|  |TAMS 0x00000000e2e00000, 0x00000000e2e00000| Untracked 
|  47|0x00000000e2f00000, 0x00000000e2f00000, 0x00000000e3000000|  0%| F|  |TAMS 0x00000000e2f00000, 0x00000000e2f00000| Untracked 
|  48|0x00000000e3000000, 0x00000000e3000000, 0x00000000e3100000|  0%| F|  |TAMS 0x00000000e3000000, 0x00000000e3000000| Untracked 
|  49|0x00000000e3100000, 0x00000000e3100000, 0x00000000e3200000|  0%| F|  |TAMS 0x00000000e3100000, 0x00000000e3100000| Untracked 
|  50|0x00000000e3200000, 0x00000000e3200000, 0x00000000e3300000|  0%| F|  |TAMS 0x00000000e3200000, 0x00000000e3200000| Untracked 
|  51|0x00000000e3300000, 0x00000000e3300000, 0x00000000e3400000|  0%| F|  |TAMS 0x00000000e3300000, 0x00000000e3300000| Untracked 
|  52|0x00000000e3400000, 0x00000000e3400000, 0x00000000e3500000|  0%| F|  |TAMS 0x00000000e3400000, 0x00000000e3400000| Untracked 
|  53|0x00000000e3500000, 0x00000000e3500000, 0x00000000e3600000|  0%| F|  |TAMS 0x00000000e3500000, 0x00000000e3500000| Untracked 
|  54|0x00000000e3600000, 0x00000000e3600000, 0x00000000e3700000|  0%| F|  |TAMS 0x00000000e3600000, 0x00000000e3600000| Untracked 
|  55|0x00000000e3700000, 0x00000000e3700000, 0x00000000e3800000|  0%| F|  |TAMS 0x00000000e3700000, 0x00000000e3700000| Untracked 
|  56|0x00000000e3800000, 0x00000000e3800000, 0x00000000e3900000|  0%| F|  |TAMS 0x00000000e3800000, 0x00000000e3800000| Untracked 
|  57|0x00000000e3900000, 0x00000000e3900000, 0x00000000e3a00000|  0%| F|  |TAMS 0x00000000e3900000, 0x00000000e3900000| Untracked 
|  58|0x00000000e3a00000, 0x00000000e3a00000, 0x00000000e3b00000|  0%| F|  |TAMS 0x00000000e3a00000, 0x00000000e3a00000| Untracked 
|  59|0x00000000e3b00000, 0x00000000e3b00000, 0x00000000e3c00000|  0%| F|  |TAMS 0x00000000e3b00000, 0x00000000e3b00000| Untracked 
|  60|0x00000000e3c00000, 0x00000000e3c00000, 0x00000000e3d00000|  0%| F|  |TAMS 0x00000000e3c00000, 0x00000000e3c00000| Untracked 
|  61|0x00000000e3d00000, 0x00000000e3d00000, 0x00000000e3e00000|  0%| F|  |TAMS 0x00000000e3d00000, 0x00000000e3d00000| Untracked 
|  62|0x00000000e3e00000, 0x00000000e3e00000, 0x00000000e3f00000|  0%| F|  |TAMS 0x00000000e3e00000, 0x00000000e3e00000| Untracked 
|  63|0x00000000e3f00000, 0x00000000e3f00000, 0x00000000e4000000|  0%| F|  |TAMS 0x00000000e3f00000, 0x00000000e3f00000| Untracked 
|  64|0x00000000e4000000, 0x00000000e4000000, 0x00000000e4100000|  0%| F|  |TAMS 0x00000000e4000000, 0x00000000e4000000| Untracked 
|  65|0x00000000e4100000, 0x00000000e4100000, 0x00000000e4200000|  0%| F|  |TAMS 0x00000000e4100000, 0x00000000e4100000| Untracked 
|  66|0x00000000e4200000, 0x00000000e4200000, 0x00000000e4300000|  0%| F|  |TAMS 0x00000000e4200000, 0x00000000e4200000| Untracked 
|  67|0x00000000e4300000, 0x00000000e4300000, 0x00000000e4400000|  0%| F|  |TAMS 0x00000000e4300000, 0x00000000e4300000| Untracked 
|  68|0x00000000e4400000, 0x00000000e4400000, 0x00000000e4500000|  0%| F|  |TAMS 0x00000000e4400000, 0x00000000e4400000| Untracked 
|  69|0x00000000e4500000, 0x00000000e4500000, 0x00000000e4600000|  0%| F|  |TAMS 0x00000000e4500000, 0x00000000e4500000| Untracked 
|  70|0x00000000e4600000, 0x00000000e4600000, 0x00000000e4700000|  0%| F|  |TAMS 0x00000000e4600000, 0x00000000e4600000| Untracked 
|  71|0x00000000e4700000, 0x00000000e4700000, 0x00000000e4800000|  0%| F|  |TAMS 0x00000000e4700000, 0x00000000e4700000| Untracked 
|  72|0x00000000e4800000, 0x00000000e4800000, 0x00000000e4900000|  0%| F|  |TAMS 0x00000000e4800000, 0x00000000e4800000| Untracked 
|  73|0x00000000e4900000, 0x00000000e4900000, 0x00000000e4a00000|  0%| F|  |TAMS 0x00000000e4900000, 0x00000000e4900000| Untracked 
|  74|0x00000000e4a00000, 0x00000000e4a00000, 0x00000000e4b00000|  0%| F|  |TAMS 0x00000000e4a00000, 0x00000000e4a00000| Untracked 
|  75|0x00000000e4b00000, 0x00000000e4b00000, 0x00000000e4c00000|  0%| F|  |TAMS 0x00000000e4b00000, 0x00000000e4b00000| Untracked 
|  76|0x00000000e4c00000, 0x00000000e4c00000, 0x00000000e4d00000|  0%| F|  |TAMS 0x00000000e4c00000, 0x00000000e4c00000| Untracked 
|  77|0x00000000e4d00000, 0x00000000e4d00000, 0x00000000e4e00000|  0%| F|  |TAMS 0x00000000e4d00000, 0x00000000e4d00000| Untracked 
|  78|0x00000000e4e00000, 0x00000000e4e00000, 0x00000000e4f00000|  0%| F|  |TAMS 0x00000000e4e00000, 0x00000000e4e00000| Untracked 
|  79|0x00000000e4f00000, 0x00000000e4f00000, 0x00000000e5000000|  0%| F|  |TAMS 0x00000000e4f00000, 0x00000000e4f00000| Untracked 
|  80|0x00000000e5000000, 0x00000000e5000000, 0x00000000e5100000|  0%| F|  |TAMS 0x00000000e5000000, 0x00000000e5000000| Untracked 
|  81|0x00000000e5100000, 0x00000000e5100000, 0x00000000e5200000|  0%| F|  |TAMS 0x00000000e5100000, 0x00000000e5100000| Untracked 
|  82|0x00000000e5200000, 0x00000000e5200000, 0x00000000e5300000|  0%| F|  |TAMS 0x00000000e5200000, 0x00000000e5200000| Untracked 
|  83|0x00000000e5300000, 0x00000000e5300000, 0x00000000e5400000|  0%| F|  |TAMS 0x00000000e5300000, 0x00000000e5300000| Untracked 
|  84|0x00000000e5400000, 0x00000000e5400000, 0x00000000e5500000|  0%| F|  |TAMS 0x00000000e5400000, 0x00000000e5400000| Untracked 
|  85|0x00000000e5500000, 0x00000000e5500000, 0x00000000e5600000|  0%| F|  |TAMS 0x00000000e5500000, 0x00000000e5500000| Untracked 
|  86|0x00000000e5600000, 0x00000000e5600000, 0x00000000e5700000|  0%| F|  |TAMS 0x00000000e5600000, 0x00000000e5600000| Untracked 
|  87|0x00000000e5700000, 0x00000000e5700000, 0x00000000e5800000|  0%| F|  |TAMS 0x00000000e5700000, 0x00000000e5700000| Untracked 
|  88|0x00000000e5800000, 0x00000000e5800000, 0x00000000e5900000|  0%| F|  |TAMS 0x00000000e5800000, 0x00000000e5800000| Untracked 
|  89|0x00000000e5900000, 0x00000000e5900000, 0x00000000e5a00000|  0%| F|  |TAMS 0x00000000e5900000, 0x00000000e5900000| Untracked 
|  90|0x00000000e5a00000, 0x00000000e5a00000, 0x00000000e5b00000|  0%| F|  |TAMS 0x00000000e5a00000, 0x00000000e5a00000| Untracked 
|  91|0x00000000e5b00000, 0x00000000e5b00000, 0x00000000e5c00000|  0%| F|  |TAMS 0x00000000e5b00000, 0x00000000e5b00000| Untracked 
|  92|0x00000000e5c00000, 0x00000000e5c00000, 0x00000000e5d00000|  0%| F|  |TAMS 0x00000000e5c00000, 0x00000000e5c00000| Untracked 
|  93|0x00000000e5d00000, 0x00000000e5d00000, 0x00000000e5e00000|  0%| F|  |TAMS 0x00000000e5d00000, 0x00000000e5d00000| Untracked 
|  94|0x00000000e5e00000, 0x00000000e5e00000, 0x00000000e5f00000|  0%| F|  |TAMS 0x00000000e5e00000, 0x00000000e5e00000| Untracked 
|  95|0x00000000e5f00000, 0x00000000e5f00000, 0x00000000e6000000|  0%| F|  |TAMS 0x00000000e5f00000, 0x00000000e5f00000| Untracked 
|  96|0x00000000e6000000, 0x00000000e6000000, 0x00000000e6100000|  0%| F|  |TAMS 0x00000000e6000000, 0x00000000e6000000| Untracked 
|  97|0x00000000e6100000, 0x00000000e6100000, 0x00000000e6200000|  0%| F|  |TAMS 0x00000000e6100000, 0x00000000e6100000| Untracked 
|  98|0x00000000e6200000, 0x00000000e6200000, 0x00000000e6300000|  0%| F|  |TAMS 0x00000000e6200000, 0x00000000e6200000| Untracked 
|  99|0x00000000e6300000, 0x00000000e6300000, 0x00000000e6400000|  0%| F|  |TAMS 0x00000000e6300000, 0x00000000e6300000| Untracked 
| 100|0x00000000e6400000, 0x00000000e6400000, 0x00000000e6500000|  0%| F|  |TAMS 0x00000000e6400000, 0x00000000e6400000| Untracked 
| 101|0x00000000e6500000, 0x00000000e6500000, 0x00000000e6600000|  0%| F|  |TAMS 0x00000000e6500000, 0x00000000e6500000| Untracked 
| 102|0x00000000e6600000, 0x00000000e6600000, 0x00000000e6700000|  0%| F|  |TAMS 0x00000000e6600000, 0x00000000e6600000| Untracked 
| 103|0x00000000e6700000, 0x00000000e6700000, 0x00000000e6800000|  0%| F|  |TAMS 0x00000000e6700000, 0x00000000e6700000| Untracked 
| 104|0x00000000e6800000, 0x00000000e6800000, 0x00000000e6900000|  0%| F|  |TAMS 0x00000000e6800000, 0x00000000e6800000| Untracked 
| 105|0x00000000e6900000, 0x00000000e6900000, 0x00000000e6a00000|  0%| F|  |TAMS 0x00000000e6900000, 0x00000000e6900000| Untracked 
| 106|0x00000000e6a00000, 0x00000000e6a00000, 0x00000000e6b00000|  0%| F|  |TAMS 0x00000000e6a00000, 0x00000000e6a00000| Untracked 
| 107|0x00000000e6b00000, 0x00000000e6b00000, 0x00000000e6c00000|  0%| F|  |TAMS 0x00000000e6b00000, 0x00000000e6b00000| Untracked 
| 108|0x00000000e6c00000, 0x00000000e6c00000, 0x00000000e6d00000|  0%| F|  |TAMS 0x00000000e6c00000, 0x00000000e6c00000| Untracked 
| 109|0x00000000e6d00000, 0x00000000e6d00000, 0x00000000e6e00000|  0%| F|  |TAMS 0x00000000e6d00000, 0x00000000e6d00000| Untracked 
| 110|0x00000000e6e00000, 0x00000000e6e00000, 0x00000000e6f00000|  0%| F|  |TAMS 0x00000000e6e00000, 0x00000000e6e00000| Untracked 
| 111|0x00000000e6f00000, 0x00000000e6f00000, 0x00000000e7000000|  0%| F|  |TAMS 0x00000000e6f00000, 0x00000000e6f00000| Untracked 
| 112|0x00000000e7000000, 0x00000000e7000000, 0x00000000e7100000|  0%| F|  |TAMS 0x00000000e7000000, 0x00000000e7000000| Untracked 
| 113|0x00000000e7100000, 0x00000000e7100000, 0x00000000e7200000|  0%| F|  |TAMS 0x00000000e7100000, 0x00000000e7100000| Untracked 
| 114|0x00000000e7200000, 0x00000000e7200000, 0x00000000e7300000|  0%| F|  |TAMS 0x00000000e7200000, 0x00000000e7200000| Untracked 
| 115|0x00000000e7300000, 0x00000000e7300000, 0x00000000e7400000|  0%| F|  |TAMS 0x00000000e7300000, 0x00000000e7300000| Untracked 
| 116|0x00000000e7400000, 0x00000000e7400000, 0x00000000e7500000|  0%| F|  |TAMS 0x00000000e7400000, 0x00000000e7400000| Untracked 
| 117|0x00000000e7500000, 0x00000000e7500000, 0x00000000e7600000|  0%| F|  |TAMS 0x00000000e7500000, 0x00000000e7500000| Untracked 
| 118|0x00000000e7600000, 0x00000000e7600000, 0x00000000e7700000|  0%| F|  |TAMS 0x00000000e7600000, 0x00000000e7600000| Untracked 
| 119|0x00000000e7700000, 0x00000000e7700000, 0x00000000e7800000|  0%| F|  |TAMS 0x00000000e7700000, 0x00000000e7700000| Untracked 
| 120|0x00000000e7800000, 0x00000000e7800000, 0x00000000e7900000|  0%| F|  |TAMS 0x00000000e7800000, 0x00000000e7800000| Untracked 
| 121|0x00000000e7900000, 0x00000000e7900000, 0x00000000e7a00000|  0%| F|  |TAMS 0x00000000e7900000, 0x00000000e7900000| Untracked 
| 122|0x00000000e7a00000, 0x00000000e7a00000, 0x00000000e7b00000|  0%| F|  |TAMS 0x00000000e7a00000, 0x00000000e7a00000| Untracked 
| 123|0x00000000e7b00000, 0x00000000e7b00000, 0x00000000e7c00000|  0%| F|  |TAMS 0x00000000e7b00000, 0x00000000e7b00000| Untracked 
| 124|0x00000000e7c00000, 0x00000000e7c00000, 0x00000000e7d00000|  0%| F|  |TAMS 0x00000000e7c00000, 0x00000000e7c00000| Untracked 
| 125|0x00000000e7d00000, 0x00000000e7d00000, 0x00000000e7e00000|  0%| F|  |TAMS 0x00000000e7d00000, 0x00000000e7d00000| Untracked 
| 126|0x00000000e7e00000, 0x00000000e7e00000, 0x00000000e7f00000|  0%| F|  |TAMS 0x00000000e7e00000, 0x00000000e7e00000| Untracked 
| 127|0x00000000e7f00000, 0x00000000e7f00000, 0x00000000e8000000|  0%| F|  |TAMS 0x00000000e7f00000, 0x00000000e7f00000| Untracked 
| 128|0x00000000e8000000, 0x00000000e8000000, 0x00000000e8100000|  0%| F|  |TAMS 0x00000000e8000000, 0x00000000e8000000| Untracked 
| 129|0x00000000e8100000, 0x00000000e8100000, 0x00000000e8200000|  0%| F|  |TAMS 0x00000000e8100000, 0x00000000e8100000| Untracked 
| 130|0x00000000e8200000, 0x00000000e8200000, 0x00000000e8300000|  0%| F|  |TAMS 0x00000000e8200000, 0x00000000e8200000| Untracked 
| 131|0x00000000e8300000, 0x00000000e8300000, 0x00000000e8400000|  0%| F|  |TAMS 0x00000000e8300000, 0x00000000e8300000| Untracked 
| 132|0x00000000e8400000, 0x00000000e8400000, 0x00000000e8500000|  0%| F|  |TAMS 0x00000000e8400000, 0x00000000e8400000| Untracked 
| 133|0x00000000e8500000, 0x00000000e8500000, 0x00000000e8600000|  0%| F|  |TAMS 0x00000000e8500000, 0x00000000e8500000| Untracked 
| 134|0x00000000e8600000, 0x00000000e8600000, 0x00000000e8700000|  0%| F|  |TAMS 0x00000000e8600000, 0x00000000e8600000| Untracked 
| 135|0x00000000e8700000, 0x00000000e8700000, 0x00000000e8800000|  0%| F|  |TAMS 0x00000000e8700000, 0x00000000e8700000| Untracked 
| 136|0x00000000e8800000, 0x00000000e8800000, 0x00000000e8900000|  0%| F|  |TAMS 0x00000000e8800000, 0x00000000e8800000| Untracked 
| 137|0x00000000e8900000, 0x00000000e8900000, 0x00000000e8a00000|  0%| F|  |TAMS 0x00000000e8900000, 0x00000000e8900000| Untracked 
| 138|0x00000000e8a00000, 0x00000000e8a00000, 0x00000000e8b00000|  0%| F|  |TAMS 0x00000000e8a00000, 0x00000000e8a00000| Untracked 
| 139|0x00000000e8b00000, 0x00000000e8b00000, 0x00000000e8c00000|  0%| F|  |TAMS 0x00000000e8b00000, 0x00000000e8b00000| Untracked 
| 140|0x00000000e8c00000, 0x00000000e8c00000, 0x00000000e8d00000|  0%| F|  |TAMS 0x00000000e8c00000, 0x00000000e8c00000| Untracked 
| 141|0x00000000e8d00000, 0x00000000e8d00000, 0x00000000e8e00000|  0%| F|  |TAMS 0x00000000e8d00000, 0x00000000e8d00000| Untracked 
| 142|0x00000000e8e00000, 0x00000000e8e00000, 0x00000000e8f00000|  0%| F|  |TAMS 0x00000000e8e00000, 0x00000000e8e00000| Untracked 
| 143|0x00000000e8f00000, 0x00000000e8f00000, 0x00000000e9000000|  0%| F|  |TAMS 0x00000000e8f00000, 0x00000000e8f00000| Untracked 
| 144|0x00000000e9000000, 0x00000000e9000000, 0x00000000e9100000|  0%| F|  |TAMS 0x00000000e9000000, 0x00000000e9000000| Untracked 
| 145|0x00000000e9100000, 0x00000000e9100000, 0x00000000e9200000|  0%| F|  |TAMS 0x00000000e9100000, 0x00000000e9100000| Untracked 
| 146|0x00000000e9200000, 0x00000000e9200000, 0x00000000e9300000|  0%| F|  |TAMS 0x00000000e9200000, 0x00000000e9200000| Untracked 
| 147|0x00000000e9300000, 0x00000000e9300000, 0x00000000e9400000|  0%| F|  |TAMS 0x00000000e9300000, 0x00000000e9300000| Untracked 
| 148|0x00000000e9400000, 0x00000000e9400000, 0x00000000e9500000|  0%| F|  |TAMS 0x00000000e9400000, 0x00000000e9400000| Untracked 
| 149|0x00000000e9500000, 0x00000000e9500000, 0x00000000e9600000|  0%| F|  |TAMS 0x00000000e9500000, 0x00000000e9500000| Untracked 
| 150|0x00000000e9600000, 0x00000000e9600000, 0x00000000e9700000|  0%| F|  |TAMS 0x00000000e9600000, 0x00000000e9600000| Untracked 
| 151|0x00000000e9700000, 0x00000000e9700000, 0x00000000e9800000|  0%| F|  |TAMS 0x00000000e9700000, 0x00000000e9700000| Untracked 
| 152|0x00000000e9800000, 0x00000000e9800000, 0x00000000e9900000|  0%| F|  |TAMS 0x00000000e9800000, 0x00000000e9800000| Untracked 
| 153|0x00000000e9900000, 0x00000000e9900000, 0x00000000e9a00000|  0%| F|  |TAMS 0x00000000e9900000, 0x00000000e9900000| Untracked 
| 154|0x00000000e9a00000, 0x00000000e9a00000, 0x00000000e9b00000|  0%| F|  |TAMS 0x00000000e9a00000, 0x00000000e9a00000| Untracked 
| 155|0x00000000e9b00000, 0x00000000e9b00000, 0x00000000e9c00000|  0%| F|  |TAMS 0x00000000e9b00000, 0x00000000e9b00000| Untracked 
| 156|0x00000000e9c00000, 0x00000000e9c00000, 0x00000000e9d00000|  0%| F|  |TAMS 0x00000000e9c00000, 0x00000000e9c00000| Untracked 
| 157|0x00000000e9d00000, 0x00000000e9d00000, 0x00000000e9e00000|  0%| F|  |TAMS 0x00000000e9d00000, 0x00000000e9d00000| Untracked 
| 158|0x00000000e9e00000, 0x00000000e9e00000, 0x00000000e9f00000|  0%| F|  |TAMS 0x00000000e9e00000, 0x00000000e9e00000| Untracked 
| 159|0x00000000e9f00000, 0x00000000e9f00000, 0x00000000ea000000|  0%| F|  |TAMS 0x00000000e9f00000, 0x00000000e9f00000| Untracked 
| 160|0x00000000ea000000, 0x00000000ea000000, 0x00000000ea100000|  0%| F|  |TAMS 0x00000000ea000000, 0x00000000ea000000| Untracked 
| 161|0x00000000ea100000, 0x00000000ea100000, 0x00000000ea200000|  0%| F|  |TAMS 0x00000000ea100000, 0x00000000ea100000| Untracked 
| 162|0x00000000ea200000, 0x00000000ea200000, 0x00000000ea300000|  0%| F|  |TAMS 0x00000000ea200000, 0x00000000ea200000| Untracked 
| 163|0x00000000ea300000, 0x00000000ea300000, 0x00000000ea400000|  0%| F|  |TAMS 0x00000000ea300000, 0x00000000ea300000| Untracked 
| 164|0x00000000ea400000, 0x00000000ea400000, 0x00000000ea500000|  0%| F|  |TAMS 0x00000000ea400000, 0x00000000ea400000| Untracked 
| 165|0x00000000ea500000, 0x00000000ea500000, 0x00000000ea600000|  0%| F|  |TAMS 0x00000000ea500000, 0x00000000ea500000| Untracked 
| 166|0x00000000ea600000, 0x00000000ea600000, 0x00000000ea700000|  0%| F|  |TAMS 0x00000000ea600000, 0x00000000ea600000| Untracked 
| 167|0x00000000ea700000, 0x00000000ea700000, 0x00000000ea800000|  0%| F|  |TAMS 0x00000000ea700000, 0x00000000ea700000| Untracked 
| 168|0x00000000ea800000, 0x00000000ea800000, 0x00000000ea900000|  0%| F|  |TAMS 0x00000000ea800000, 0x00000000ea800000| Untracked 
| 169|0x00000000ea900000, 0x00000000ea900000, 0x00000000eaa00000|  0%| F|  |TAMS 0x00000000ea900000, 0x00000000ea900000| Untracked 
| 170|0x00000000eaa00000, 0x00000000eaa00000, 0x00000000eab00000|  0%| F|  |TAMS 0x00000000eaa00000, 0x00000000eaa00000| Untracked 
| 171|0x00000000eab00000, 0x00000000eab00000, 0x00000000eac00000|  0%| F|  |TAMS 0x00000000eab00000, 0x00000000eab00000| Untracked 
| 172|0x00000000eac00000, 0x00000000eac00000, 0x00000000ead00000|  0%| F|  |TAMS 0x00000000eac00000, 0x00000000eac00000| Untracked 
| 173|0x00000000ead00000, 0x00000000ead00000, 0x00000000eae00000|  0%| F|  |TAMS 0x00000000ead00000, 0x00000000ead00000| Untracked 
| 174|0x00000000eae00000, 0x00000000eae00000, 0x00000000eaf00000|  0%| F|  |TAMS 0x00000000eae00000, 0x00000000eae00000| Untracked 
| 175|0x00000000eaf00000, 0x00000000eaf00000, 0x00000000eb000000|  0%| F|  |TAMS 0x00000000eaf00000, 0x00000000eaf00000| Untracked 
| 176|0x00000000eb000000, 0x00000000eb000000, 0x00000000eb100000|  0%| F|  |TAMS 0x00000000eb000000, 0x00000000eb000000| Untracked 
| 177|0x00000000eb100000, 0x00000000eb100000, 0x00000000eb200000|  0%| F|  |TAMS 0x00000000eb100000, 0x00000000eb100000| Untracked 
| 178|0x00000000eb200000, 0x00000000eb200000, 0x00000000eb300000|  0%| F|  |TAMS 0x00000000eb200000, 0x00000000eb200000| Untracked 
| 179|0x00000000eb300000, 0x00000000eb300000, 0x00000000eb400000|  0%| F|  |TAMS 0x00000000eb300000, 0x00000000eb300000| Untracked 
| 180|0x00000000eb400000, 0x00000000eb400000, 0x00000000eb500000|  0%| F|  |TAMS 0x00000000eb400000, 0x00000000eb400000| Untracked 
| 181|0x00000000eb500000, 0x00000000eb500000, 0x00000000eb600000|  0%| F|  |TAMS 0x00000000eb500000, 0x00000000eb500000| Untracked 
| 182|0x00000000eb600000, 0x00000000eb600000, 0x00000000eb700000|  0%| F|  |TAMS 0x00000000eb600000, 0x00000000eb600000| Untracked 
| 183|0x00000000eb700000, 0x00000000eb700000, 0x00000000eb800000|  0%| F|  |TAMS 0x00000000eb700000, 0x00000000eb700000| Untracked 
| 184|0x00000000eb800000, 0x00000000eb800000, 0x00000000eb900000|  0%| F|  |TAMS 0x00000000eb800000, 0x00000000eb800000| Untracked 
| 185|0x00000000eb900000, 0x00000000eb900000, 0x00000000eba00000|  0%| F|  |TAMS 0x00000000eb900000, 0x00000000eb900000| Untracked 
| 186|0x00000000eba00000, 0x00000000eba00000, 0x00000000ebb00000|  0%| F|  |TAMS 0x00000000eba00000, 0x00000000eba00000| Untracked 
| 187|0x00000000ebb00000, 0x00000000ebb00000, 0x00000000ebc00000|  0%| F|  |TAMS 0x00000000ebb00000, 0x00000000ebb00000| Untracked 
| 188|0x00000000ebc00000, 0x00000000ebc00000, 0x00000000ebd00000|  0%| F|  |TAMS 0x00000000ebc00000, 0x00000000ebc00000| Untracked 
| 189|0x00000000ebd00000, 0x00000000ebd00000, 0x00000000ebe00000|  0%| F|  |TAMS 0x00000000ebd00000, 0x00000000ebd00000| Untracked 
| 190|0x00000000ebe00000, 0x00000000ebe00000, 0x00000000ebf00000|  0%| F|  |TAMS 0x00000000ebe00000, 0x00000000ebe00000| Untracked 
| 191|0x00000000ebf00000, 0x00000000ebf00000, 0x00000000ec000000|  0%| F|  |TAMS 0x00000000ebf00000, 0x00000000ebf00000| Untracked 
| 192|0x00000000ec000000, 0x00000000ec000000, 0x00000000ec100000|  0%| F|  |TAMS 0x00000000ec000000, 0x00000000ec000000| Untracked 
| 193|0x00000000ec100000, 0x00000000ec100000, 0x00000000ec200000|  0%| F|  |TAMS 0x00000000ec100000, 0x00000000ec100000| Untracked 
| 194|0x00000000ec200000, 0x00000000ec200000, 0x00000000ec300000|  0%| F|  |TAMS 0x00000000ec200000, 0x00000000ec200000| Untracked 
| 195|0x00000000ec300000, 0x00000000ec300000, 0x00000000ec400000|  0%| F|  |TAMS 0x00000000ec300000, 0x00000000ec300000| Untracked 
| 196|0x00000000ec400000, 0x00000000ec400000, 0x00000000ec500000|  0%| F|  |TAMS 0x00000000ec400000, 0x00000000ec400000| Untracked 
| 197|0x00000000ec500000, 0x00000000ec500000, 0x00000000ec600000|  0%| F|  |TAMS 0x00000000ec500000, 0x00000000ec500000| Untracked 
| 198|0x00000000ec600000, 0x00000000ec600000, 0x00000000ec700000|  0%| F|  |TAMS 0x00000000ec600000, 0x00000000ec600000| Untracked 
| 199|0x00000000ec700000, 0x00000000ec700000, 0x00000000ec800000|  0%| F|  |TAMS 0x00000000ec700000, 0x00000000ec700000| Untracked 
| 200|0x00000000ec800000, 0x00000000ec800000, 0x00000000ec900000|  0%| F|  |TAMS 0x00000000ec800000, 0x00000000ec800000| Untracked 
| 201|0x00000000ec900000, 0x00000000ec900000, 0x00000000eca00000|  0%| F|  |TAMS 0x00000000ec900000, 0x00000000ec900000| Untracked 
| 202|0x00000000eca00000, 0x00000000eca00000, 0x00000000ecb00000|  0%| F|  |TAMS 0x00000000eca00000, 0x00000000eca00000| Untracked 
| 203|0x00000000ecb00000, 0x00000000ecb00000, 0x00000000ecc00000|  0%| F|  |TAMS 0x00000000ecb00000, 0x00000000ecb00000| Untracked 
| 204|0x00000000ecc00000, 0x00000000ecc00000, 0x00000000ecd00000|  0%| F|  |TAMS 0x00000000ecc00000, 0x00000000ecc00000| Untracked 
| 205|0x00000000ecd00000, 0x00000000ecd00000, 0x00000000ece00000|  0%| F|  |TAMS 0x00000000ecd00000, 0x00000000ecd00000| Untracked 
| 206|0x00000000ece00000, 0x00000000ece00000, 0x00000000ecf00000|  0%| F|  |TAMS 0x00000000ece00000, 0x00000000ece00000| Untracked 
| 207|0x00000000ecf00000, 0x00000000ecf00000, 0x00000000ed000000|  0%| F|  |TAMS 0x00000000ecf00000, 0x00000000ecf00000| Untracked 
| 208|0x00000000ed000000, 0x00000000ed000000, 0x00000000ed100000|  0%| F|  |TAMS 0x00000000ed000000, 0x00000000ed000000| Untracked 
| 209|0x00000000ed100000, 0x00000000ed100000, 0x00000000ed200000|  0%| F|  |TAMS 0x00000000ed100000, 0x00000000ed100000| Untracked 
| 210|0x00000000ed200000, 0x00000000ed200000, 0x00000000ed300000|  0%| F|  |TAMS 0x00000000ed200000, 0x00000000ed200000| Untracked 
| 211|0x00000000ed300000, 0x00000000ed300000, 0x00000000ed400000|  0%| F|  |TAMS 0x00000000ed300000, 0x00000000ed300000| Untracked 
| 212|0x00000000ed400000, 0x00000000ed400000, 0x00000000ed500000|  0%| F|  |TAMS 0x00000000ed400000, 0x00000000ed400000| Untracked 
| 213|0x00000000ed500000, 0x00000000ed500000, 0x00000000ed600000|  0%| F|  |TAMS 0x00000000ed500000, 0x00000000ed500000| Untracked 
| 214|0x00000000ed600000, 0x00000000ed600000, 0x00000000ed700000|  0%| F|  |TAMS 0x00000000ed600000, 0x00000000ed600000| Untracked 
| 215|0x00000000ed700000, 0x00000000ed700000, 0x00000000ed800000|  0%| F|  |TAMS 0x00000000ed700000, 0x00000000ed700000| Untracked 
| 216|0x00000000ed800000, 0x00000000ed800000, 0x00000000ed900000|  0%| F|  |TAMS 0x00000000ed800000, 0x00000000ed800000| Untracked 
| 217|0x00000000ed900000, 0x00000000ed900000, 0x00000000eda00000|  0%| F|  |TAMS 0x00000000ed900000, 0x00000000ed900000| Untracked 
| 218|0x00000000eda00000, 0x00000000eda00000, 0x00000000edb00000|  0%| F|  |TAMS 0x00000000eda00000, 0x00000000eda00000| Untracked 
| 219|0x00000000edb00000, 0x00000000edb00000, 0x00000000edc00000|  0%| F|  |TAMS 0x00000000edb00000, 0x00000000edb00000| Untracked 
| 220|0x00000000edc00000, 0x00000000edc00000, 0x00000000edd00000|  0%| F|  |TAMS 0x00000000edc00000, 0x00000000edc00000| Untracked 
| 221|0x00000000edd00000, 0x00000000edd00000, 0x00000000ede00000|  0%| F|  |TAMS 0x00000000edd00000, 0x00000000edd00000| Untracked 
| 222|0x00000000ede00000, 0x00000000ede00000, 0x00000000edf00000|  0%| F|  |TAMS 0x00000000ede00000, 0x00000000ede00000| Untracked 
| 223|0x00000000edf00000, 0x00000000edf00000, 0x00000000ee000000|  0%| F|  |TAMS 0x00000000edf00000, 0x00000000edf00000| Untracked 
| 224|0x00000000ee000000, 0x00000000ee000000, 0x00000000ee100000|  0%| F|  |TAMS 0x00000000ee000000, 0x00000000ee000000| Untracked 
| 225|0x00000000ee100000, 0x00000000ee100000, 0x00000000ee200000|  0%| F|  |TAMS 0x00000000ee100000, 0x00000000ee100000| Untracked 
| 226|0x00000000ee200000, 0x00000000ee200000, 0x00000000ee300000|  0%| F|  |TAMS 0x00000000ee200000, 0x00000000ee200000| Untracked 
| 227|0x00000000ee300000, 0x00000000ee300000, 0x00000000ee400000|  0%| F|  |TAMS 0x00000000ee300000, 0x00000000ee300000| Untracked 
| 228|0x00000000ee400000, 0x00000000ee500000, 0x00000000ee500000|100%| S|CS|TAMS 0x00000000ee400000, 0x00000000ee400000| Complete 
| 229|0x00000000ee500000, 0x00000000ee600000, 0x00000000ee600000|100%| S|CS|TAMS 0x00000000ee500000, 0x00000000ee500000| Complete 
| 230|0x00000000ee600000, 0x00000000ee700000, 0x00000000ee700000|100%| S|CS|TAMS 0x00000000ee600000, 0x00000000ee600000| Complete 
| 231|0x00000000ee700000, 0x00000000ee700000, 0x00000000ee800000|  0%| F|  |TAMS 0x00000000ee700000, 0x00000000ee700000| Untracked 
| 232|0x00000000ee800000, 0x00000000ee800000, 0x00000000ee900000|  0%| F|  |TAMS 0x00000000ee800000, 0x00000000ee800000| Untracked 
| 233|0x00000000ee900000, 0x00000000ee900000, 0x00000000eea00000|  0%| F|  |TAMS 0x00000000ee900000, 0x00000000ee900000| Untracked 
| 234|0x00000000eea00000, 0x00000000eea00000, 0x00000000eeb00000|  0%| F|  |TAMS 0x00000000eea00000, 0x00000000eea00000| Untracked 
| 235|0x00000000eeb00000, 0x00000000eeb00000, 0x00000000eec00000|  0%| F|  |TAMS 0x00000000eeb00000, 0x00000000eeb00000| Untracked 
| 236|0x00000000eec00000, 0x00000000eec00000, 0x00000000eed00000|  0%| F|  |TAMS 0x00000000eec00000, 0x00000000eec00000| Untracked 
| 237|0x00000000eed00000, 0x00000000eed00000, 0x00000000eee00000|  0%| F|  |TAMS 0x00000000eed00000, 0x00000000eed00000| Untracked 
| 238|0x00000000eee00000, 0x00000000eee00000, 0x00000000eef00000|  0%| F|  |TAMS 0x00000000eee00000, 0x00000000eee00000| Untracked 
| 239|0x00000000eef00000, 0x00000000eef00000, 0x00000000ef000000|  0%| F|  |TAMS 0x00000000eef00000, 0x00000000eef00000| Untracked 
| 240|0x00000000ef000000, 0x00000000ef000000, 0x00000000ef100000|  0%| F|  |TAMS 0x00000000ef000000, 0x00000000ef000000| Untracked 
| 241|0x00000000ef100000, 0x00000000ef100000, 0x00000000ef200000|  0%| F|  |TAMS 0x00000000ef100000, 0x00000000ef100000| Untracked 
| 242|0x00000000ef200000, 0x00000000ef200000, 0x00000000ef300000|  0%| F|  |TAMS 0x00000000ef200000, 0x00000000ef200000| Untracked 
| 243|0x00000000ef300000, 0x00000000ef300000, 0x00000000ef400000|  0%| F|  |TAMS 0x00000000ef300000, 0x00000000ef300000| Untracked 
| 244|0x00000000ef400000, 0x00000000ef400000, 0x00000000ef500000|  0%| F|  |TAMS 0x00000000ef400000, 0x00000000ef400000| Untracked 
| 245|0x00000000ef500000, 0x00000000ef500000, 0x00000000ef600000|  0%| F|  |TAMS 0x00000000ef500000, 0x00000000ef500000| Untracked 
| 246|0x00000000ef600000, 0x00000000ef600000, 0x00000000ef700000|  0%| F|  |TAMS 0x00000000ef600000, 0x00000000ef600000| Untracked 
| 247|0x00000000ef700000, 0x00000000ef780800, 0x00000000ef800000| 50%| E|  |TAMS 0x00000000ef700000, 0x00000000ef700000| Complete 
| 248|0x00000000ef800000, 0x00000000ef900000, 0x00000000ef900000|100%| E|CS|TAMS 0x00000000ef800000, 0x00000000ef800000| Complete 
| 249|0x00000000ef900000, 0x00000000efa00000, 0x00000000efa00000|100%| E|CS|TAMS 0x00000000ef900000, 0x00000000ef900000| Complete 
| 250|0x00000000efa00000, 0x00000000efb00000, 0x00000000efb00000|100%| E|CS|TAMS 0x00000000efa00000, 0x00000000efa00000| Complete 
| 251|0x00000000efb00000, 0x00000000efc00000, 0x00000000efc00000|100%| E|CS|TAMS 0x00000000efb00000, 0x00000000efb00000| Complete 
| 252|0x00000000efc00000, 0x00000000efd00000, 0x00000000efd00000|100%| E|CS|TAMS 0x00000000efc00000, 0x00000000efc00000| Complete 
| 253|0x00000000efd00000, 0x00000000efe00000, 0x00000000efe00000|100%| E|CS|TAMS 0x00000000efd00000, 0x00000000efd00000| Complete 

Card table byte_map: [0x00000261fcc80000,0x00000261fcd80000] _byte_map_base: 0x00000261fc580000

Marking Bits (Prev, Next): (CMBitMap*) 0x00000261e584a3c0, (CMBitMap*) 0x00000261e584a400
 Prev Bits: [0x00000261fce80000, 0x00000261fd680000)
 Next Bits: [0x00000261fd680000, 0x00000261fde80000)

Polling page: 0x00000261e3740000

Metaspace:

Usage:
  Non-class:      4.25 MB used.
      Class:    501.57 KB used.
       Both:      4.74 MB used.

Virtual space:
  Non-class space:        8.00 MB reserved,       4.31 MB ( 54%) committed,  1 nodes.
      Class space:        1.00 GB reserved,     576.00 KB ( <1%) committed,  1 nodes.
             Both:        1.01 GB reserved,       4.88 MB ( <1%) committed. 

Chunk freelists:
   Non-Class:  3.13 MB
       Class:  3.44 MB
        Both:  6.56 MB

MaxMetaspaceSize: unlimited
CompressedClassSpaceSize: 1.00 GB
Initial GC threshold: 21.00 MB
Current GC threshold: 21.00 MB
CDS: on
MetaspaceReclaimPolicy: balanced
 - commit_granule_bytes: 65536.
 - commit_granule_words: 8192.
 - virtual_space_node_default_size: 1048576.
 - enlarge_chunks_in_place: 1.
 - new_chunks_are_fully_committed: 0.
 - uncommit_free_chunks: 1.
 - use_allocation_guard: 0.
 - handle_deallocations: 1.


Internal statistics:

num_allocs_failed_limit: 0.
num_arena_births: 70.
num_arena_deaths: 0.
num_vsnodes_births: 2.
num_vsnodes_deaths: 0.
num_space_committed: 78.
num_space_uncommitted: 0.
num_chunks_returned_to_freelist: 0.
num_chunks_taken_from_freelist: 145.
num_chunk_merges: 0.
num_chunk_splits: 82.
num_chunks_enlarged: 52.
num_purges: 0.
num_inconsistent_stats: 0.

CodeHeap 'non-profiled nmethods': size=119168Kb used=413Kb max_used=413Kb free=118754Kb
 bounds [0x00000261f4ea0000, 0x00000261f5110000, 0x00000261fc300000]
CodeHeap 'profiled nmethods': size=119104Kb used=2775Kb max_used=2775Kb free=116329Kb
 bounds [0x00000261ed300000, 0x00000261ed5c0000, 0x00000261f4750000]
CodeHeap 'non-nmethods': size=7488Kb used=2837Kb max_used=2870Kb free=4650Kb
 bounds [0x00000261f4750000, 0x00000261f4a20000, 0x00000261f4ea0000]
 total_blobs=1758 nmethods=1319 adapters=349
 compilation: enabled
              stopped_count=0, restarted_count=0
 full_count=0

Compilation events (20 events):
Event: 0.472 Thread 0x0000026180e6fd20 1272       3       java.net.URL::<init> (8 bytes)
Event: 0.473 Thread 0x0000026180e6fd20 nmethod 1272 0x00000261ed592090 code [0x00000261ed592240, 0x00000261ed592388]
Event: 0.473 Thread 0x0000026180e70470 1274       3       java.lang.ClassNotFoundException::<init> (7 bytes)
Event: 0.474 Thread 0x0000026180e70470 nmethod 1274 0x00000261ed592410 code [0x00000261ed5925c0, 0x00000261ed5927c8]
Event: 0.475 Thread 0x0000026180e70470 1275       1       com.intellij.rt.coverage.data.ClassData::setFullyAnalysed (6 bytes)
Event: 0.475 Thread 0x0000026180e70470 nmethod 1275 0x00000261f4efd310 code [0x00000261f4efd4a0, 0x00000261f4efd578]
Event: 0.476 Thread 0x0000026180e70470 1276   !   3       java.util.zip.Inflater::needsInput (55 bytes)
Event: 0.477 Thread 0x0000026181a59d40 1277       3       com.intellij.rt.coverage.util.ClassNameUtil::convertToInternalName (9 bytes)
Event: 0.477 Thread 0x0000026180e70470 nmethod 1276 0x00000261ed592910 code [0x00000261ed592ac0, 0x00000261ed592e78]
Event: 0.477 Thread 0x0000026181a59d40 nmethod 1277 0x00000261ed592f90 code [0x00000261ed593120, 0x00000261ed593248]
Event: 0.479 Thread 0x0000026180e70470 1278       3       com.intellij.rt.coverage.instrumentation.CoverageTransformer::createInstrumenter (178 bytes)
Event: 0.479 Thread 0x0000026180e6fd20 1279       3       java.lang.Module::isNamed (13 bytes)
Event: 0.479 Thread 0x0000026180e6fd20 nmethod 1279 0x00000261ed593310 code [0x00000261ed5934a0, 0x00000261ed593618]
Event: 0.479 Thread 0x0000026180e70470 nmethod 1278 0x00000261ed593690 code [0x00000261ed5939a0, 0x00000261ed594e58]
Event: 0.481 Thread 0x0000026180e70470 1282       3       java.util.LinkedList$ListItr::hasNext (20 bytes)
Event: 0.481 Thread 0x0000026180e70470 nmethod 1282 0x00000261ed595510 code [0x00000261ed5956a0, 0x00000261ed595818]
Event: 0.481 Thread 0x0000026180e70470 1283       3       java.util.zip.ZipUtils::CENATX_PERMS (9 bytes)
Event: 0.481 Thread 0x0000026180e70470 nmethod 1283 0x00000261ed595910 code [0x00000261ed595aa0, 0x00000261ed595c58]
Event: 0.482 Thread 0x0000026180e70470 1285       3       jdk.internal.loader.BuiltinClassLoader::findLoadedModule (33 bytes)
Event: 0.483 Thread 0x0000026180e70470 nmethod 1285 0x00000261ed595d90 code [0x00000261ed595fa0, 0x00000261ed5965f8]

GC Heap History (2 events):
Event: 0.441 GC heap before
{Heap before GC invocations=0 (full 0):
 garbage-first heap   total 260096K, used 22528K [0x00000000e0000000, 0x0000000100000000)
  region size 1024K, 23 young (23552K), 0 survivors (0K)
 Metaspace       used 4352K, committed 4480K, reserved 1056768K
  class space    used 435K, committed 512K, reserved 1048576K
}
Event: 0.445 GC heap after
{Heap after GC invocations=1 (full 0):
 garbage-first heap   total 260096K, used 6107K [0x00000000e0000000, 0x0000000100000000)
  region size 1024K, 3 young (3072K), 3 survivors (3072K)
 Metaspace       used 4352K, committed 4480K, reserved 1056768K
  class space    used 435K, committed 512K, reserved 1048576K
}

Dll operation events (9 events):
Event: 0.042 Loaded shared library C:\Users\admin\.jdks\corretto-17.0.6\bin\java.dll
Event: 0.043 Loaded shared library C:\Users\admin\.jdks\corretto-17.0.6\bin\zip.dll
Event: 0.051 Loaded shared library C:\Users\admin\.jdks\corretto-17.0.6\bin\jsvml.dll
Event: 0.130 Loaded shared library C:\Users\admin\.jdks\corretto-17.0.6\bin\instrument.dll
Event: 0.135 Loaded shared library C:\Users\admin\.jdks\corretto-17.0.6\bin\zip.dll
Event: 0.138 Loaded shared library C:\Users\admin\.jdks\corretto-17.0.6\bin\jimage.dll
Event: 0.169 Loaded shared library C:\Users\admin\.jdks\corretto-17.0.6\bin\net.dll
Event: 0.170 Loaded shared library C:\Users\admin\.jdks\corretto-17.0.6\bin\nio.dll
Event: 0.270 Loaded shared library C:\Users\admin\.jdks\corretto-17.0.6\bin\verify.dll

Deoptimization events (20 events):
Event: 0.292 Thread 0x00000261e5822170 Uncommon trap: trap_request=0xffffff45 fr.pc=0x00000261f4ec52b0 relative=0x0000000000000210
Event: 0.292 Thread 0x00000261e5822170 Uncommon trap: reason=unstable_if action=reinterpret pc=0x00000261f4ec52b0 method=org.jetbrains.coverage.org.objectweb.asm.Frame.push(I)V @ 26 c2
Event: 0.292 Thread 0x00000261e5822170 DEOPT PACKING pc=0x00000261f4ec52b0 sp=0x0000006b97dfa8d0
Event: 0.292 Thread 0x00000261e5822170 DEOPT UNPACKING pc=0x00000261f47a69a3 sp=0x0000006b97dfa878 mode 2
Event: 0.331 Thread 0x00000261e5822170 Uncommon trap: trap_request=0xffffff45 fr.pc=0x00000261f4edec40 relative=0x0000000000002a80
Event: 0.331 Thread 0x00000261e5822170 Uncommon trap: reason=unstable_if action=reinterpret pc=0x00000261f4edec40 method=org.jetbrains.coverage.org.objectweb.asm.Frame.execute(IILorg/jetbrains/coverage/org/objectweb/asm/Symbol;Lorg/jetbrains/coverage/org/objectweb/asm/SymbolTable;)V @ 1 c2
Event: 0.331 Thread 0x00000261e5822170 DEOPT PACKING pc=0x00000261f4edec40 sp=0x0000006b97df88d0
Event: 0.331 Thread 0x00000261e5822170 DEOPT UNPACKING pc=0x00000261f47a69a3 sp=0x0000006b97df8868 mode 2
Event: 0.389 Thread 0x00000261e5822170 Uncommon trap: trap_request=0xffffff45 fr.pc=0x00000261f4eb7c8c relative=0x000000000000088c
Event: 0.389 Thread 0x00000261e5822170 Uncommon trap: reason=unstable_if action=reinterpret pc=0x00000261f4eb7c8c method=java.util.HashMap.putVal(ILjava/lang/Object;Ljava/lang/Object;ZZ)Ljava/lang/Object; @ 181 c2
Event: 0.389 Thread 0x00000261e5822170 DEOPT PACKING pc=0x00000261f4eb7c8c sp=0x0000006b97dfe320
Event: 0.389 Thread 0x00000261e5822170 DEOPT UNPACKING pc=0x00000261f47a69a3 sp=0x0000006b97dfe268 mode 2
Event: 0.389 Thread 0x00000261e5822170 Uncommon trap: trap_request=0xffffff45 fr.pc=0x00000261f4eaf778 relative=0x0000000000000898
Event: 0.389 Thread 0x00000261e5822170 Uncommon trap: reason=unstable_if action=reinterpret pc=0x00000261f4eaf778 method=java.util.HashMap.putVal(ILjava/lang/Object;Ljava/lang/Object;ZZ)Ljava/lang/Object; @ 181 c2
Event: 0.389 Thread 0x00000261e5822170 DEOPT PACKING pc=0x00000261f4eaf778 sp=0x0000006b97dfe280
Event: 0.389 Thread 0x00000261e5822170 DEOPT UNPACKING pc=0x00000261f47a69a3 sp=0x0000006b97dfe260 mode 2
Event: 0.448 Thread 0x00000261e5822170 Uncommon trap: trap_request=0xffffff45 fr.pc=0x00000261f4ee5274 relative=0x0000000000000494
Event: 0.448 Thread 0x00000261e5822170 Uncommon trap: reason=unstable_if action=reinterpret pc=0x00000261f4ee5274 method=org.jetbrains.coverage.org.objectweb.asm.MethodWriter.visitVarInsn(II)V @ 230 c2
Event: 0.448 Thread 0x00000261e5822170 DEOPT PACKING pc=0x00000261f4ee5274 sp=0x0000006b97df78d0
Event: 0.448 Thread 0x00000261e5822170 DEOPT UNPACKING pc=0x00000261f47a69a3 sp=0x0000006b97df7878 mode 2

Classes unloaded (0 events):
No events

Classes redefined (0 events):
No events

Internal exceptions (6 events):
Event: 0.229 Thread 0x00000261e5822170 Exception <a 'java/lang/NoSuchMethodError'{0x00000000ef62a750}: 'void java.lang.invoke.DirectMethodHandle$Holder.invokeInterface(java.lang.Object, java.lang.Object, java.lang.Object)'> (0x00000000ef62a750) 
thrown [s\src\hotspot\share\interpreter\linkResolver.cpp, line 759]
Event: 0.365 Thread 0x00000261e5822170 Exception <a 'java/lang/NoSuchMethodError'{0x00000000eec9dd00}: 'java.lang.Object java.lang.invoke.DirectMethodHandle$Holder.invokeStaticInit(java.lang.Object)'> (0x00000000eec9dd00) 
thrown [s\src\hotspot\share\interpreter\linkResolver.cpp, line 759]
Event: 0.381 Thread 0x00000261e5822170 Exception <a 'java/lang/NoSuchMethodError'{0x00000000eebfd810}: static Ljava/lang/Object;.<clinit>()V> (0x00000000eebfd810) 
thrown [s\src\hotspot\share\prims\jni.cpp, line 1107]
Event: 0.398 Thread 0x00000261e5822170 Exception <a 'java/lang/NoSuchMethodError'{0x00000000eeac1578}: static Lorg/gradle/api/internal/tasks/testing/junit/JUnitTestClassProcessorFactory;.<clinit>()V> (0x00000000eeac1578) 
thrown [s\src\hotspot\share\prims\jni.cpp, line 1107]
Event: 0.400 Thread 0x00000261e5822170 Exception <a 'java/lang/NoSuchMethodError'{0x00000000eead5958}: static Lorg/gradle/api/internal/tasks/testing/junit/JUnitSpec;.<clinit>()V> (0x00000000eead5958) 
thrown [s\src\hotspot\share\prims\jni.cpp, line 1107]
Event: 0.402 Thread 0x00000261e5822170 Exception <a 'java/lang/NoSuchMethodError'{0x00000000eeaf6280}: static Lorg/gradle/api/internal/tasks/testing/filter/TestFilterSpec;.<clinit>()V> (0x00000000eeaf6280) 
thrown [s\src\hotspot\share\prims\jni.cpp, line 1107]

VM Operations (16 events):
Event: 0.121 Executing VM operation: HandshakeAllThreads
Event: 0.121 Executing VM operation: HandshakeAllThreads done
Event: 0.171 Executing VM operation: HandshakeAllThreads
Event: 0.171 Executing VM operation: HandshakeAllThreads done
Event: 0.321 Executing VM operation: ICBufferFull
Event: 0.321 Executing VM operation: ICBufferFull done
Event: 0.331 Executing VM operation: HandshakeAllThreads
Event: 0.331 Executing VM operation: HandshakeAllThreads done
Event: 0.334 Executing VM operation: HandshakeAllThreads
Event: 0.334 Executing VM operation: HandshakeAllThreads done
Event: 0.371 Executing VM operation: HandshakeAllThreads
Event: 0.371 Executing VM operation: HandshakeAllThreads done
Event: 0.441 Executing VM operation: G1CollectForAllocation
Event: 0.445 Executing VM operation: G1CollectForAllocation done
Event: 0.449 Executing VM operation: HandshakeAllThreads
Event: 0.449 Executing VM operation: HandshakeAllThreads done

Events (20 events):
Event: 0.481 loading class org/gradle/internal/nativeintegration/services/NativeServices$NativeFeatures$2
Event: 0.481 loading class org/gradle/internal/nativeintegration/services/NativeServices$NativeFeatures$2 done
Event: 0.482 loading class org/gradle/internal/nativeintegration/jansi/JansiBootPathConfigurer
Event: 0.482 loading class org/gradle/internal/nativeintegration/jansi/JansiBootPathConfigurer done
Event: 0.482 loading class org/gradle/internal/nativeintegration/NativeIntegrationException
Event: 0.482 loading class org/gradle/internal/nativeintegration/NativeIntegrationException done
Event: 0.483 loading class org/gradle/internal/nativeintegration/jansi/JansiStorageLocator
Event: 0.483 loading class org/gradle/internal/nativeintegration/jansi/JansiStorageLocator done
Event: 0.483 loading class org/gradle/internal/nativeintegration/jansi/JansiLibraryFactory
Event: 0.483 loading class org/gradle/internal/nativeintegration/jansi/JansiLibraryFactory done
Event: 0.483 loading class org/gradle/internal/nativeintegration/jansi/JansiRuntimeResolver
Event: 0.483 loading class org/gradle/internal/nativeintegration/jansi/JansiRuntimeResolver done
Event: 0.484 loading class org/gradle/internal/nativeintegration/jansi/DefaultJansiRuntimeResolver
Event: 0.484 loading class org/gradle/internal/nativeintegration/jansi/DefaultJansiRuntimeResolver done
Event: 0.484 loading class org/gradle/internal/nativeintegration/filesystem/services/FileSystemServices
Event: 0.484 loading class org/gradle/internal/nativeintegration/filesystem/services/FileSystemServices done
Event: 0.485 loading class org/gradle/internal/nativeintegration/filesystem/Symlink
Event: 0.485 loading class org/gradle/internal/nativeintegration/filesystem/Symlink done
Event: 0.485 loading class org/gradle/internal/nativeintegration/filesystem/FileModeAccessor
Event: 0.485 loading class org/gradle/internal/nativeintegration/filesystem/FileModeAccessor done


Dynamic libraries:
0x00007ff6a2830000 - 0x00007ff6a283d000 	C:\Users\admin\.jdks\corretto-17.0.6\bin\java.exe
0x00007ffce9c70000 - 0x00007ffce9e84000 	C:\WINDOWS\SYSTEM32\ntdll.dll
0x00007ffce8320000 - 0x00007ffce83e4000 	C:\WINDOWS\System32\KERNEL32.DLL
0x00007ffce7110000 - 0x00007ffce74b4000 	C:\WINDOWS\System32\KERNELBASE.dll
0x00007ffce7680000 - 0x00007ffce7791000 	C:\WINDOWS\System32\ucrtbase.dll
0x00007ffcde520000 - 0x00007ffcde535000 	C:\Users\admin\.jdks\corretto-17.0.6\bin\VCRUNTIME140.dll
0x00007ffcde590000 - 0x00007ffcde5a7000 	C:\Users\admin\.jdks\corretto-17.0.6\bin\jli.dll
0x00007ffce80b0000 - 0x00007ffce825e000 	C:\WINDOWS\System32\USER32.dll
0x00007ffcd8960000 - 0x00007ffcd8bf3000 	C:\WINDOWS\WinSxS\amd64_microsoft.windows.common-controls_6595b64144ccf1df_6.0.22621.2215_none_270d72677387dfc3\COMCTL32.dll
0x00007ffce7020000 - 0x00007ffce7046000 	C:\WINDOWS\System32\win32u.dll
0x00007ffce8e70000 - 0x00007ffce8f17000 	C:\WINDOWS\System32\msvcrt.dll
0x00007ffce7b10000 - 0x00007ffce7b39000 	C:\WINDOWS\System32\GDI32.dll
0x00007ffce74c0000 - 0x00007ffce75d8000 	C:\WINDOWS\System32\gdi32full.dll
0x00007ffce75e0000 - 0x00007ffce767a000 	C:\WINDOWS\System32\msvcp_win.dll
0x00007ffce9850000 - 0x00007ffce9881000 	C:\WINDOWS\System32\IMM32.DLL
0x00007ffcb9b90000 - 0x00007ffcb9c2b000 	C:\Users\admin\.jdks\corretto-17.0.6\bin\msvcp140.dll
0x00007ffc88b90000 - 0x00007ffc897a8000 	C:\Users\admin\.jdks\corretto-17.0.6\bin\server\jvm.dll
0x00007ffce7a10000 - 0x00007ffce7ac0000 	C:\WINDOWS\System32\ADVAPI32.dll
0x00007ffce8270000 - 0x00007ffce8316000 	C:\WINDOWS\System32\sechost.dll
0x00007ffce9890000 - 0x00007ffce99a7000 	C:\WINDOWS\System32\RPCRT4.dll
0x00007ffcdaf70000 - 0x00007ffcdaf79000 	C:\WINDOWS\SYSTEM32\WSOCK32.dll
0x00007ffcdf100000 - 0x00007ffcdf10a000 	C:\WINDOWS\SYSTEM32\VERSION.dll
0x00007ffcdf0c0000 - 0x00007ffcdf0f4000 	C:\WINDOWS\SYSTEM32\WINMM.dll
0x00007ffce97d0000 - 0x00007ffce9841000 	C:\WINDOWS\System32\WS2_32.dll
0x00007ffce5fa0000 - 0x00007ffce5fb8000 	C:\WINDOWS\SYSTEM32\kernel.appcore.dll
0x00007ffcde580000 - 0x00007ffcde58a000 	C:\Users\admin\.jdks\corretto-17.0.6\bin\jimage.dll
0x00007ffcd9780000 - 0x00007ffcd99ae000 	C:\WINDOWS\SYSTEM32\DBGHELP.DLL
0x00007ffce7b40000 - 0x00007ffce7eca000 	C:\WINDOWS\System32\combase.dll
0x00007ffce9020000 - 0x00007ffce90f7000 	C:\WINDOWS\System32\OLEAUT32.dll
0x00007ffcccd10000 - 0x00007ffcccd42000 	C:\WINDOWS\SYSTEM32\dbgcore.DLL
0x00007ffce77a0000 - 0x00007ffce781a000 	C:\WINDOWS\System32\bcryptPrimitives.dll
0x00007ffcbfdc0000 - 0x00007ffcbfdce000 	C:\Users\admin\.jdks\corretto-17.0.6\bin\instrument.dll
0x00007ffcb9f40000 - 0x00007ffcb9f65000 	C:\Users\admin\.jdks\corretto-17.0.6\bin\java.dll
0x00007ffcba130000 - 0x00007ffcba148000 	C:\Users\admin\.jdks\corretto-17.0.6\bin\zip.dll
0x00007ffc9eba0000 - 0x00007ffc9ec76000 	C:\Users\admin\.jdks\corretto-17.0.6\bin\jsvml.dll
0x00007ffce83f0000 - 0x00007ffce8c13000 	C:\WINDOWS\System32\SHELL32.dll
0x00007ffce4f60000 - 0x00007ffce584a000 	C:\WINDOWS\SYSTEM32\windows.storage.dll
0x00007ffce4e20000 - 0x00007ffce4f5e000 	C:\WINDOWS\SYSTEM32\wintypes.dll
0x00007ffce9110000 - 0x00007ffce9203000 	C:\WINDOWS\System32\SHCORE.dll
0x00007ffce99d0000 - 0x00007ffce9a2e000 	C:\WINDOWS\System32\shlwapi.dll
0x00007ffce6f50000 - 0x00007ffce6f76000 	C:\WINDOWS\SYSTEM32\profapi.dll
0x00007ffcd9c20000 - 0x00007ffcd9c39000 	C:\Users\admin\.jdks\corretto-17.0.6\bin\net.dll
0x00007ffcdef80000 - 0x00007ffcdf0b7000 	C:\WINDOWS\SYSTEM32\WINHTTP.dll
0x00007ffce64a0000 - 0x00007ffce6509000 	C:\WINDOWS\system32\mswsock.dll
0x00007ffcd96c0000 - 0x00007ffcd96d5000 	C:\Users\admin\.jdks\corretto-17.0.6\bin\nio.dll
0x00007ffcd9bd0000 - 0x00007ffcd9be0000 	C:\Users\admin\.jdks\corretto-17.0.6\bin\verify.dll

dbghelp: loaded successfully - version: 4.0.5 - missing functions: none
symbol engine: initialized successfully - sym options: 0x614 - pdb path: .;C:\Users\admin\.jdks\corretto-17.0.6\bin;C:\WINDOWS\SYSTEM32;C:\WINDOWS\WinSxS\amd64_microsoft.windows.common-controls_6595b64144ccf1df_6.0.22621.2215_none_270d72677387dfc3;C:\Users\admin\.jdks\corretto-17.0.6\bin\server

VM Arguments:
jvm_args: -Didea.new.sampling.coverage=true -Djava.awt.headless=true -Dorg.gradle.internal.worker.tmpdir=C:\Users\admin\Desktop\Year 1 Semester 2\Software Design Methodologies\Group Project\ga-23s2\src\BookPlaza\app\build\tmp\testDebugUnitTest\work -Dorg.gradle.native=false -javaagent:C:\Users\admin\AppData\Local\JetBrains\IdeaIC2023.2\testAgent\intellij-coverage-agent-1.0.723.jar=C:\Users\admin\AppData\Local\Temp\coverage8args -Xmx512m -Dfile.encoding=UTF-8 -Duser.country=CA -Duser.language=fr -Duser.variant -ea 
java_command: worker.org.gradle.process.internal.worker.GradleWorkerMain 'Gradle Test Executor 1'
java_class_path (initial): C:\Users\admin\.gradle\caches\8.0\workerMain\gradle-worker.jar;C:\Users\admin\Desktop\Year 1 Semester 2\Software Design Methodologies\Group Project\ga-23s2\src\BookPlaza\app\build\intermediates\javac\debugUnitTest\classes;C:\Users\admin\Desktop\Year 1 Semester 2\Software Design Methodologies\Group Project\ga-23s2\src\BookPlaza\app\build\intermediates\runtime_app_classes_jar\debug\classes.jar;C:\Users\admin\.gradle\caches\modules-2\files-2.1\junit\junit\4.13.2\8ac9e16d933b6fb43bc7f576336b8f4d7eb5ba12\junit-4.13.2.jar;C:\Users\admin\.gradle\caches\transforms-3\53376a74260ff556c6a5eea22bff1c0f\transformed\material-1.9.0-runtime.jar;C:\Users\admin\.gradle\caches\transforms-3\8f3a9a08f96a4e292d485d73d6250198\transformed\constraintlayout-2.1.4-runtime.jar;C:\Users\admin\.gradle\caches\transforms-3\bddc33e9da5a2d18a56bec2dcaccbc1c\transformed\appcompat-resources-1.6.1-runtime.jar;C:\Users\admin\.gradle\caches\transforms-3\5c158e018821ca7753c1a0a4d432890a\transformed\appcompat-1.6.1-runtime.jar;C:\Users\admin\.gradle\caches\modules-2\files-2.1\org.hamcrest\hamcrest-core\1.3\42a25dc3219429f0e5d060061f71acb49bf010a0\hamcrest-core-1.3.jar;C:\Users\admin\.gradle\caches\transforms-3\59599159dedeb58584e33f0771e50c2e\transformed\viewpager2-1.0.0-runtime.jar;C:\Users\admin\.gradle\caches\transforms-3\8861da9ead75734e899878819706c7de\transformed\fragment-1.3.6-runtime.jar;C:\Users\admin\.gradle\caches\transforms-3\02970eb73165a2dcf99f92faabcab0b3\transformed\activity-1.6.0-runtime.jar;C:\Users\admin\.gradle\caches\transforms-3\fa06ec579f052294fae2ee2a9422d968\transformed\emoji2-views-helper-1.2.0-runtime.jar;C:\Users\admin\.gradle\caches\transforms-3\92e84358479c0bd7ebb4c620a6785a47\transformed\emoji2-1.2.0-runtime.jar;C:\Users\admin\.gradle\caches\transforms-3\17c776f0b6fd472cfba311f51e8be3a5\transformed\drawerlayout-1.1.1-runtime.jar;C:\Users\admin\.gradle\caches\transforms-3\caeacf9ba3ecfadf832da5679c784998\transformed\coordinatorlayout-1.1.0-runtime.
Launcher Type: SUN_STANDARD

[Global flags]
     intx CICompilerCount                          = 12                                        {product} {ergonomic}
     uint ConcGCThreads                            = 3                                         {product} {ergonomic}
     uint G1ConcRefinementThreads                  = 13                                        {product} {ergonomic}
   size_t G1HeapRegionSize                         = 1048576                                   {product} {ergonomic}
    uintx GCDrainStackTargetSize                   = 64                                        {product} {ergonomic}
   size_t InitialHeapSize                          = 266338304                                 {product} {ergonomic}
   size_t MarkStackSize                            = 4194304                                   {product} {ergonomic}
   size_t MaxHeapSize                              = 536870912                                 {product} {command line}
   size_t MaxNewSize                               = 321912832                                 {product} {ergonomic}
   size_t MinHeapDeltaBytes                        = 1048576                                   {product} {ergonomic}
   size_t MinHeapSize                              = 8388608                                   {product} {ergonomic}
    uintx NonNMethodCodeHeapSize                   = 7602480                                {pd product} {ergonomic}
    uintx NonProfiledCodeHeapSize                  = 122027880                              {pd product} {ergonomic}
    uintx ProfiledCodeHeapSize                     = 122027880                              {pd product} {ergonomic}
    uintx ReservedCodeCacheSize                    = 251658240                              {pd product} {ergonomic}
     bool SegmentedCodeCache                       = true                                      {product} {ergonomic}
   size_t SoftMaxHeapSize                          = 536870912                              {manageable} {ergonomic}
     bool UseCompressedClassPointers               = true                           {product lp64_product} {ergonomic}
     bool UseCompressedOops                        = true                           {product lp64_product} {ergonomic}
     bool UseG1GC                                  = true                                      {product} {ergonomic}
     bool UseLargePagesIndividualAllocation        = false                                  {pd product} {ergonomic}

Logging:
Log output configuration:
 #0: stdout all=warning uptime,level,tags
 #1: stderr all=off uptime,level,tags

Environment Variables:
PATH=C:\Program Files\Common Files\Oracle\Java\javapath;C:\Anaconda3;C:\Anaconda3\Library\mingw-w64\bin;C:\Anaconda3\Library\usr\bin;C:\Anaconda3\Library\bin;C:\Anaconda3\Scripts;C:\Program Files\NVIDIA GPU Computing Toolkit\CUDA\v11.2\bin;C:\Program Files\NVIDIA GPU Computing Toolkit\CUDA\v11.2\libnvvp;C:\WINDOWS\system32;C:\WINDOWS;C:\WINDOWS\System32\Wbem;C:\WINDOWS\System32\WindowsPowerShell\v1.0\;C:\WINDOWS\System32\OpenSSH\;C:\Program Files\Wolfram Research\WolframScript\;C:\Program Files\Graphviz\bin;C:\Program Files (x86)\NVIDIA Corporation\PhysX\Common;C:\Program Files\NVIDIA Corporation\NVIDIA NvDLISR;C:\Program Files\NVIDIA Corporation\Nsight Compute 2020.3.1\;C:\tools\cuda\bin;C:\tools\cuda\include;C:\tools\cuda\lib\x64;C:\Users\admin\.dnx\bin;C:\Program Files\Microsoft DNX\Dnvm\;C:\Program Files\Microsoft SQL Server\130\Tools\Binn\;C:\Users\admin\AppData\Local\Android\Sdk\emulator;C:\Program Files\dotnet\;C:\WINDOWS\system32;C:\WINDOWS;C:\WINDOWS\System32\Wbem;C:\WINDOWS\System32\WindowsPowerShell\v1.0\;C:\WINDOWS\System32\OpenSSH\;C:\Program Files\Java\jdk-17\bin;C:\Program Files\Java\jdk-17\lib;C:\Program Files\Java\jdk-17\;C:\Program Files\Java\javafx-sdk-17.0.6;C:\Program Files\Docker\Docker\resources\bin;C:\Program Files\apache-maven-3.9.4\bin;C:\Program Files\MySQL\MySQL Shell 8.0\bin\;C:\Users\admin\AppData\Local\Microsoft\WindowsApps;C:\Program Files\smartmontools\bin;C:\Users\admin\AppData\Local\Programs\Julia-1.7.2\bin;C:\Users\admin\AppData\Local\Programs\Microsoft VS Code\bin;C:\Program Files\JetBrains\IntelliJ IDEA Community Edition 2022.3.2\bin;C:\Users\admin\AppData\Local\gitkraken\bin;C:\FFmpeg\bin;
USERNAME=admin
OS=Windows_NT
PROCESSOR_IDENTIFIER=AMD64 Family 25 Model 80 Stepping 0, AuthenticAMD
TMP=C:\Users\admin\AppData\Local\Temp
TEMP=C:\Users\admin\AppData\Local\Temp



---------------  S Y S T E M  ---------------

OS:
 Windows 11 , 64 bit Build 22621 (10.0.22621.2215)
OS uptime: 1 days 7:59 hours
Hyper-V role detected

CPU: total 16 (initial active 16) (16 cores per cpu, 2 threads per core) family 25 model 80 stepping 0 microcode 0x0, cx8, cmov, fxsr, ht, mmx, 3dnowpref, sse, sse2, sse3, ssse3, sse4a, sse4.1, sse4.2, popcnt, lzcnt, tsc, tscinvbit, avx, avx2, aes, erms, clmul, bmi1, bmi2, adx, sha, fma, vzeroupper, clflush, clflushopt, hv

Memory: 4k page, system-wide physical 16236M (537M free)
TotalPageFile size 32620M (AvailPageFile size 5M)
current process WorkingSet (physical memory assigned to process): 105M, peak: 107M
current process commit charge ("private bytes"): 390M, peak: 394M

vm_info: OpenJDK 64-Bit Server VM (17.0.6+10-LTS) for windows-amd64 JRE (17.0.6+10-LTS), built on Jan 13 2023 22:57:04 by "Administrator" with MS VC++ 15.9 (VS2017)

END.
