#
# There is insufficient memory for the Java Runtime Environment to continue.
# Native memory allocation (mmap) failed to map 4161536 bytes for G1 virtual space
# Possible reasons:
#   The system is out of physical RAM or swap space
#   The process is running with CompressedOops enabled, and the Java Heap may be blocking the growth of the native heap
# Possible solutions:
#   Reduce memory load on the system
#   Increase physical memory or swap space
#   Check if swap backing store is full
#   Decrease Java heap size (-Xmx/-Xms)
#   Decrease number of Java threads
#   Decrease Java thread stack sizes (-Xss)
#   Set larger code cache with -XX:ReservedCodeCacheSize=
#   JVM is running with Unscaled Compressed Oops mode in which the Java heap is
#     placed in the first 4GB address space. The Java Heap base address is the
#     maximum limit for the native heap growth. Please use -XX:HeapBaseMinAddress
#     to set the Java Heap base and to place the Java Heap above 4GB virtual address.
# This output file may be truncated or incomplete.
#
#  Out of Memory Error (os_windows.cpp:3829), pid=1416, tid=29848
#
# JRE version:  (17.0.8+7) (build )
# Java VM: OpenJDK 64-Bit Server VM (17.0.8+7-b1000.22, mixed mode, sharing, tiered, compressed oops, compressed class ptrs, g1 gc, windows-amd64)
# No core dump will be written. Minidumps are not enabled by default on client versions of Windows
#

---------------  S U M M A R Y ------------

Command Line: -Djava.awt.headless=true -Dorg.gradle.internal.worker.tmpdir=C:\Users\admin\Desktop\Year 1 Semester 2\Software Design Methodologies\Group Project\ga-23s2\src\BookPlaza\app\build\tmp\testDebugUnitTest\work -Dorg.gradle.native=false -Xmx512m -Dfile.encoding=UTF-8 -Duser.country=CA -Duser.language=fr -Duser.variant -ea worker.org.gradle.process.internal.worker.GradleWorkerMain 'Gradle Test Executor 40'

Host: AMD Ryzen 7 5800H with Radeon Graphics         , 16 cores, 15G,  Windows 11 , 64 bit Build 22621 (10.0.22621.2428)
Time: Mon Oct 16 04:19:14 2023 AUS (Est) (heure dit Build 22621 (10.0.22621.2428) elapsed time: 0.008467 seconds (0d 0h 0m 0s)

---------------  T H R E A D  ---------------

Current thread (0x000001b3d1f71e10):  JavaThread "Unknown thread" [_thread_in_vm, id=29848, stack(0x0000001490000000,0x0000001490100000)]

Stack: [0x0000001490000000,0x0000001490100000]
Native frames: (J=compiled Java code, j=interpreted, Vv=VM code, C=native code)
V  [jvm.dll+0x6852da]
V  [jvm.dll+0x844c84]
V  [jvm.dll+0x84659e]
V  [jvm.dll+0x846c03]
V  [jvm.dll+0x24b7cf]
V  [jvm.dll+0x682049]
V  [jvm.dll+0x67671a]
V  [jvm.dll+0x30be2b]
V  [jvm.dll+0x3132d6]
V  [jvm.dll+0x363043]
V  [jvm.dll+0x36325f]
V  [jvm.dll+0x2e1f48]
V  [jvm.dll+0x2e2eb4]
V  [jvm.dll+0x815c11]
V  [jvm.dll+0x370df1]
V  [jvm.dll+0x7f4fdc]
V  [jvm.dll+0x3f3f1f]
V  [jvm.dll+0x3f5b31]
C  [jli.dll+0x528f]  JavaMain+0x113  (java.c:413)
C  [ucrtbase.dll+0x29363]
C  [KERNEL32.DLL+0x1257d]
C  [ntdll.dll+0x5aa78]


---------------  P R O C E S S  ---------------

Threads class SMR info:
_java_thread_list=0x00007ffc50750098, length=0, elements={
}

Java Threads: ( => current thread )

Other Threads:
  0x000001b3d1fa7a80 GCTaskThread "GC Thread#0" [stack: 0x0000001490100000,0x0000001490200000] [id=9760]
  0x000001b3d1faa9b0 ConcurrentGCThread "G1 Main Marker" [stack: 0x0000001490200000,0x0000001490300000] [id=5512]
  0x000001b3d1fabb60 ConcurrentGCThread "G1 Conc#0" [stack: 0x0000001490300000,0x0000001490400000] [id=24612]

[error occurred during error reporting (printing all threads), id 0xc0000005, EXCEPTION_ACCESS_VIOLATION (0xc0000005) at pc=0x00007ffc4ff02ab7]

VM state: not at safepoint (not fully initialized)

VM Mutex/Monitor currently owned by a thread:  ([mutex/lock_event])
[0x000001b3d1f6c580] Heap_lock - owner thread: 0x000001b3d1f71e10

Heap address: 0x00000000e0000000, size: 512 MB, Compressed Oops mode: 32-bit

CDS archive(s) mapped at: [0x0000000000000000-0x0000000000000000-0x0000000000000000), size 0, SharedBaseAddress: 0x0000000800000000, ArchiveRelocationMode: 1.
Narrow klass base: 0x0000000000000000, Narrow klass shift: 0, Narrow klass range: 0x0

GC Precious Log:
<Empty>

Heap:
 garbage-first heap   total 0K, used 0K [0x00000000e0000000, 0x0000000100000000)
  region size 1024K, 0 young (0K), 0 survivors (0K)
 Metaspace       used 0K, committed 0K, reserved 0K
  class space    used 0K, committed 0K, reserved 0K

Heap Regions: E=young(eden), S=young(survivor), O=old, HS=humongous(starts), HC=humongous(continues), CS=collection set, F=free, OA=open archive, CA=closed archive, TAMS=top-at-mark-start (previous, next)

Card table byte_map: [0x000001b3e50b0000,0x000001b3e51b0000] _byte_map_base: 0x000001b3e49b0000

Marking Bits (Prev, Next): (CMBitMap*) 0x000001b3d1fa80a0, (CMBitMap*) 0x000001b3d1fa80e0
 Prev Bits: [0x000001b3e52b0000, 0x000001b3e5ab0000)
 Next Bits: [0x000001b3e5ab0000, 0x000001b3e62b0000)

GC Heap History (0 events):
No events

Dll operation events (1 events):
Event: 0.005 Loaded shared library C:\Users\admin\.jdks\jbr-17.0.8\bin\java.dll

Deoptimization events (0 events):
No events

Classes unloaded (0 events):
No events

Classes redefined (0 events):
No events

Internal exceptions (0 events):
No events

VM Operations (0 events):
No events

Events (0 events):
No events


Dynamic libraries:
0x00007ff628ce0000 - 0x00007ff628cea000 	C:\Users\admin\.jdks\jbr-17.0.8\bin\java.exe
0x00007ffc9d210000 - 0x00007ffc9d427000 	C:\WINDOWS\SYSTEM32\ntdll.dll
0x00007ffc9b460000 - 0x00007ffc9b524000 	C:\WINDOWS\System32\KERNEL32.DLL
0x00007ffc9a820000 - 0x00007ffc9abc6000 	C:\WINDOWS\System32\KERNELBASE.dll
0x00007ffc9a700000 - 0x00007ffc9a811000 	C:\WINDOWS\System32\ucrtbase.dll
0x00007ffc7da30000 - 0x00007ffc7da47000 	C:\Users\admin\.jdks\jbr-17.0.8\bin\jli.dll
0x00007ffc7da10000 - 0x00007ffc7da2b000 	C:\Users\admin\.jdks\jbr-17.0.8\bin\VCRUNTIME140.dll
0x00007ffc9ce90000 - 0x00007ffc9d03d000 	C:\WINDOWS\System32\USER32.dll
0x00007ffc9af40000 - 0x00007ffc9af66000 	C:\WINDOWS\System32\win32u.dll
0x00007ffc8c6a0000 - 0x00007ffc8c933000 	C:\WINDOWS\WinSxS\amd64_microsoft.windows.common-controls_6595b64144ccf1df_6.0.22621.2361_none_2712ced57382f843\COMCTL32.dll
0x00007ffc9b190000 - 0x00007ffc9b1b9000 	C:\WINDOWS\System32\GDI32.dll
0x00007ffc9b0e0000 - 0x00007ffc9b187000 	C:\WINDOWS\System32\msvcrt.dll
0x00007ffc9ac70000 - 0x00007ffc9ad88000 	C:\WINDOWS\System32\gdi32full.dll
0x00007ffc9abd0000 - 0x00007ffc9ac6a000 	C:\WINDOWS\System32\msvcp_win.dll
0x00007ffc9c620000 - 0x00007ffc9c651000 	C:\WINDOWS\System32\IMM32.DLL
0x00007ffc7d9d0000 - 0x00007ffc7d9dc000 	C:\Users\admin\.jdks\jbr-17.0.8\bin\vcruntime140_1.dll
0x00007ffc6c9c0000 - 0x00007ffc6ca4d000 	C:\Users\admin\.jdks\jbr-17.0.8\bin\msvcp140.dll
0x00007ffc4fc10000 - 0x00007ffc50893000 	C:\Users\admin\.jdks\jbr-17.0.8\bin\server\jvm.dll
0x00007ffc9c680000 - 0x00007ffc9c730000 	C:\WINDOWS\System32\ADVAPI32.dll
0x00007ffc9d040000 - 0x00007ffc9d0e6000 	C:\WINDOWS\System32\sechost.dll
0x00007ffc9c8d0000 - 0x00007ffc9c9e7000 	C:\WINDOWS\System32\RPCRT4.dll
0x00007ffc7b150000 - 0x00007ffc7b159000 	C:\WINDOWS\SYSTEM32\WSOCK32.dll
0x00007ffc99e50000 - 0x00007ffc99e9d000 	C:\WINDOWS\SYSTEM32\POWRPROF.dll
0x00007ffc92550000 - 0x00007ffc92584000 	C:\WINDOWS\SYSTEM32\WINMM.dll
0x00007ffc935d0000 - 0x00007ffc935da000 	C:\WINDOWS\SYSTEM32\VERSION.dll
0x00007ffc9b210000 - 0x00007ffc9b281000 	C:\WINDOWS\System32\WS2_32.dll
0x00007ffc99de0000 - 0x00007ffc99df3000 	C:\WINDOWS\SYSTEM32\UMPDC.dll
0x00007ffc99530000 - 0x00007ffc99548000 	C:\WINDOWS\SYSTEM32\kernel.appcore.dll
0x00007ffc7d820000 - 0x00007ffc7d82a000 	C:\Users\admin\.jdks\jbr-17.0.8\bin\jimage.dll
0x00007ffc8d630000 - 0x00007ffc8d85e000 	C:\WINDOWS\SYSTEM32\DBGHELP.DLL
0x00007ffc9c9f0000 - 0x00007ffc9cd7a000 	C:\WINDOWS\System32\combase.dll
0x00007ffc9d0f0000 - 0x00007ffc9d1c7000 	C:\WINDOWS\System32\OLEAUT32.dll
0x00007ffc82910000 - 0x00007ffc82942000 	C:\WINDOWS\SYSTEM32\dbgcore.DLL
0x00007ffc9ad90000 - 0x00007ffc9ae0a000 	C:\WINDOWS\System32\bcryptPrimitives.dll
0x00007ffc7b1b0000 - 0x00007ffc7b1d5000 	C:\Users\admin\.jdks\jbr-17.0.8\bin\java.dll

dbghelp: loaded successfully - version: 4.0.5 - missing functions: none
symbol engine: initialized successfully - sym options: 0x614 - pdb path: .;C:\Users\admin\.jdks\jbr-17.0.8\bin;C:\WINDOWS\SYSTEM32;C:\WINDOWS\WinSxS\amd64_microsoft.windows.common-controls_6595b64144ccf1df_6.0.22621.2361_none_2712ced57382f843;C:\Users\admin\.jdks\jbr-17.0.8\bin\server

VM Arguments:
jvm_args: -Djava.awt.headless=true -Dorg.gradle.internal.worker.tmpdir=C:\Users\admin\Desktop\Year 1 Semester 2\Software Design Methodologies\Group Project\ga-23s2\src\BookPlaza\app\build\tmp\testDebugUnitTest\work -Dorg.gradle.native=false -Xmx512m -Dfile.encoding=UTF-8 -Duser.country=CA -Duser.language=fr -Duser.variant -ea 
java_command: worker.org.gradle.process.internal.worker.GradleWorkerMain 'Gradle Test Executor 40'
java_class_path (initial): C:\Users\admin\.gradle\caches\8.0\workerMain\gradle-worker.jar;C:\Users\admin\Desktop\Year 1 Semester 2\Software Design Methodologies\Group Project\ga-23s2\src\BookPlaza\app\build\intermediates\javac\debugUnitTest\classes;C:\Users\admin\Desktop\Year 1 Semester 2\Software Design Methodologies\Group Project\ga-23s2\src\BookPlaza\app\build\intermediates\runtime_app_classes_jar\debug\classes.jar;C:\Users\admin\.gradle\caches\modules-2\files-2.1\junit\junit\4.13.2\8ac9e16d933b6fb43bc7f576336b8f4d7eb5ba12\junit-4.13.2.jar;C:\Users\admin\.gradle\caches\modules-2\files-2.1\org.junit.jupiter\junit-jupiter-params\5.8.1\13afdb5d414cbe991fce3ef6b864de77c9644dae\junit-jupiter-params-5.8.1.jar;C:\Users\admin\.gradle\caches\modules-2\files-2.1\org.junit.jupiter\junit-jupiter-engine\5.8.1\21b86e08aae2720bbf017703669948be96d1388c\junit-jupiter-engine-5.8.1.jar;C:\Users\admin\.gradle\caches\modules-2\files-2.1\org.junit.jupiter\junit-jupiter-api\5.8.1\6538b88eb8bf8811bc7b6efb5246f835c15e0bfe\junit-jupiter-api-5.8.1.jar;C:\Users\admin\.gradle\caches\modules-2\files-2.1\org.junit.platform\junit-platform-engine\1.8.1\e6c63bf990dc88a6527b4ed617b23e47048f07e0\junit-platform-engine-1.8.1.jar;C:\Users\admin\.gradle\caches\modules-2\files-2.1\org.junit.platform\junit-platform-commons\1.8.1\1e362cbe6d0f225b066757865e233972557484\junit-platform-commons-1.8.1.jar;C:\Users\admin\.gradle\caches\modules-2\files-2.1\org.junit.jupiter\junit-jupiter\5.8.1\73a218cf02d36d4e87bb9697fdbe0780e92b6bd3\junit-jupiter-5.8.1.jar;C:\Users\admin\.gradle\caches\transforms-3\53376a74260ff556c6a5eea22bff1c0f\transformed\material-1.9.0-runtime.jar;C:\Users\admin\.gradle\caches\transforms-3\8f3a9a08f96a4e292d485d73d6250198\transformed\constraintlayout-2.1.4-runtime.jar;C:\Users\admin\.gradle\caches\transforms-3\bddc33e9da5a2d18a56bec2dcaccbc1c\transformed\appcompat-resources-1.6.1-runtime.jar;C:\Users\admin\.gradle\caches\transforms-3\5c158e018821ca7753c1a0a4d432890a\transformed\appcompat
Launcher Type: SUN_STANDARD

[Global flags]
     intx CICompilerCount                          = 12                                        {product} {ergonomic}
     uint ConcGCThreads                            = 3                                         {product} {ergonomic}
     uint G1ConcRefinementThreads                  = 13                                        {product} {ergonomic}
   size_t G1HeapRegionSize                         = 1048576                                   {product} {ergonomic}
    uintx GCDrainStackTargetSize                   = 64                                        {product} {ergonomic}
   size_t InitialHeapSize                          = 266338304                                 {product} {ergonomic}
   size_t MarkStackSize                            = 4194304                                   {product} {ergonomic}
   size_t MaxHeapSize                              = 536870912                                 {product} {command line}
   size_t MinHeapDeltaBytes                        = 1048576                                   {product} {ergonomic}
   size_t MinHeapSize                              = 8388608                                   {product} {ergonomic}
    uintx NonNMethodCodeHeapSize                   = 7602480                                {pd product} {ergonomic}
    uintx NonProfiledCodeHeapSize                  = 122027880                              {pd product} {ergonomic}
    uintx ProfiledCodeHeapSize                     = 122027880                              {pd product} {ergonomic}
    uintx ReservedCodeCacheSize                    = 251658240                              {pd product} {ergonomic}
     bool SegmentedCodeCache                       = true                                      {product} {ergonomic}
   size_t SoftMaxHeapSize                          = 536870912                              {manageable} {ergonomic}
     bool UseCompressedClassPointers               = true                           {product lp64_product} {ergonomic}
     bool UseCompressedOops                        = true                           {product lp64_product} {ergonomic}
     bool UseG1GC                                  = true                                      {product} {ergonomic}
     bool UseLargePagesIndividualAllocation        = false                                  {pd product} {ergonomic}

Logging:
Log output configuration:
 #0: stdout all=warning uptime,level,tags
 #1: stderr all=off uptime,level,tags

Environment Variables:
PATH=C:\Program Files\Common Files\Oracle\Java\javapath;C:\Anaconda3;C:\Anaconda3\Library\mingw-w64\bin;C:\Anaconda3\Library\usr\bin;C:\Anaconda3\Library\bin;C:\Anaconda3\Scripts;C:\Program Files\NVIDIA GPU Computing Toolkit\CUDA\v11.2\bin;C:\Program Files\NVIDIA GPU Computing Toolkit\CUDA\v11.2\libnvvp;C:\WINDOWS\system32;C:\WINDOWS;C:\WINDOWS\System32\Wbem;C:\WINDOWS\System32\WindowsPowerShell\v1.0\;C:\WINDOWS\System32\OpenSSH\;C:\Program Files\Wolfram Research\WolframScript\;C:\Program Files\Graphviz\bin;C:\Program Files (x86)\NVIDIA Corporation\PhysX\Common;C:\Program Files\NVIDIA Corporation\NVIDIA NvDLISR;C:\Program Files\NVIDIA Corporation\Nsight Compute 2020.3.1\;C:\tools\cuda\bin;C:\tools\cuda\include;C:\tools\cuda\lib\x64;C:\WINDOWS\system32\config\systemprofile\.dnx\bin;C:\Program Files\Microsoft DNX\Dnvm\;C:\Program Files\Microsoft SQL Server\130\Tools\Binn\;C:\Users\admin\AppData\Local\Android\Sdk\emulator;C:\Program Files\dotnet\;C:\WINDOWS\system32;C:\WINDOWS;C:\WINDOWS\System32\Wbem;C:\WINDOWS\System32\WindowsPowerShell\v1.0\;C:\WINDOWS\System32\OpenSSH\;C:\Program Files\Java\jdk-17\bin;C:\Program Files\Java\jdk-17\lib;C:\Program Files\Java\jdk-17\;C:\Program Files\Java\javafx-sdk-17.0.6;C:\Program Files\Docker\Docker\resources\bin;C:\Program Files\apache-maven-3.9.4\bin;C:\Program Files\MySQL\MySQL Shell 8.0\bin\;C:\Users\admin\AppData\Local\Microsoft\WindowsApps;C:\Program Files\smartmontools\bin;C:\Users\admin\AppData\Local\Programs\Julia-1.7.2\bin;C:\Users\admin\AppData\Local\Programs\Microsoft VS Code\bin;C:\Program Files\JetBrains\IntelliJ IDEA Community Edition 2022.3.2\bin;C:\Users\admin\AppData\Local\gitkraken\bin;C:\FFmpeg\bin;
USERNAME=admin
OS=Windows_NT
PROCESSOR_IDENTIFIER=AMD64 Family 25 Model 80 Stepping 0, AuthenticAMD
TMP=C:\Users\admin\AppData\Local\Temp
TEMP=C:\Users\admin\AppData\Local\Temp


JNI global refs:
JNI global refs: 0, weak refs: 0

JNI global refs memory usage: 0, weak refs: 0

OOME stack traces (most recent first):
Classloader memory used:


---------------  S Y S T E M  ---------------

OS:
 Windows 11 , 64 bit Build 22621 (10.0.22621.2428)
OS uptime: 3 days 11:13 hours
Hyper-V role detected

CPU: total 16 (initial active 16) (16 cores per cpu, 2 threads per core) family 25 model 80 stepping 0 microcode 0x0, cx8, cmov, fxsr, ht, mmx, 3dnowpref, sse, sse2, sse3, ssse3, sse4a, sse4.1, sse4.2, popcnt, lzcnt, tsc, tscinvbit, avx, avx2, aes, erms, clmul, bmi1, bmi2, adx, sha, fma, vzeroupper, clflush, clflushopt, hv
Processor Information for processor 0
  Max Mhz: 3201, Current Mhz: 3201, Mhz Limit: 3201
Processor Information for processor 1
  Max Mhz: 3201, Current Mhz: 3201, Mhz Limit: 3201
Processor Information for processor 2
  Max Mhz: 3201, Current Mhz: 3201, Mhz Limit: 3201
Processor Information for processor 3
  Max Mhz: 3201, Current Mhz: 3201, Mhz Limit: 3201
Processor Information for processor 4
  Max Mhz: 3201, Current Mhz: 3201, Mhz Limit: 3201
Processor Information for processor 5
  Max Mhz: 3201, Current Mhz: 3201, Mhz Limit: 3201
Processor Information for processor 6
  Max Mhz: 3201, Current Mhz: 3201, Mhz Limit: 3201
Processor Information for processor 7
  Max Mhz: 3201, Current Mhz: 2555, Mhz Limit: 3201
Processor Information for processor 8
  Max Mhz: 3201, Current Mhz: 3201, Mhz Limit: 3201
Processor Information for processor 9
  Max Mhz: 3201, Current Mhz: 3201, Mhz Limit: 3201
Processor Information for processor 10
  Max Mhz: 3201, Current Mhz: 3201, Mhz Limit: 3201
Processor Information for processor 11
  Max Mhz: 3201, Current Mhz: 2555, Mhz Limit: 3201
Processor Information for processor 12
  Max Mhz: 3201, Current Mhz: 3201, Mhz Limit: 3201
Processor Information for processor 13
  Max Mhz: 3201, Current Mhz: 3201, Mhz Limit: 3201
Processor Information for processor 14
  Max Mhz: 3201, Current Mhz: 3201, Mhz Limit: 3201
Processor Information for processor 15
  Max Mhz: 3201, Current Mhz: 3201, Mhz Limit: 3201

Memory: 4k page, system-wide physical 16236M (1566M free)
TotalPageFile size 32620M (AvailPageFile size 4M)
current process WorkingSet (physical memory assigned to process): 21M, peak: 21M
current process commit charge ("private bytes"): 333M, peak: 335M

vm_info: OpenJDK 64-Bit Server VM (17.0.8+7-b1000.22) for windows-amd64 JRE (17.0.8+7-b1000.22), built on 2023-09-02 by "builduser" with MS VC++ 16.10 / 16.11 (VS2019)

END.
